<?xml version="1.0" encoding="UTF-8"?>
<coverage generated="1468230944455" clover="3.2.0">
  <project timestamp="1468230944455" name="All files">
    <metrics statements="4624" coveredstatements="2641" conditionals="3166" coveredconditionals="1451" methods="1207" coveredmethods="737" elements="8997" coveredelements="4829" complexity="0" loc="4624" ncloc="4624" packages="6" files="35" classes="35">
      <package name="src">
        <metrics statements="2515" coveredstatements="1363" conditionals="1651" coveredconditionals="704" methods="580" coveredmethods="332"/>
        <file name="acl.js" path="/now/mandala-js/src/acl.js">
          <metrics statements="81" coveredstatements="18" conditionals="78" coveredconditionals="16" methods="25" coveredmethods="7"/>
          <line num="3" count="1" type="stmt"/>
          <line num="6" count="1" type="stmt"/>
          <line num="8" count="18" type="cond" truecount="6" falsecount="2"/>
          <line num="10" count="1" type="stmt"/>
          <line num="12" count="1" type="stmt"/>
          <line num="14" count="1" type="stmt"/>
          <line num="16" count="1" type="stmt"/>
          <line num="18" count="1" type="stmt"/>
          <line num="20" count="2" type="cond" truecount="3" falsecount="1"/>
          <line num="22" count="2" type="cond" truecount="1" falsecount="1"/>
          <line num="24" count="1" type="cond" truecount="2" falsecount="0"/>
          <line num="34" count="1" type="stmt"/>
          <line num="36" count="2" type="cond" truecount="3" falsecount="1"/>
          <line num="38" count="2" type="stmt"/>
          <line num="40" count="2" type="cond" truecount="1" falsecount="1"/>
          <line num="41" count="0" type="stmt"/>
          <line num="50" count="2" type="stmt"/>
          <line num="53" count="1" type="stmt"/>
          <line num="56" count="0" type="cond" truecount="0" falsecount="2"/>
          <line num="58" count="0" type="cond" truecount="0" falsecount="2"/>
          <line num="59" count="0" type="stmt"/>
          <line num="62" count="0" type="stmt"/>
          <line num="63" count="0" type="stmt"/>
          <line num="68" count="0" type="cond" truecount="0" falsecount="2"/>
          <line num="69" count="0" type="cond" truecount="0" falsecount="2"/>
          <line num="71" count="0" type="cond" truecount="0" falsecount="2"/>
          <line num="72" count="0" type="stmt"/>
          <line num="75" count="0" type="stmt"/>
          <line num="76" count="0" type="stmt"/>
          <line num="77" count="0" type="stmt"/>
          <line num="82" count="0" type="cond" truecount="0" falsecount="2"/>
          <line num="84" count="0" type="cond" truecount="0" falsecount="2"/>
          <line num="85" count="0" type="stmt"/>
          <line num="88" count="0" type="stmt"/>
          <line num="89" count="0" type="stmt"/>
          <line num="94" count="0" type="cond" truecount="0" falsecount="2"/>
          <line num="95" count="0" type="cond" truecount="0" falsecount="2"/>
          <line num="97" count="0" type="cond" truecount="0" falsecount="2"/>
          <line num="98" count="0" type="stmt"/>
          <line num="101" count="0" type="stmt"/>
          <line num="102" count="0" type="stmt"/>
          <line num="103" count="0" type="stmt"/>
          <line num="108" count="0" type="cond" truecount="0" falsecount="2"/>
          <line num="113" count="0" type="cond" truecount="0" falsecount="2"/>
          <line num="118" count="0" type="cond" truecount="0" falsecount="2"/>
          <line num="119" count="0" type="stmt"/>
          <line num="121" count="0" type="cond" truecount="0" falsecount="2"/>
          <line num="122" count="0" type="stmt"/>
          <line num="125" count="0" type="stmt"/>
          <line num="126" count="0" type="stmt"/>
          <line num="131" count="0" type="cond" truecount="0" falsecount="2"/>
          <line num="132" count="0" type="cond" truecount="0" falsecount="2"/>
          <line num="133" count="0" type="stmt"/>
          <line num="135" count="0" type="cond" truecount="0" falsecount="2"/>
          <line num="136" count="0" type="stmt"/>
          <line num="139" count="0" type="stmt"/>
          <line num="140" count="0" type="stmt"/>
          <line num="141" count="0" type="stmt"/>
          <line num="146" count="0" type="cond" truecount="0" falsecount="2"/>
          <line num="147" count="0" type="stmt"/>
          <line num="149" count="0" type="cond" truecount="0" falsecount="2"/>
          <line num="150" count="0" type="stmt"/>
          <line num="153" count="0" type="stmt"/>
          <line num="154" count="0" type="stmt"/>
          <line num="159" count="0" type="cond" truecount="0" falsecount="2"/>
          <line num="160" count="0" type="cond" truecount="0" falsecount="2"/>
          <line num="161" count="0" type="stmt"/>
          <line num="163" count="0" type="cond" truecount="0" falsecount="2"/>
          <line num="164" count="0" type="stmt"/>
          <line num="167" count="0" type="stmt"/>
          <line num="168" count="0" type="stmt"/>
          <line num="169" count="0" type="stmt"/>
          <line num="174" count="0" type="stmt"/>
          <line num="179" count="0" type="stmt"/>
          <line num="184" count="0" type="cond" truecount="0" falsecount="2"/>
          <line num="189" count="0" type="cond" truecount="0" falsecount="2"/>
          <line num="194" count="0" type="cond" truecount="0" falsecount="2"/>
          <line num="199" count="0" type="cond" truecount="0" falsecount="2"/>
          <line num="204" count="0" type="cond" truecount="0" falsecount="2"/>
          <line num="209" count="0" type="cond" truecount="0" falsecount="2"/>
          <line num="213" count="1" type="stmt"/>
        </file>
        <file name="aggregation.js" path="/now/mandala-js/src/aggregation.js">
          <metrics statements="108" coveredstatements="21" conditionals="58" coveredconditionals="9" methods="31" coveredmethods="5"/>
          <line num="3" count="1" type="stmt"/>
          <line num="6" count="1" type="stmt"/>
          <line num="8" count="11" type="cond" truecount="6" falsecount="2"/>
          <line num="10" count="1" type="stmt"/>
          <line num="12" count="1" type="stmt"/>
          <line num="14" count="1" type="stmt"/>
          <line num="16" count="1" type="stmt"/>
          <line num="18" count="1" type="stmt"/>
          <line num="20" count="1" type="stmt"/>
          <line num="22" count="1" type="stmt"/>
          <line num="24" count="1" type="stmt"/>
          <line num="26" count="1" type="stmt"/>
          <line num="28" count="1" type="stmt"/>
          <line num="30" count="1" type="stmt"/>
          <line num="32" count="1" type="stmt"/>
          <line num="34" count="1" type="stmt"/>
          <line num="36" count="1" type="stmt"/>
          <line num="38" count="6" type="cond" truecount="3" falsecount="1"/>
          <line num="40" count="0" type="cond" truecount="0" falsecount="2"/>
          <line num="42" count="1" type="stmt"/>
          <line num="44" count="0" type="stmt"/>
          <line num="46" count="0" type="stmt"/>
          <line num="53" count="0" type="stmt"/>
          <line num="54" count="0" type="stmt"/>
          <line num="55" count="0" type="stmt"/>
          <line num="56" count="0" type="stmt"/>
          <line num="59" count="1" type="stmt"/>
          <line num="62" count="0" type="stmt"/>
          <line num="63" count="0" type="stmt"/>
          <line num="68" count="0" type="cond" truecount="0" falsecount="4"/>
          <line num="70" count="0" type="stmt"/>
          <line num="71" count="0" type="stmt"/>
          <line num="72" count="0" type="stmt"/>
          <line num="73" count="0" type="stmt"/>
          <line num="74" count="0" type="stmt"/>
          <line num="76" count="0" type="cond" truecount="0" falsecount="2"/>
          <line num="77" count="0" type="stmt"/>
          <line num="80" count="0" type="stmt"/>
          <line num="81" count="0" type="stmt"/>
          <line num="82" count="0" type="stmt"/>
          <line num="84" count="0" type="stmt"/>
          <line num="85" count="0" type="stmt"/>
          <line num="88" count="0" type="stmt"/>
          <line num="89" count="0" type="cond" truecount="0" falsecount="2"/>
          <line num="90" count="0" type="stmt"/>
          <line num="91" count="0" type="stmt"/>
          <line num="93" count="0" type="stmt"/>
          <line num="94" count="0" type="stmt"/>
          <line num="98" count="0" type="stmt"/>
          <line num="101" count="0" type="stmt"/>
          <line num="102" count="0" type="stmt"/>
          <line num="103" count="0" type="stmt"/>
          <line num="106" count="0" type="stmt"/>
          <line num="111" count="0" type="stmt"/>
          <line num="119" count="0" type="stmt"/>
          <line num="124" count="0" type="stmt"/>
          <line num="127" count="0" type="cond" truecount="0" falsecount="2"/>
          <line num="128" count="0" type="stmt"/>
          <line num="131" count="0" type="stmt"/>
          <line num="136" count="0" type="stmt"/>
          <line num="139" count="0" type="cond" truecount="0" falsecount="4"/>
          <line num="140" count="0" type="stmt"/>
          <line num="143" count="0" type="stmt"/>
          <line num="148" count="0" type="stmt"/>
          <line num="151" count="0" type="cond" truecount="0" falsecount="2"/>
          <line num="152" count="0" type="stmt"/>
          <line num="155" count="0" type="cond" truecount="0" falsecount="2"/>
          <line num="156" count="0" type="stmt"/>
          <line num="159" count="0" type="stmt"/>
          <line num="164" count="0" type="cond" truecount="0" falsecount="4"/>
          <line num="166" count="0" type="stmt"/>
          <line num="168" count="0" type="cond" truecount="0" falsecount="2"/>
          <line num="169" count="0" type="stmt"/>
          <line num="172" count="0" type="stmt"/>
          <line num="173" count="0" type="stmt"/>
          <line num="174" count="0" type="stmt"/>
          <line num="175" count="0" type="stmt"/>
          <line num="177" count="0" type="stmt"/>
          <line num="182" count="0" type="cond" truecount="0" falsecount="4"/>
          <line num="184" count="0" type="stmt"/>
          <line num="186" count="0" type="stmt"/>
          <line num="187" count="0" type="stmt"/>
          <line num="188" count="0" type="stmt"/>
          <line num="189" count="0" type="stmt"/>
          <line num="191" count="0" type="stmt"/>
          <line num="196" count="0" type="cond" truecount="0" falsecount="4"/>
          <line num="198" count="0" type="stmt"/>
          <line num="200" count="0" type="stmt"/>
          <line num="201" count="0" type="stmt"/>
          <line num="202" count="0" type="stmt"/>
          <line num="203" count="0" type="stmt"/>
          <line num="205" count="0" type="stmt"/>
          <line num="210" count="0" type="cond" truecount="0" falsecount="4"/>
          <line num="212" count="0" type="stmt"/>
          <line num="214" count="0" type="stmt"/>
          <line num="215" count="0" type="stmt"/>
          <line num="216" count="0" type="stmt"/>
          <line num="217" count="0" type="stmt"/>
          <line num="219" count="0" type="stmt"/>
          <line num="224" count="0" type="cond" truecount="0" falsecount="4"/>
          <line num="226" count="0" type="stmt"/>
          <line num="228" count="0" type="stmt"/>
          <line num="229" count="0" type="stmt"/>
          <line num="230" count="0" type="stmt"/>
          <line num="231" count="0" type="stmt"/>
          <line num="232" count="0" type="stmt"/>
          <line num="234" count="0" type="stmt"/>
          <line num="238" count="1" type="stmt"/>
        </file>
        <file name="client.js" path="/now/mandala-js/src/client.js">
          <metrics statements="46" coveredstatements="40" conditionals="34" coveredconditionals="26" methods="15" coveredmethods="14"/>
          <line num="3" count="1" type="stmt"/>
          <line num="7" count="7" type="cond" truecount="6" falsecount="2"/>
          <line num="9" count="1" type="stmt"/>
          <line num="11" count="1" type="stmt"/>
          <line num="13" count="1" type="stmt"/>
          <line num="15" count="1" type="stmt"/>
          <line num="17" count="1" type="stmt"/>
          <line num="19" count="1" type="stmt"/>
          <line num="21" count="1" type="stmt"/>
          <line num="23" count="1" type="stmt"/>
          <line num="25" count="3" type="cond" truecount="3" falsecount="1"/>
          <line num="27" count="8" type="cond" truecount="1" falsecount="1"/>
          <line num="29" count="1" type="stmt"/>
          <line num="42" count="1" type="stmt"/>
          <line num="60" count="8" type="cond" truecount="4" falsecount="0"/>
          <line num="62" count="8" type="stmt"/>
          <line num="64" count="8" type="stmt"/>
          <line num="69" count="8" type="cond" truecount="2" falsecount="2"/>
          <line num="70" count="0" type="stmt"/>
          <line num="71" count="0" type="stmt"/>
          <line num="72" count="0" type="stmt"/>
          <line num="78" count="8" type="stmt"/>
          <line num="83" count="8" type="stmt"/>
          <line num="88" count="8" type="cond" truecount="2" falsecount="0"/>
          <line num="93" count="8" type="stmt"/>
          <line num="98" count="8" type="stmt"/>
          <line num="103" count="8" type="stmt"/>
          <line num="108" count="8" type="stmt"/>
          <line num="111" count="1" type="stmt"/>
          <line num="121" count="1" type="stmt"/>
          <line num="131" count="1" type="stmt"/>
          <line num="161" count="180" type="stmt"/>
          <line num="169" count="658" type="stmt"/>
          <line num="174" count="0" type="stmt"/>
          <line num="179" count="463" type="stmt"/>
          <line num="182" count="10" type="cond" truecount="3" falsecount="1"/>
          <line num="183" count="0" type="stmt"/>
          <line num="186" count="10" type="stmt"/>
          <line num="191" count="3" type="stmt"/>
          <line num="192" count="3" type="stmt"/>
          <line num="193" count="3" type="stmt"/>
          <line num="207" count="969" type="cond" truecount="1" falsecount="1"/>
          <line num="208" count="0" type="stmt"/>
          <line num="211" count="969" type="stmt"/>
          <line num="215" count="1" type="stmt"/>
          <line num="218" count="1" type="stmt"/>
        </file>
        <file name="datastore.js" path="/now/mandala-js/src/datastore.js">
          <metrics statements="773" coveredstatements="447" conditionals="419" coveredconditionals="204" methods="107" coveredmethods="73"/>
          <line num="3" count="1" type="stmt"/>
          <line num="6" count="1" type="stmt"/>
          <line num="8" count="1" type="cond" truecount="3" falsecount="6"/>
          <line num="10" count="24" type="cond" truecount="6" falsecount="2"/>
          <line num="14" count="1" type="stmt"/>
          <line num="16" count="1" type="stmt"/>
          <line num="18" count="1" type="stmt"/>
          <line num="20" count="1" type="stmt"/>
          <line num="22" count="1" type="stmt"/>
          <line num="24" count="1" type="stmt"/>
          <line num="26" count="1" type="stmt"/>
          <line num="28" count="1" type="stmt"/>
          <line num="30" count="1" type="stmt"/>
          <line num="32" count="1" type="stmt"/>
          <line num="34" count="1" type="stmt"/>
          <line num="36" count="1" type="stmt"/>
          <line num="38" count="1" type="stmt"/>
          <line num="40" count="1" type="stmt"/>
          <line num="42" count="1" type="stmt"/>
          <line num="44" count="1" type="stmt"/>
          <line num="46" count="1" type="stmt"/>
          <line num="48" count="1" type="stmt"/>
          <line num="50" count="1" type="stmt"/>
          <line num="52" count="1" type="stmt"/>
          <line num="54" count="1" type="stmt"/>
          <line num="56" count="1" type="stmt"/>
          <line num="58" count="1" type="stmt"/>
          <line num="60" count="1" type="stmt"/>
          <line num="62" count="1" type="stmt"/>
          <line num="64" count="1" type="stmt"/>
          <line num="66" count="1" type="stmt"/>
          <line num="68" count="1" type="stmt"/>
          <line num="70" count="1" type="stmt"/>
          <line num="72" count="1" type="stmt"/>
          <line num="74" count="1" type="stmt"/>
          <line num="76" count="1" type="stmt"/>
          <line num="78" count="1" type="stmt"/>
          <line num="80" count="13" type="cond" truecount="4" falsecount="0"/>
          <line num="82" count="444" type="cond" truecount="2" falsecount="0"/>
          <line num="84" count="68" type="cond" truecount="1" falsecount="1"/>
          <line num="86" count="1" type="cond" truecount="2" falsecount="0"/>
          <line num="87" count="1" type="cond" truecount="2" falsecount="0"/>
          <line num="88" count="1" type="stmt"/>
          <line num="89" count="1" type="stmt"/>
          <line num="97" count="1" type="stmt"/>
          <line num="102" count="1" type="stmt"/>
          <line num="103" count="1" type="stmt"/>
          <line num="109" count="1" type="stmt"/>
          <line num="111" count="68" type="stmt"/>
          <line num="113" count="68" type="cond" truecount="4" falsecount="0"/>
          <line num="114" count="1" type="stmt"/>
          <line num="120" count="67" type="stmt"/>
          <line num="125" count="67" type="stmt"/>
          <line num="130" count="67" type="stmt"/>
          <line num="136" count="67" type="stmt"/>
          <line num="142" count="67" type="stmt"/>
          <line num="143" count="67" type="stmt"/>
          <line num="146" count="67" type="stmt"/>
          <line num="147" count="67" type="stmt"/>
          <line num="156" count="1" type="stmt"/>
          <line num="165" count="7" type="cond" truecount="2" falsecount="0"/>
          <line num="166" count="1" type="stmt"/>
          <line num="169" count="6" type="stmt"/>
          <line num="170" count="6" type="stmt"/>
          <line num="181" count="72" type="stmt"/>
          <line num="182" count="72" type="stmt"/>
          <line num="193" count="136" type="stmt"/>
          <line num="204" count="9" type="cond" truecount="2" falsecount="0"/>
          <line num="205" count="1" type="stmt"/>
          <line num="208" count="8" type="stmt"/>
          <line num="209" count="8" type="stmt"/>
          <line num="220" count="72" type="stmt"/>
          <line num="221" count="72" type="stmt"/>
          <line num="232" count="94" type="stmt"/>
          <line num="253" count="2" type="stmt"/>
          <line num="255" count="2" type="cond" truecount="2" falsecount="2"/>
          <line num="257" count="2" type="stmt"/>
          <line num="258" count="2" type="stmt"/>
          <line num="261" count="2" type="stmt"/>
          <line num="262" count="9" type="stmt"/>
          <line num="263" count="14" type="cond" truecount="14" falsecount="5"/>
          <line num="265" count="2" type="stmt"/>
          <line num="266" count="2" type="stmt"/>
          <line num="270" count="2" type="cond" truecount="4" falsecount="0"/>
          <line num="271" count="1" type="stmt"/>
          <line num="272" count="1" type="stmt"/>
          <line num="275" count="1" type="stmt"/>
          <line num="278" count="1" type="stmt"/>
          <line num="280" count="1" type="cond" truecount="1" falsecount="1"/>
          <line num="281" count="0" type="stmt"/>
          <line num="282" count="0" type="stmt"/>
          <line num="285" count="1" type="cond" truecount="1" falsecount="1"/>
          <line num="286" count="0" type="stmt"/>
          <line num="287" count="0" type="stmt"/>
          <line num="290" count="1" type="stmt"/>
          <line num="291" count="1" type="stmt"/>
          <line num="294" count="1" type="stmt"/>
          <line num="296" count="1" type="cond" truecount="1" falsecount="1"/>
          <line num="297" count="1" type="stmt"/>
          <line num="298" count="1" type="stmt"/>
          <line num="301" count="0" type="stmt"/>
          <line num="302" count="0" type="stmt"/>
          <line num="305" count="0" type="stmt"/>
          <line num="306" count="0" type="stmt"/>
          <line num="309" count="0" type="stmt"/>
          <line num="312" count="1" type="cond" truecount="1" falsecount="1"/>
          <line num="313" count="1" type="stmt"/>
          <line num="314" count="1" type="stmt"/>
          <line num="317" count="0" type="stmt"/>
          <line num="320" count="1" type="stmt"/>
          <line num="332" count="1" type="stmt"/>
          <line num="333" count="1" type="stmt"/>
          <line num="334" count="1" type="stmt"/>
          <line num="337" count="1" type="stmt"/>
          <line num="339" count="1" type="stmt"/>
          <line num="340" count="1" type="stmt"/>
          <line num="343" count="1" type="stmt"/>
          <line num="344" count="1" type="stmt"/>
          <line num="347" count="0" type="stmt"/>
          <line num="348" count="0" type="stmt"/>
          <line num="350" count="0" type="stmt"/>
          <line num="353" count="1" type="stmt"/>
          <line num="355" count="1" type="cond" truecount="1" falsecount="1"/>
          <line num="356" count="0" type="stmt"/>
          <line num="357" count="0" type="stmt"/>
          <line num="360" count="1" type="cond" truecount="2" falsecount="0"/>
          <line num="361" count="1" type="stmt"/>
          <line num="375" count="1" type="stmt"/>
          <line num="379" count="1" type="cond" truecount="1" falsecount="1"/>
          <line num="380" count="0" type="stmt"/>
          <line num="383" count="1" type="stmt"/>
          <line num="384" count="1" type="stmt"/>
          <line num="387" count="1" type="stmt"/>
          <line num="389" count="1" type="stmt"/>
          <line num="391" count="1" type="cond" truecount="1" falsecount="1"/>
          <line num="392" count="0" type="stmt"/>
          <line num="393" count="0" type="stmt"/>
          <line num="398" count="1" type="stmt"/>
          <line num="399" count="1" type="stmt"/>
          <line num="400" count="1" type="stmt"/>
          <line num="401" count="1" type="stmt"/>
          <line num="413" count="1" type="stmt"/>
          <line num="414" count="1" type="stmt"/>
          <line num="415" count="1" type="stmt"/>
          <line num="418" count="1" type="stmt"/>
          <line num="419" count="1" type="stmt"/>
          <line num="423" count="1" type="stmt"/>
          <line num="426" count="1" type="stmt"/>
          <line num="427" count="1" type="stmt"/>
          <line num="430" count="0" type="stmt"/>
          <line num="431" count="0" type="stmt"/>
          <line num="432" count="0" type="stmt"/>
          <line num="435" count="1" type="stmt"/>
          <line num="439" count="2" type="stmt"/>
          <line num="445" count="2" type="stmt"/>
          <line num="446" count="2" type="stmt"/>
          <line num="450" count="2" type="stmt"/>
          <line num="468" count="0" type="stmt"/>
          <line num="470" count="0" type="cond" truecount="0" falsecount="4"/>
          <line num="472" count="0" type="stmt"/>
          <line num="473" count="0" type="stmt"/>
          <line num="476" count="0" type="stmt"/>
          <line num="477" count="0" type="stmt"/>
          <line num="478" count="0" type="cond" truecount="0" falsecount="18"/>
          <line num="480" count="0" type="cond" truecount="0" falsecount="2"/>
          <line num="481" count="0" type="stmt"/>
          <line num="482" count="0" type="stmt"/>
          <line num="485" count="0" type="stmt"/>
          <line num="486" count="0" type="stmt"/>
          <line num="487" count="0" type="stmt"/>
          <line num="490" count="0" type="stmt"/>
          <line num="492" count="0" type="cond" truecount="0" falsecount="2"/>
          <line num="493" count="0" type="stmt"/>
          <line num="494" count="0" type="stmt"/>
          <line num="497" count="0" type="cond" truecount="0" falsecount="2"/>
          <line num="498" count="0" type="stmt"/>
          <line num="499" count="0" type="stmt"/>
          <line num="502" count="0" type="stmt"/>
          <line num="503" count="0" type="stmt"/>
          <line num="506" count="0" type="stmt"/>
          <line num="508" count="0" type="cond" truecount="0" falsecount="2"/>
          <line num="509" count="0" type="stmt"/>
          <line num="510" count="0" type="stmt"/>
          <line num="513" count="0" type="stmt"/>
          <line num="514" count="0" type="stmt"/>
          <line num="517" count="0" type="stmt"/>
          <line num="518" count="0" type="stmt"/>
          <line num="521" count="0" type="stmt"/>
          <line num="524" count="0" type="cond" truecount="0" falsecount="2"/>
          <line num="525" count="0" type="stmt"/>
          <line num="526" count="0" type="stmt"/>
          <line num="529" count="0" type="stmt"/>
          <line num="532" count="0" type="stmt"/>
          <line num="543" count="0" type="stmt"/>
          <line num="544" count="0" type="stmt"/>
          <line num="545" count="0" type="stmt"/>
          <line num="548" count="0" type="stmt"/>
          <line num="550" count="0" type="stmt"/>
          <line num="553" count="0" type="stmt"/>
          <line num="554" count="0" type="stmt"/>
          <line num="557" count="0" type="stmt"/>
          <line num="558" count="0" type="stmt"/>
          <line num="560" count="0" type="stmt"/>
          <line num="563" count="0" type="stmt"/>
          <line num="565" count="0" type="cond" truecount="0" falsecount="2"/>
          <line num="566" count="0" type="stmt"/>
          <line num="567" count="0" type="stmt"/>
          <line num="570" count="0" type="cond" truecount="0" falsecount="2"/>
          <line num="571" count="0" type="stmt"/>
          <line num="584" count="0" type="stmt"/>
          <line num="587" count="0" type="cond" truecount="0" falsecount="2"/>
          <line num="588" count="0" type="stmt"/>
          <line num="591" count="0" type="stmt"/>
          <line num="592" count="0" type="stmt"/>
          <line num="595" count="0" type="stmt"/>
          <line num="596" count="0" type="stmt"/>
          <line num="598" count="0" type="stmt"/>
          <line num="599" count="0" type="stmt"/>
          <line num="600" count="0" type="stmt"/>
          <line num="603" count="0" type="stmt"/>
          <line num="604" count="0" type="stmt"/>
          <line num="607" count="0" type="stmt"/>
          <line num="608" count="0" type="stmt"/>
          <line num="610" count="0" type="cond" truecount="0" falsecount="2"/>
          <line num="611" count="0" type="stmt"/>
          <line num="612" count="0" type="stmt"/>
          <line num="615" count="0" type="stmt"/>
          <line num="627" count="0" type="stmt"/>
          <line num="628" count="0" type="stmt"/>
          <line num="629" count="0" type="stmt"/>
          <line num="632" count="0" type="stmt"/>
          <line num="635" count="0" type="stmt"/>
          <line num="639" count="0" type="stmt"/>
          <line num="645" count="0" type="stmt"/>
          <line num="646" count="0" type="stmt"/>
          <line num="650" count="0" type="stmt"/>
          <line num="670" count="32" type="stmt"/>
          <line num="672" count="32" type="cond" truecount="2" falsecount="2"/>
          <line num="674" count="32" type="stmt"/>
          <line num="675" count="32" type="stmt"/>
          <line num="678" count="32" type="stmt"/>
          <line num="679" count="160" type="stmt"/>
          <line num="680" count="320" type="cond" truecount="12" falsecount="5"/>
          <line num="682" count="32" type="cond" truecount="2" falsecount="2"/>
          <line num="683" count="32" type="stmt"/>
          <line num="684" count="32" type="stmt"/>
          <line num="687" count="0" type="stmt"/>
          <line num="690" count="32" type="stmt"/>
          <line num="692" count="32" type="cond" truecount="1" falsecount="1"/>
          <line num="693" count="0" type="stmt"/>
          <line num="694" count="0" type="stmt"/>
          <line num="697" count="32" type="cond" truecount="1" falsecount="1"/>
          <line num="698" count="0" type="stmt"/>
          <line num="699" count="0" type="stmt"/>
          <line num="702" count="32" type="stmt"/>
          <line num="703" count="32" type="stmt"/>
          <line num="706" count="32" type="stmt"/>
          <line num="708" count="32" type="cond" truecount="1" falsecount="1"/>
          <line num="709" count="32" type="stmt"/>
          <line num="710" count="32" type="stmt"/>
          <line num="713" count="0" type="stmt"/>
          <line num="714" count="0" type="stmt"/>
          <line num="717" count="0" type="stmt"/>
          <line num="718" count="0" type="stmt"/>
          <line num="721" count="0" type="stmt"/>
          <line num="724" count="32" type="cond" truecount="1" falsecount="1"/>
          <line num="725" count="32" type="stmt"/>
          <line num="726" count="32" type="stmt"/>
          <line num="729" count="0" type="stmt"/>
          <line num="732" count="32" type="stmt"/>
          <line num="744" count="32" type="stmt"/>
          <line num="745" count="32" type="stmt"/>
          <line num="746" count="32" type="stmt"/>
          <line num="749" count="32" type="stmt"/>
          <line num="750" count="32" type="stmt"/>
          <line num="752" count="32" type="cond" truecount="1" falsecount="1"/>
          <line num="755" count="32" type="stmt"/>
          <line num="756" count="32" type="stmt"/>
          <line num="759" count="0" type="stmt"/>
          <line num="760" count="0" type="stmt"/>
          <line num="762" count="0" type="stmt"/>
          <line num="765" count="32" type="stmt"/>
          <line num="767" count="32" type="cond" truecount="1" falsecount="1"/>
          <line num="768" count="0" type="stmt"/>
          <line num="769" count="0" type="stmt"/>
          <line num="772" count="32" type="stmt"/>
          <line num="786" count="32" type="stmt"/>
          <line num="787" count="32" type="stmt"/>
          <line num="788" count="32" type="stmt"/>
          <line num="791" count="32" type="stmt"/>
          <line num="792" count="32" type="stmt"/>
          <line num="794" count="32" type="cond" truecount="1" falsecount="1"/>
          <line num="797" count="32" type="stmt"/>
          <line num="798" count="32" type="stmt"/>
          <line num="801" count="0" type="stmt"/>
          <line num="802" count="0" type="stmt"/>
          <line num="803" count="0" type="stmt"/>
          <line num="806" count="32" type="stmt"/>
          <line num="810" count="32" type="stmt"/>
          <line num="816" count="32" type="stmt"/>
          <line num="817" count="32" type="stmt"/>
          <line num="821" count="32" type="stmt"/>
          <line num="838" count="10" type="stmt"/>
          <line num="840" count="10" type="cond" truecount="3" falsecount="1"/>
          <line num="842" count="10" type="stmt"/>
          <line num="843" count="10" type="stmt"/>
          <line num="845" count="10" type="stmt"/>
          <line num="846" count="43" type="stmt"/>
          <line num="847" count="76" type="cond" truecount="11" falsecount="2"/>
          <line num="849" count="10" type="stmt"/>
          <line num="851" count="10" type="cond" truecount="1" falsecount="1"/>
          <line num="852" count="10" type="stmt"/>
          <line num="853" count="10" type="stmt"/>
          <line num="856" count="0" type="stmt"/>
          <line num="857" count="0" type="stmt"/>
          <line num="858" count="0" type="stmt"/>
          <line num="861" count="10" type="stmt"/>
          <line num="864" count="10" type="cond" truecount="2" falsecount="0"/>
          <line num="865" count="7" type="stmt"/>
          <line num="866" count="7" type="stmt"/>
          <line num="869" count="10" type="cond" truecount="2" falsecount="0"/>
          <line num="870" count="2" type="stmt"/>
          <line num="871" count="2" type="stmt"/>
          <line num="874" count="8" type="stmt"/>
          <line num="886" count="8" type="stmt"/>
          <line num="887" count="8" type="stmt"/>
          <line num="888" count="8" type="stmt"/>
          <line num="891" count="8" type="stmt"/>
          <line num="893" count="8" type="stmt"/>
          <line num="895" count="8" type="cond" truecount="1" falsecount="1"/>
          <line num="896" count="0" type="stmt"/>
          <line num="897" count="0" type="stmt"/>
          <line num="900" count="8" type="stmt"/>
          <line num="901" count="8" type="stmt"/>
          <line num="904" count="8" type="cond" truecount="2" falsecount="0"/>
          <line num="905" count="3" type="stmt"/>
          <line num="906" count="3" type="stmt"/>
          <line num="909" count="5" type="stmt"/>
          <line num="910" count="5" type="stmt"/>
          <line num="911" count="5" type="stmt"/>
          <line num="912" count="5" type="stmt"/>
          <line num="915" count="5" type="stmt"/>
          <line num="917" count="5" type="stmt"/>
          <line num="918" count="6" type="stmt"/>
          <line num="920" count="5" type="stmt"/>
          <line num="921" count="6" type="stmt"/>
          <line num="926" count="8" type="cond" truecount="2" falsecount="0"/>
          <line num="927" count="8" type="stmt"/>
          <line num="928" count="8" type="stmt"/>
          <line num="931" count="2" type="cond" truecount="1" falsecount="1"/>
          <line num="932" count="0" type="stmt"/>
          <line num="933" count="0" type="stmt"/>
          <line num="936" count="2" type="stmt"/>
          <line num="937" count="2" type="stmt"/>
          <line num="938" count="3" type="stmt"/>
          <line num="952" count="3" type="stmt"/>
          <line num="953" count="3" type="stmt"/>
          <line num="957" count="2" type="stmt"/>
          <line num="960" count="2" type="stmt"/>
          <line num="961" count="3" type="stmt"/>
          <line num="963" count="2" type="cond" truecount="2" falsecount="0"/>
          <line num="966" count="10" type="stmt"/>
          <line num="967" count="10" type="stmt"/>
          <line num="970" count="0" type="stmt"/>
          <line num="971" count="0" type="stmt"/>
          <line num="972" count="0" type="stmt"/>
          <line num="975" count="10" type="stmt"/>
          <line num="979" count="10" type="stmt"/>
          <line num="985" count="10" type="stmt"/>
          <line num="986" count="10" type="stmt"/>
          <line num="990" count="10" type="stmt"/>
          <line num="1007" count="1" type="stmt"/>
          <line num="1009" count="1" type="cond" truecount="3" falsecount="1"/>
          <line num="1011" count="1" type="stmt"/>
          <line num="1012" count="1" type="stmt"/>
          <line num="1014" count="1" type="stmt"/>
          <line num="1015" count="4" type="stmt"/>
          <line num="1016" count="8" type="cond" truecount="8" falsecount="5"/>
          <line num="1018" count="1" type="stmt"/>
          <line num="1020" count="1" type="cond" truecount="1" falsecount="1"/>
          <line num="1021" count="1" type="stmt"/>
          <line num="1022" count="1" type="stmt"/>
          <line num="1025" count="0" type="stmt"/>
          <line num="1026" count="0" type="stmt"/>
          <line num="1027" count="0" type="stmt"/>
          <line num="1030" count="1" type="stmt"/>
          <line num="1031" count="1" type="stmt"/>
          <line num="1034" count="1" type="cond" truecount="1" falsecount="1"/>
          <line num="1035" count="1" type="stmt"/>
          <line num="1036" count="1" type="stmt"/>
          <line num="1039" count="1" type="cond" truecount="1" falsecount="1"/>
          <line num="1040" count="0" type="stmt"/>
          <line num="1041" count="0" type="stmt"/>
          <line num="1044" count="1" type="stmt"/>
          <line num="1056" count="1" type="stmt"/>
          <line num="1057" count="1" type="stmt"/>
          <line num="1058" count="1" type="stmt"/>
          <line num="1061" count="1" type="stmt"/>
          <line num="1063" count="1" type="stmt"/>
          <line num="1065" count="1" type="cond" truecount="1" falsecount="1"/>
          <line num="1066" count="0" type="stmt"/>
          <line num="1067" count="0" type="stmt"/>
          <line num="1070" count="1" type="stmt"/>
          <line num="1071" count="1" type="stmt"/>
          <line num="1074" count="1" type="cond" truecount="1" falsecount="1"/>
          <line num="1075" count="1" type="stmt"/>
          <line num="1076" count="1" type="stmt"/>
          <line num="1079" count="0" type="stmt"/>
          <line num="1080" count="0" type="stmt"/>
          <line num="1081" count="0" type="stmt"/>
          <line num="1082" count="0" type="stmt"/>
          <line num="1085" count="0" type="stmt"/>
          <line num="1087" count="0" type="stmt"/>
          <line num="1088" count="0" type="stmt"/>
          <line num="1090" count="0" type="stmt"/>
          <line num="1091" count="0" type="stmt"/>
          <line num="1096" count="1" type="cond" truecount="1" falsecount="1"/>
          <line num="1097" count="1" type="stmt"/>
          <line num="1098" count="1" type="stmt"/>
          <line num="1101" count="0" type="cond" truecount="0" falsecount="2"/>
          <line num="1102" count="0" type="stmt"/>
          <line num="1103" count="0" type="stmt"/>
          <line num="1106" count="0" type="stmt"/>
          <line num="1107" count="0" type="stmt"/>
          <line num="1108" count="0" type="stmt"/>
          <line num="1109" count="0" type="stmt"/>
          <line num="1123" count="0" type="stmt"/>
          <line num="1124" count="0" type="stmt"/>
          <line num="1128" count="0" type="stmt"/>
          <line num="1130" count="0" type="stmt"/>
          <line num="1131" count="0" type="stmt"/>
          <line num="1133" count="0" type="cond" truecount="0" falsecount="2"/>
          <line num="1136" count="1" type="stmt"/>
          <line num="1137" count="1" type="stmt"/>
          <line num="1140" count="0" type="stmt"/>
          <line num="1141" count="0" type="stmt"/>
          <line num="1142" count="0" type="stmt"/>
          <line num="1145" count="1" type="stmt"/>
          <line num="1149" count="1" type="stmt"/>
          <line num="1155" count="1" type="stmt"/>
          <line num="1156" count="1" type="stmt"/>
          <line num="1160" count="1" type="stmt"/>
          <line num="1177" count="3" type="cond" truecount="2" falsecount="0"/>
          <line num="1178" count="1" type="stmt"/>
          <line num="1181" count="2" type="stmt"/>
          <line num="1201" count="0" type="stmt"/>
          <line num="1203" count="0" type="cond" truecount="0" falsecount="4"/>
          <line num="1205" count="0" type="stmt"/>
          <line num="1206" count="0" type="stmt"/>
          <line num="1209" count="0" type="stmt"/>
          <line num="1210" count="0" type="stmt"/>
          <line num="1211" count="0" type="cond" truecount="0" falsecount="14"/>
          <line num="1213" count="0" type="stmt"/>
          <line num="1215" count="0" type="cond" truecount="0" falsecount="4"/>
          <line num="1216" count="0" type="stmt"/>
          <line num="1217" count="0" type="stmt"/>
          <line num="1220" count="0" type="stmt"/>
          <line num="1223" count="0" type="cond" truecount="0" falsecount="2"/>
          <line num="1224" count="0" type="stmt"/>
          <line num="1225" count="0" type="stmt"/>
          <line num="1228" count="0" type="stmt"/>
          <line num="1240" count="0" type="stmt"/>
          <line num="1241" count="0" type="stmt"/>
          <line num="1242" count="0" type="stmt"/>
          <line num="1245" count="0" type="stmt"/>
          <line num="1246" count="0" type="stmt"/>
          <line num="1248" count="0" type="cond" truecount="0" falsecount="2"/>
          <line num="1249" count="0" type="stmt"/>
          <line num="1250" count="0" type="stmt"/>
          <line num="1254" count="0" type="stmt"/>
          <line num="1255" count="0" type="stmt"/>
          <line num="1256" count="0" type="stmt"/>
          <line num="1258" count="0" type="stmt"/>
          <line num="1259" count="0" type="stmt"/>
          <line num="1260" count="0" type="stmt"/>
          <line num="1265" count="0" type="stmt"/>
          <line num="1266" count="0" type="stmt"/>
          <line num="1268" count="0" type="stmt"/>
          <line num="1269" count="0" type="stmt"/>
          <line num="1272" count="0" type="cond" truecount="0" falsecount="2"/>
          <line num="1273" count="0" type="stmt"/>
          <line num="1274" count="0" type="stmt"/>
          <line num="1277" count="0" type="stmt"/>
          <line num="1278" count="0" type="stmt"/>
          <line num="1279" count="0" type="stmt"/>
          <line num="1280" count="0" type="stmt"/>
          <line num="1283" count="0" type="stmt"/>
          <line num="1285" count="0" type="stmt"/>
          <line num="1286" count="0" type="stmt"/>
          <line num="1288" count="0" type="stmt"/>
          <line num="1289" count="0" type="stmt"/>
          <line num="1294" count="0" type="stmt"/>
          <line num="1295" count="0" type="stmt"/>
          <line num="1296" count="0" type="stmt"/>
          <line num="1299" count="0" type="cond" truecount="0" falsecount="2"/>
          <line num="1300" count="0" type="stmt"/>
          <line num="1301" count="0" type="stmt"/>
          <line num="1304" count="0" type="stmt"/>
          <line num="1318" count="0" type="stmt"/>
          <line num="1319" count="0" type="stmt"/>
          <line num="1320" count="0" type="stmt"/>
          <line num="1323" count="0" type="stmt"/>
          <line num="1325" count="0" type="stmt"/>
          <line num="1328" count="0" type="stmt"/>
          <line num="1329" count="0" type="stmt"/>
          <line num="1332" count="0" type="stmt"/>
          <line num="1333" count="0" type="stmt"/>
          <line num="1334" count="0" type="stmt"/>
          <line num="1337" count="0" type="stmt"/>
          <line num="1341" count="0" type="stmt"/>
          <line num="1347" count="0" type="stmt"/>
          <line num="1348" count="0" type="stmt"/>
          <line num="1352" count="0" type="stmt"/>
          <line num="1369" count="2" type="stmt"/>
          <line num="1371" count="2" type="cond" truecount="2" falsecount="2"/>
          <line num="1373" count="2" type="stmt"/>
          <line num="1374" count="2" type="stmt"/>
          <line num="1377" count="2" type="stmt"/>
          <line num="1378" count="8" type="stmt"/>
          <line num="1379" count="18" type="cond" truecount="10" falsecount="4"/>
          <line num="1381" count="2" type="stmt"/>
          <line num="1383" count="2" type="cond" truecount="1" falsecount="1"/>
          <line num="1384" count="2" type="stmt"/>
          <line num="1385" count="2" type="stmt"/>
          <line num="1388" count="0" type="stmt"/>
          <line num="1389" count="0" type="stmt"/>
          <line num="1390" count="0" type="stmt"/>
          <line num="1393" count="2" type="cond" truecount="1" falsecount="1"/>
          <line num="1394" count="0" type="stmt"/>
          <line num="1395" count="0" type="stmt"/>
          <line num="1398" count="2" type="stmt"/>
          <line num="1410" count="2" type="stmt"/>
          <line num="1411" count="2" type="stmt"/>
          <line num="1412" count="2" type="stmt"/>
          <line num="1415" count="2" type="stmt"/>
          <line num="1416" count="2" type="stmt"/>
          <line num="1418" count="2" type="cond" truecount="1" falsecount="1"/>
          <line num="1419" count="0" type="stmt"/>
          <line num="1420" count="0" type="stmt"/>
          <line num="1423" count="2" type="stmt"/>
          <line num="1425" count="2" type="cond" truecount="2" falsecount="0"/>
          <line num="1426" count="1" type="stmt"/>
          <line num="1427" count="1" type="stmt"/>
          <line num="1430" count="1" type="stmt"/>
          <line num="1432" count="1" type="stmt"/>
          <line num="1433" count="1" type="stmt"/>
          <line num="1434" count="1" type="stmt"/>
          <line num="1437" count="1" type="stmt"/>
          <line num="1438" count="1" type="stmt"/>
          <line num="1441" count="1" type="stmt"/>
          <line num="1442" count="1" type="stmt"/>
          <line num="1445" count="2" type="cond" truecount="1" falsecount="1"/>
          <line num="1446" count="2" type="stmt"/>
          <line num="1447" count="2" type="stmt"/>
          <line num="1450" count="0" type="stmt"/>
          <line num="1451" count="0" type="stmt"/>
          <line num="1452" count="0" type="stmt"/>
          <line num="1455" count="0" type="stmt"/>
          <line num="1457" count="0" type="stmt"/>
          <line num="1458" count="0" type="stmt"/>
          <line num="1460" count="0" type="stmt"/>
          <line num="1461" count="0" type="stmt"/>
          <line num="1466" count="2" type="stmt"/>
          <line num="1467" count="2" type="stmt"/>
          <line num="1468" count="2" type="stmt"/>
          <line num="1471" count="0" type="cond" truecount="0" falsecount="2"/>
          <line num="1472" count="0" type="stmt"/>
          <line num="1484" count="0" type="stmt"/>
          <line num="1485" count="0" type="stmt"/>
          <line num="1487" count="0" type="stmt"/>
          <line num="1491" count="2" type="stmt"/>
          <line num="1492" count="2" type="stmt"/>
          <line num="1495" count="0" type="stmt"/>
          <line num="1496" count="0" type="stmt"/>
          <line num="1497" count="0" type="stmt"/>
          <line num="1500" count="2" type="stmt"/>
          <line num="1504" count="2" type="stmt"/>
          <line num="1510" count="2" type="stmt"/>
          <line num="1511" count="2" type="stmt"/>
          <line num="1515" count="2" type="stmt"/>
          <line num="1532" count="32" type="stmt"/>
          <line num="1534" count="32" type="cond" truecount="2" falsecount="2"/>
          <line num="1536" count="32" type="stmt"/>
          <line num="1537" count="32" type="stmt"/>
          <line num="1540" count="32" type="stmt"/>
          <line num="1541" count="128" type="stmt"/>
          <line num="1542" count="224" type="cond" truecount="9" falsecount="2"/>
          <line num="1544" count="32" type="cond" truecount="2" falsecount="2"/>
          <line num="1545" count="32" type="stmt"/>
          <line num="1546" count="32" type="stmt"/>
          <line num="1549" count="0" type="stmt"/>
          <line num="1552" count="32" type="stmt"/>
          <line num="1554" count="32" type="cond" truecount="1" falsecount="1"/>
          <line num="1555" count="0" type="stmt"/>
          <line num="1556" count="0" type="stmt"/>
          <line num="1559" count="32" type="stmt"/>
          <line num="1571" count="32" type="stmt"/>
          <line num="1572" count="32" type="stmt"/>
          <line num="1573" count="32" type="stmt"/>
          <line num="1576" count="32" type="stmt"/>
          <line num="1577" count="32" type="stmt"/>
          <line num="1579" count="32" type="cond" truecount="2" falsecount="0"/>
          <line num="1580" count="26" type="stmt"/>
          <line num="1581" count="26" type="stmt"/>
          <line num="1584" count="6" type="stmt"/>
          <line num="1585" count="6" type="stmt"/>
          <line num="1586" count="6" type="stmt"/>
          <line num="1589" count="6" type="stmt"/>
          <line num="1590" count="6" type="stmt"/>
          <line num="1593" count="26" type="cond" truecount="1" falsecount="1"/>
          <line num="1594" count="0" type="stmt"/>
          <line num="1595" count="0" type="stmt"/>
          <line num="1598" count="26" type="stmt"/>
          <line num="1599" count="26" type="stmt"/>
          <line num="1600" count="26" type="stmt"/>
          <line num="1604" count="32" type="stmt"/>
          <line num="1607" count="32" type="stmt"/>
          <line num="1608" count="32" type="stmt"/>
          <line num="1611" count="0" type="stmt"/>
          <line num="1612" count="0" type="stmt"/>
          <line num="1613" count="0" type="stmt"/>
          <line num="1616" count="32" type="stmt"/>
          <line num="1620" count="32" type="stmt"/>
          <line num="1626" count="32" type="stmt"/>
          <line num="1627" count="32" type="stmt"/>
          <line num="1631" count="32" type="stmt"/>
          <line num="1657" count="1" type="stmt"/>
          <line num="1658" count="5" type="cond" truecount="3" falsecount="1"/>
          <line num="1659" count="5" type="cond" truecount="3" falsecount="1"/>
          <line num="1660" count="5" type="stmt"/>
          <line num="1661" count="10" type="stmt"/>
          <line num="1662" count="10" type="cond" truecount="2" falsecount="2"/>
          <line num="1664" count="5" type="cond" truecount="1" falsecount="1"/>
          <line num="1665" count="0" type="stmt"/>
          <line num="1666" count="0" type="stmt"/>
          <line num="1669" count="5" type="cond" truecount="1" falsecount="1"/>
          <line num="1670" count="0" type="stmt"/>
          <line num="1673" count="5" type="stmt"/>
          <line num="1674" count="5" type="stmt"/>
          <line num="1677" count="0" type="stmt"/>
          <line num="1681" count="5" type="stmt"/>
          <line num="1688" count="5" type="stmt"/>
          <line num="1691" count="1" type="stmt"/>
          <line num="1717" count="1" type="stmt"/>
          <line num="1718" count="0" type="stmt"/>
          <line num="1720" count="0" type="cond" truecount="0" falsecount="4"/>
          <line num="1724" count="0" type="stmt"/>
          <line num="1725" count="0" type="stmt"/>
          <line num="1726" count="0" type="cond" truecount="0" falsecount="5"/>
          <line num="1728" count="0" type="cond" truecount="0" falsecount="2"/>
          <line num="1729" count="0" type="stmt"/>
          <line num="1730" count="0" type="stmt"/>
          <line num="1733" count="0" type="stmt"/>
          <line num="1735" count="0" type="stmt"/>
          <line num="1736" count="0" type="stmt"/>
          <line num="1737" count="0" type="cond" truecount="0" falsecount="5"/>
          <line num="1739" count="0" type="stmt"/>
          <line num="1740" count="0" type="stmt"/>
          <line num="1743" count="0" type="stmt"/>
          <line num="1745" count="0" type="cond" truecount="0" falsecount="2"/>
          <line num="1746" count="0" type="stmt"/>
          <line num="1747" count="0" type="stmt"/>
          <line num="1750" count="0" type="stmt"/>
          <line num="1753" count="0" type="stmt"/>
          <line num="1755" count="0" type="stmt"/>
          <line num="1756" count="0" type="stmt"/>
          <line num="1758" count="0" type="cond" truecount="0" falsecount="2"/>
          <line num="1759" count="0" type="stmt"/>
          <line num="1762" count="0" type="stmt"/>
          <line num="1764" count="0" type="cond" truecount="0" falsecount="2"/>
          <line num="1765" count="0" type="stmt"/>
          <line num="1768" count="0" type="stmt"/>
          <line num="1774" count="0" type="stmt"/>
          <line num="1781" count="0" type="stmt"/>
          <line num="1783" count="0" type="cond" truecount="0" falsecount="4"/>
          <line num="1784" count="0" type="stmt"/>
          <line num="1785" count="0" type="stmt"/>
          <line num="1788" count="0" type="stmt"/>
          <line num="1791" count="0" type="stmt"/>
          <line num="1795" count="0" type="stmt"/>
          <line num="1802" count="0" type="stmt"/>
          <line num="1805" count="1" type="stmt"/>
          <line num="1832" count="1" type="stmt"/>
          <line num="1833" count="0" type="cond" truecount="0" falsecount="4"/>
          <line num="1835" count="0" type="stmt"/>
          <line num="1836" count="0" type="stmt"/>
          <line num="1837" count="0" type="cond" truecount="0" falsecount="6"/>
          <line num="1839" count="0" type="cond" truecount="0" falsecount="2"/>
          <line num="1840" count="0" type="stmt"/>
          <line num="1841" count="0" type="stmt"/>
          <line num="1844" count="0" type="stmt"/>
          <line num="1845" count="0" type="stmt"/>
          <line num="1848" count="0" type="stmt"/>
          <line num="1849" count="0" type="stmt"/>
          <line num="1850" count="0" type="stmt"/>
          <line num="1853" count="0" type="stmt"/>
          <line num="1854" count="0" type="stmt"/>
          <line num="1860" count="0" type="stmt"/>
          <line num="1864" count="0" type="stmt"/>
          <line num="1871" count="0" type="stmt"/>
          <line num="1874" count="1" type="stmt"/>
          <line num="1902" count="1" type="stmt"/>
          <line num="1903" count="34" type="cond" truecount="2" falsecount="2"/>
          <line num="1904" count="34" type="cond" truecount="2" falsecount="2"/>
          <line num="1905" count="34" type="stmt"/>
          <line num="1906" count="68" type="stmt"/>
          <line num="1907" count="68" type="cond" truecount="2" falsecount="2"/>
          <line num="1909" count="34" type="cond" truecount="1" falsecount="1"/>
          <line num="1910" count="0" type="stmt"/>
          <line num="1911" count="0" type="stmt"/>
          <line num="1914" count="34" type="cond" truecount="1" falsecount="1"/>
          <line num="1915" count="0" type="stmt"/>
          <line num="1918" count="34" type="stmt"/>
          <line num="1919" count="34" type="stmt"/>
          <line num="1922" count="0" type="stmt"/>
          <line num="1926" count="34" type="stmt"/>
          <line num="1933" count="34" type="stmt"/>
          <line num="1936" count="1" type="stmt"/>
          <line num="1954" count="1" type="stmt"/>
          <line num="1955" count="1" type="cond" truecount="2" falsecount="2"/>
          <line num="1957" count="1" type="stmt"/>
          <line num="1958" count="3" type="stmt"/>
          <line num="1959" count="3" type="cond" truecount="3" falsecount="2"/>
          <line num="1961" count="1" type="cond" truecount="1" falsecount="1"/>
          <line num="1962" count="0" type="stmt"/>
          <line num="1963" count="0" type="stmt"/>
          <line num="1966" count="1" type="stmt"/>
          <line num="1978" count="1" type="stmt"/>
          <line num="1979" count="1" type="stmt"/>
          <line num="1980" count="1" type="stmt"/>
          <line num="1983" count="1" type="stmt"/>
          <line num="1984" count="1" type="stmt"/>
          <line num="1987" count="0" type="stmt"/>
          <line num="1991" count="1" type="stmt"/>
          <line num="1998" count="1" type="stmt"/>
          <line num="2001" count="1" type="stmt"/>
          <line num="2015" count="161" type="stmt"/>
          <line num="2017" count="161" type="cond" truecount="1" falsecount="1"/>
          <line num="2018" count="161" type="stmt"/>
          <line num="2021" count="161" type="cond" truecount="2" falsecount="0"/>
          <line num="2022" count="160" type="stmt"/>
          <line num="2025" count="161" type="stmt"/>
          <line num="2030" count="4" type="cond" truecount="4" falsecount="0"/>
          <line num="2032" count="4" type="stmt"/>
          <line num="2034" count="4" type="cond" truecount="4" falsecount="0"/>
          <line num="2036" count="1" type="stmt"/>
          <line num="2037" count="1" type="stmt"/>
          <line num="2038" count="1" type="stmt"/>
          <line num="2040" count="1" type="stmt"/>
          <line num="2041" count="1" type="stmt"/>
          <line num="2042" count="1" type="stmt"/>
          <line num="2045" count="2" type="stmt"/>
          <line num="2046" count="2" type="stmt"/>
          <line num="2050" count="4" type="stmt"/>
          <line num="2055" count="0" type="stmt"/>
          <line num="2065" count="1" type="stmt"/>
          <line num="2066" count="65" type="cond" truecount="3" falsecount="1"/>
          <line num="2068" count="65" type="stmt"/>
          <line num="2069" count="195" type="stmt"/>
          <line num="2070" count="195" type="cond" truecount="3" falsecount="1"/>
          <line num="2072" count="65" type="cond" truecount="1" falsecount="1"/>
          <line num="2073" count="65" type="stmt"/>
          <line num="2074" count="65" type="stmt"/>
          <line num="2085" count="65" type="stmt"/>
          <line num="2086" count="65" type="stmt"/>
          <line num="2087" count="65" type="stmt"/>
          <line num="2090" count="65" type="stmt"/>
          <line num="2091" count="65" type="stmt"/>
          <line num="2095" count="65" type="stmt"/>
          <line num="2102" count="65" type="stmt"/>
          <line num="2105" count="1" type="stmt"/>
          <line num="2109" count="1" type="stmt"/>
          <line num="2112" count="1" type="stmt"/>
        </file>
        <file name="endpoint.js" path="/now/mandala-js/src/endpoint.js">
          <metrics statements="44" coveredstatements="42" conditionals="32" coveredconditionals="24" methods="17" coveredmethods="14"/>
          <line num="3" count="1" type="stmt"/>
          <line num="7" count="1" type="cond" truecount="5" falsecount="3"/>
          <line num="9" count="1" type="stmt"/>
          <line num="11" count="1" type="stmt"/>
          <line num="13" count="1" type="stmt"/>
          <line num="15" count="1" type="stmt"/>
          <line num="17" count="1" type="stmt"/>
          <line num="19" count="1" type="stmt"/>
          <line num="21" count="1" type="stmt"/>
          <line num="23" count="1" type="stmt"/>
          <line num="25" count="1" type="stmt"/>
          <line num="27" count="1" type="stmt"/>
          <line num="29" count="1" type="stmt"/>
          <line num="31" count="4" type="cond" truecount="4" falsecount="0"/>
          <line num="33" count="6" type="cond" truecount="2" falsecount="0"/>
          <line num="35" count="0" type="cond" truecount="0" falsecount="2"/>
          <line num="37" count="1" type="cond" truecount="2" falsecount="0"/>
          <line num="43" count="1" type="stmt"/>
          <line num="45" count="0" type="stmt"/>
          <line num="48" count="1" type="stmt"/>
          <line num="71" count="1" type="stmt"/>
          <line num="72" count="4" type="cond" truecount="2" falsecount="2"/>
          <line num="74" count="4" type="stmt"/>
          <line num="75" count="10" type="stmt"/>
          <line num="76" count="15" type="cond" truecount="5" falsecount="1"/>
          <line num="78" count="4" type="stmt"/>
          <line num="82" count="4" type="cond" truecount="2" falsecount="0"/>
          <line num="83" count="3" type="stmt"/>
          <line num="84" count="3" type="stmt"/>
          <line num="87" count="1" type="stmt"/>
          <line num="90" count="3" type="cond" truecount="2" falsecount="0"/>
          <line num="91" count="2" type="stmt"/>
          <line num="92" count="2" type="stmt"/>
          <line num="95" count="1" type="stmt"/>
          <line num="98" count="2" type="stmt"/>
          <line num="111" count="2" type="stmt"/>
          <line num="112" count="2" type="stmt"/>
          <line num="115" count="2" type="stmt"/>
          <line num="116" count="2" type="stmt"/>
          <line num="120" count="4" type="stmt"/>
          <line num="127" count="4" type="stmt"/>
          <line num="130" count="1" type="stmt"/>
          <line num="134" count="1" type="stmt"/>
          <line num="137" count="1" type="stmt"/>
        </file>
        <file name="errors.js" path="/now/mandala-js/src/errors.js">
          <metrics statements="138" coveredstatements="86" conditionals="103" coveredconditionals="40" methods="40" coveredmethods="27"/>
          <line num="3" count="1" type="stmt"/>
          <line num="6" count="1" type="stmt"/>
          <line num="8" count="1" type="stmt"/>
          <line num="10" count="1" type="stmt"/>
          <line num="12" count="1" type="cond" truecount="3" falsecount="1"/>
          <line num="14" count="59" type="cond" truecount="1" falsecount="1"/>
          <line num="16" count="59" type="cond" truecount="4" falsecount="3"/>
          <line num="18" count="18" type="cond" truecount="6" falsecount="4"/>
          <line num="20" count="1" type="stmt"/>
          <line num="21" count="1" type="stmt"/>
          <line num="24" count="43" type="cond" truecount="4" falsecount="0"/>
          <line num="25" count="43" type="cond" truecount="4" falsecount="0"/>
          <line num="26" count="43" type="cond" truecount="4" falsecount="0"/>
          <line num="28" count="43" type="stmt"/>
          <line num="30" count="43" type="stmt"/>
          <line num="32" count="43" type="stmt"/>
          <line num="33" count="43" type="stmt"/>
          <line num="34" count="43" type="stmt"/>
          <line num="37" count="1" type="stmt"/>
          <line num="40" count="1" type="stmt"/>
          <line num="41" count="1" type="stmt"/>
          <line num="44" count="4" type="cond" truecount="4" falsecount="0"/>
          <line num="45" count="4" type="stmt"/>
          <line num="47" count="4" type="stmt"/>
          <line num="49" count="4" type="stmt"/>
          <line num="52" count="1" type="stmt"/>
          <line num="55" count="1" type="stmt"/>
          <line num="56" count="1" type="stmt"/>
          <line num="59" count="0" type="cond" truecount="0" falsecount="4"/>
          <line num="60" count="0" type="stmt"/>
          <line num="62" count="0" type="stmt"/>
          <line num="64" count="0" type="stmt"/>
          <line num="67" count="1" type="stmt"/>
          <line num="70" count="1" type="stmt"/>
          <line num="71" count="1" type="stmt"/>
          <line num="74" count="0" type="cond" truecount="0" falsecount="4"/>
          <line num="75" count="0" type="stmt"/>
          <line num="77" count="0" type="stmt"/>
          <line num="79" count="0" type="stmt"/>
          <line num="82" count="1" type="stmt"/>
          <line num="85" count="1" type="stmt"/>
          <line num="86" count="1" type="stmt"/>
          <line num="89" count="0" type="cond" truecount="0" falsecount="4"/>
          <line num="90" count="0" type="stmt"/>
          <line num="92" count="0" type="stmt"/>
          <line num="94" count="0" type="stmt"/>
          <line num="97" count="1" type="stmt"/>
          <line num="100" count="1" type="stmt"/>
          <line num="101" count="1" type="stmt"/>
          <line num="104" count="0" type="cond" truecount="0" falsecount="4"/>
          <line num="105" count="0" type="stmt"/>
          <line num="107" count="0" type="stmt"/>
          <line num="109" count="0" type="stmt"/>
          <line num="112" count="1" type="stmt"/>
          <line num="115" count="1" type="stmt"/>
          <line num="116" count="1" type="stmt"/>
          <line num="119" count="0" type="cond" truecount="0" falsecount="4"/>
          <line num="120" count="0" type="stmt"/>
          <line num="122" count="0" type="stmt"/>
          <line num="124" count="0" type="stmt"/>
          <line num="127" count="1" type="stmt"/>
          <line num="130" count="1" type="stmt"/>
          <line num="131" count="1" type="stmt"/>
          <line num="134" count="0" type="cond" truecount="0" falsecount="4"/>
          <line num="135" count="0" type="stmt"/>
          <line num="137" count="0" type="stmt"/>
          <line num="139" count="0" type="stmt"/>
          <line num="142" count="1" type="stmt"/>
          <line num="145" count="1" type="stmt"/>
          <line num="146" count="1" type="stmt"/>
          <line num="149" count="0" type="cond" truecount="0" falsecount="4"/>
          <line num="150" count="0" type="stmt"/>
          <line num="152" count="0" type="stmt"/>
          <line num="154" count="0" type="stmt"/>
          <line num="157" count="1" type="stmt"/>
          <line num="160" count="1" type="stmt"/>
          <line num="161" count="1" type="stmt"/>
          <line num="164" count="0" type="cond" truecount="0" falsecount="4"/>
          <line num="165" count="0" type="stmt"/>
          <line num="167" count="0" type="stmt"/>
          <line num="169" count="0" type="stmt"/>
          <line num="172" count="1" type="stmt"/>
          <line num="175" count="1" type="stmt"/>
          <line num="176" count="1" type="stmt"/>
          <line num="179" count="0" type="cond" truecount="0" falsecount="4"/>
          <line num="180" count="0" type="stmt"/>
          <line num="182" count="0" type="stmt"/>
          <line num="184" count="0" type="stmt"/>
          <line num="187" count="1" type="stmt"/>
          <line num="190" count="1" type="stmt"/>
          <line num="191" count="1" type="stmt"/>
          <line num="194" count="0" type="cond" truecount="0" falsecount="4"/>
          <line num="195" count="0" type="stmt"/>
          <line num="197" count="0" type="stmt"/>
          <line num="199" count="0" type="stmt"/>
          <line num="202" count="1" type="stmt"/>
          <line num="205" count="1" type="stmt"/>
          <line num="206" count="1" type="stmt"/>
          <line num="209" count="0" type="cond" truecount="0" falsecount="4"/>
          <line num="210" count="0" type="stmt"/>
          <line num="212" count="0" type="stmt"/>
          <line num="214" count="0" type="stmt"/>
          <line num="217" count="1" type="stmt"/>
          <line num="220" count="1" type="stmt"/>
          <line num="221" count="1" type="stmt"/>
          <line num="224" count="2" type="cond" truecount="3" falsecount="1"/>
          <line num="225" count="2" type="stmt"/>
          <line num="227" count="2" type="stmt"/>
          <line num="229" count="2" type="stmt"/>
          <line num="232" count="1" type="stmt"/>
          <line num="235" count="1" type="stmt"/>
          <line num="236" count="1" type="stmt"/>
          <line num="239" count="2" type="cond" truecount="3" falsecount="1"/>
          <line num="240" count="2" type="stmt"/>
          <line num="242" count="2" type="stmt"/>
          <line num="244" count="2" type="stmt"/>
          <line num="247" count="1" type="stmt"/>
          <line num="250" count="1" type="stmt"/>
          <line num="251" count="1" type="stmt"/>
          <line num="254" count="0" type="cond" truecount="0" falsecount="4"/>
          <line num="255" count="0" type="stmt"/>
          <line num="257" count="0" type="stmt"/>
          <line num="259" count="0" type="stmt"/>
          <line num="262" count="1" type="stmt"/>
          <line num="265" count="1" type="stmt"/>
          <line num="266" count="1" type="stmt"/>
          <line num="269" count="0" type="cond" truecount="0" falsecount="4"/>
          <line num="270" count="0" type="stmt"/>
          <line num="272" count="0" type="stmt"/>
          <line num="274" count="0" type="stmt"/>
          <line num="277" count="1" type="stmt"/>
          <line num="280" count="1" type="stmt"/>
          <line num="281" count="1" type="stmt"/>
          <line num="284" count="8" type="cond" truecount="4" falsecount="0"/>
          <line num="285" count="8" type="stmt"/>
          <line num="287" count="8" type="stmt"/>
          <line num="289" count="8" type="stmt"/>
          <line num="292" count="1" type="stmt"/>
        </file>
        <file name="filestore.js" path="/now/mandala-js/src/filestore.js">
          <metrics statements="131" coveredstatements="28" conditionals="116" coveredconditionals="19" methods="40" coveredmethods="11"/>
          <line num="3" count="1" type="stmt"/>
          <line num="6" count="1" type="stmt"/>
          <line num="8" count="11" type="cond" truecount="6" falsecount="2"/>
          <line num="10" count="1" type="cond" truecount="0" falsecount="10"/>
          <line num="12" count="1" type="stmt"/>
          <line num="14" count="1" type="stmt"/>
          <line num="16" count="1" type="stmt"/>
          <line num="18" count="1" type="stmt"/>
          <line num="20" count="1" type="stmt"/>
          <line num="22" count="1" type="stmt"/>
          <line num="24" count="1" type="stmt"/>
          <line num="26" count="2" type="cond" truecount="3" falsecount="1"/>
          <line num="28" count="4" type="cond" truecount="0" falsecount="2"/>
          <line num="30" count="0" type="cond" truecount="0" falsecount="2"/>
          <line num="32" count="0" type="cond" truecount="0" falsecount="7"/>
          <line num="34" count="1" type="cond" truecount="6" falsecount="4"/>
          <line num="37" count="1" type="cond" truecount="2" falsecount="0"/>
          <line num="38" count="1" type="cond" truecount="2" falsecount="0"/>
          <line num="44" count="1" type="stmt"/>
          <line num="45" count="1" type="stmt"/>
          <line num="48" count="0" type="stmt"/>
          <line num="50" count="0" type="stmt"/>
          <line num="52" count="0" type="stmt"/>
          <line num="53" count="0" type="stmt"/>
          <line num="63" count="1" type="stmt"/>
          <line num="125" count="1" type="stmt"/>
          <line num="126" count="0" type="stmt"/>
          <line num="128" count="0" type="cond" truecount="0" falsecount="4"/>
          <line num="130" count="0" type="stmt"/>
          <line num="131" count="0" type="stmt"/>
          <line num="132" count="0" type="cond" truecount="0" falsecount="5"/>
          <line num="134" count="0" type="cond" truecount="0" falsecount="2"/>
          <line num="135" count="0" type="stmt"/>
          <line num="136" count="0" type="stmt"/>
          <line num="138" count="0" type="stmt"/>
          <line num="139" count="0" type="stmt"/>
          <line num="140" count="0" type="stmt"/>
          <line num="143" count="0" type="stmt"/>
          <line num="145" count="0" type="cond" truecount="0" falsecount="2"/>
          <line num="146" count="0" type="stmt"/>
          <line num="147" count="0" type="stmt"/>
          <line num="150" count="0" type="stmt"/>
          <line num="151" count="0" type="stmt"/>
          <line num="155" count="0" type="stmt"/>
          <line num="159" count="0" type="stmt"/>
          <line num="166" count="0" type="stmt"/>
          <line num="169" count="1" type="stmt"/>
          <line num="174" count="0" type="stmt"/>
          <line num="206" count="1" type="stmt"/>
          <line num="207" count="0" type="cond" truecount="0" falsecount="4"/>
          <line num="209" count="0" type="stmt"/>
          <line num="210" count="0" type="stmt"/>
          <line num="211" count="0" type="cond" truecount="0" falsecount="5"/>
          <line num="213" count="0" type="cond" truecount="0" falsecount="2"/>
          <line num="214" count="0" type="stmt"/>
          <line num="215" count="0" type="stmt"/>
          <line num="217" count="0" type="stmt"/>
          <line num="218" count="0" type="stmt"/>
          <line num="219" count="0" type="stmt"/>
          <line num="222" count="0" type="stmt"/>
          <line num="224" count="0" type="cond" truecount="0" falsecount="2"/>
          <line num="225" count="0" type="stmt"/>
          <line num="226" count="0" type="stmt"/>
          <line num="229" count="0" type="stmt"/>
          <line num="232" count="0" type="stmt"/>
          <line num="236" count="0" type="stmt"/>
          <line num="243" count="0" type="stmt"/>
          <line num="246" count="1" type="stmt"/>
          <line num="251" count="1" type="stmt"/>
          <line num="252" count="0" type="cond" truecount="0" falsecount="4"/>
          <line num="254" count="0" type="stmt"/>
          <line num="255" count="0" type="stmt"/>
          <line num="256" count="0" type="cond" truecount="0" falsecount="4"/>
          <line num="258" count="0" type="stmt"/>
          <line num="264" count="0" type="cond" truecount="0" falsecount="2"/>
          <line num="265" count="0" type="stmt"/>
          <line num="266" count="0" type="stmt"/>
          <line num="267" count="0" type="stmt"/>
          <line num="268" count="0" type="stmt"/>
          <line num="269" count="0" type="stmt"/>
          <line num="272" count="0" type="stmt"/>
          <line num="273" count="0" type="stmt"/>
          <line num="277" count="0" type="stmt"/>
          <line num="284" count="0" type="stmt"/>
          <line num="287" count="1" type="stmt"/>
          <line num="317" count="0" type="cond" truecount="0" falsecount="4"/>
          <line num="319" count="0" type="stmt"/>
          <line num="320" count="0" type="stmt"/>
          <line num="325" count="1" type="stmt"/>
          <line num="326" count="0" type="cond" truecount="0" falsecount="4"/>
          <line num="327" count="0" type="cond" truecount="0" falsecount="4"/>
          <line num="329" count="0" type="stmt"/>
          <line num="330" count="0" type="stmt"/>
          <line num="331" count="0" type="cond" truecount="0" falsecount="5"/>
          <line num="333" count="0" type="cond" truecount="0" falsecount="3"/>
          <line num="334" count="0" type="cond" truecount="0" falsecount="3"/>
          <line num="335" count="0" type="cond" truecount="0" falsecount="4"/>
          <line num="337" count="0" type="cond" truecount="0" falsecount="2"/>
          <line num="338" count="0" type="stmt"/>
          <line num="341" count="0" type="stmt"/>
          <line num="355" count="0" type="stmt"/>
          <line num="356" count="0" type="stmt"/>
          <line num="359" count="0" type="cond" truecount="0" falsecount="2"/>
          <line num="360" count="0" type="stmt"/>
          <line num="361" count="0" type="stmt"/>
          <line num="369" count="0" type="stmt"/>
          <line num="370" count="0" type="stmt"/>
          <line num="373" count="0" type="stmt"/>
          <line num="374" count="0" type="stmt"/>
          <line num="375" count="0" type="stmt"/>
          <line num="376" count="0" type="cond" truecount="0" falsecount="2"/>
          <line num="378" count="0" type="stmt"/>
          <line num="379" count="0" type="stmt"/>
          <line num="382" count="0" type="stmt"/>
          <line num="383" count="0" type="stmt"/>
          <line num="384" count="0" type="stmt"/>
          <line num="387" count="0" type="stmt"/>
          <line num="393" count="0" type="stmt"/>
          <line num="394" count="0" type="stmt"/>
          <line num="395" count="0" type="stmt"/>
          <line num="396" count="0" type="stmt"/>
          <line num="397" count="0" type="stmt"/>
          <line num="401" count="0" type="stmt"/>
          <line num="402" count="0" type="stmt"/>
          <line num="406" count="0" type="stmt"/>
          <line num="413" count="0" type="stmt"/>
          <line num="416" count="1" type="stmt"/>
          <line num="421" count="0" type="stmt"/>
          <line num="426" count="0" type="stmt"/>
          <line num="431" count="0" type="stmt"/>
          <line num="435" count="1" type="stmt"/>
        </file>
        <file name="kinvey.js" path="/now/mandala-js/src/kinvey.js">
          <metrics statements="69" coveredstatements="64" conditionals="36" coveredconditionals="24" methods="21" coveredmethods="18"/>
          <line num="3" count="1" type="stmt"/>
          <line num="7" count="4" type="cond" truecount="6" falsecount="2"/>
          <line num="9" count="1" type="stmt"/>
          <line num="11" count="1" type="stmt"/>
          <line num="13" count="1" type="stmt"/>
          <line num="15" count="1" type="stmt"/>
          <line num="17" count="1" type="stmt"/>
          <line num="19" count="1" type="stmt"/>
          <line num="21" count="1" type="stmt"/>
          <line num="23" count="1" type="stmt"/>
          <line num="25" count="1" type="stmt"/>
          <line num="27" count="1" type="stmt"/>
          <line num="29" count="1" type="stmt"/>
          <line num="31" count="1" type="stmt"/>
          <line num="33" count="1" type="stmt"/>
          <line num="35" count="1" type="stmt"/>
          <line num="37" count="1" type="stmt"/>
          <line num="39" count="1" type="stmt"/>
          <line num="41" count="1" type="stmt"/>
          <line num="43" count="1" type="stmt"/>
          <line num="45" count="1" type="stmt"/>
          <line num="47" count="1" type="stmt"/>
          <line num="49" count="4" type="cond" truecount="4" falsecount="0"/>
          <line num="51" count="4" type="cond" truecount="2" falsecount="0"/>
          <line num="53" count="0" type="cond" truecount="0" falsecount="2"/>
          <line num="55" count="1" type="cond" truecount="2" falsecount="0"/>
          <line num="56" count="1" type="stmt"/>
          <line num="58" count="1" type="stmt"/>
          <line num="60" count="0" type="stmt"/>
          <line num="63" count="1" type="stmt"/>
          <line num="89" count="3" type="cond" truecount="2" falsecount="2"/>
          <line num="90" count="0" type="stmt"/>
          <line num="94" count="3" type="cond" truecount="2" falsecount="2"/>
          <line num="95" count="0" type="stmt"/>
          <line num="99" count="3" type="stmt"/>
          <line num="102" count="3" type="stmt"/>
          <line num="103" count="3" type="stmt"/>
          <line num="104" count="3" type="stmt"/>
          <line num="105" count="3" type="stmt"/>
          <line num="106" count="3" type="stmt"/>
          <line num="107" count="3" type="stmt"/>
          <line num="108" count="3" type="stmt"/>
          <line num="109" count="3" type="stmt"/>
          <line num="110" count="3" type="stmt"/>
          <line num="111" count="3" type="stmt"/>
          <line num="112" count="3" type="stmt"/>
          <line num="113" count="3" type="stmt"/>
          <line num="114" count="3" type="stmt"/>
          <line num="117" count="3" type="stmt"/>
          <line num="129" count="1" type="stmt"/>
          <line num="130" count="2" type="cond" truecount="2" falsecount="2"/>
          <line num="132" count="2" type="stmt"/>
          <line num="133" count="6" type="stmt"/>
          <line num="134" count="6" type="cond" truecount="3" falsecount="1"/>
          <line num="136" count="2" type="stmt"/>
          <line num="145" count="2" type="stmt"/>
          <line num="146" count="2" type="stmt"/>
          <line num="149" count="2" type="stmt"/>
          <line num="150" count="2" type="stmt"/>
          <line num="154" count="2" type="stmt"/>
          <line num="161" count="2" type="stmt"/>
          <line num="164" count="1" type="stmt"/>
          <line num="169" count="2" type="cond" truecount="1" falsecount="1"/>
          <line num="170" count="0" type="stmt"/>
          <line num="173" count="2" type="stmt"/>
          <line num="178" count="1" type="stmt"/>
          <line num="181" count="1" type="stmt"/>
          <line num="185" count="1" type="stmt"/>
          <line num="188" count="1" type="stmt"/>
        </file>
        <file name="log.js" path="/now/mandala-js/src/log.js">
          <metrics statements="12" coveredstatements="9" conditionals="4" coveredconditionals="3" methods="3" coveredmethods="1"/>
          <line num="3" count="1" type="stmt"/>
          <line num="6" count="1" type="stmt"/>
          <line num="8" count="1" type="stmt"/>
          <line num="10" count="1" type="stmt"/>
          <line num="12" count="1" type="cond" truecount="3" falsecount="1"/>
          <line num="14" count="1" type="stmt"/>
          <line num="16" count="1" type="stmt"/>
          <line num="17" count="0" type="stmt"/>
          <line num="19" count="0" type="stmt"/>
          <line num="20" count="0" type="stmt"/>
[...]
          <line num="586" count="459" type="stmt"/>
          <line num="587" count="459" type="stmt"/>
          <line num="588" count="459" type="stmt"/>
          <line num="589" count="459" type="stmt"/>
          <line num="590" count="459" type="stmt"/>
          <line num="591" count="459" type="stmt"/>
          <line num="593" count="459" type="cond" truecount="1" falsecount="1"/>
          <line num="594" count="459" type="stmt"/>
          <line num="597" count="459" type="cond" truecount="1" falsecount="1"/>
          <line num="598" count="0" type="stmt"/>
          <line num="601" count="459" type="cond" truecount="1" falsecount="1"/>
          <line num="602" count="0" type="stmt"/>
          <line num="603" count="0" type="stmt"/>
          <line num="606" count="459" type="stmt"/>
          <line num="607" count="459" type="stmt"/>
          <line num="610" count="1" type="stmt"/>
          <line num="613" count="719" type="stmt"/>
          <line num="615" count="719" type="cond" truecount="2" falsecount="0"/>
          <line num="616" count="494" type="stmt"/>
          <line num="619" count="719" type="cond" truecount="4" falsecount="0"/>
          <line num="620" count="2" type="stmt"/>
          <line num="621" count="2" type="stmt"/>
          <line num="623" count="2" type="cond" truecount="1" falsecount="1"/>
          <line num="624" count="0" type="stmt"/>
          <line num="627" count="2" type="stmt"/>
          <line num="630" count="719" type="cond" truecount="1" falsecount="1"/>
          <line num="631" count="0" type="stmt"/>
          <line num="634" count="719" type="cond" truecount="1" falsecount="1"/>
          <line num="635" count="719" type="stmt"/>
          <line num="637" count="719" type="cond" truecount="5" falsecount="2"/>
          <line num="639" count="4" type="stmt"/>
          <line num="640" count="4" type="stmt"/>
          <line num="642" count="195" type="stmt"/>
          <line num="643" count="195" type="stmt"/>
          <line num="645" count="0" type="stmt"/>
          <line num="646" count="0" type="stmt"/>
          <line num="648" count="0" type="stmt"/>
          <line num="649" count="0" type="stmt"/>
          <line num="651" count="285" type="stmt"/>
          <line num="652" count="285" type="stmt"/>
          <line num="654" count="130" type="stmt"/>
          <line num="655" count="130" type="stmt"/>
          <line num="657" count="105" type="stmt"/>
          <line num="658" count="105" type="stmt"/>
          <line num="660" count="0" type="stmt"/>
          <line num="661" count="0" type="stmt"/>
          <line num="663" count="0" type="stmt"/>
          <line num="668" count="719" type="cond" truecount="2" falsecount="0"/>
          <line num="669" count="434" type="stmt"/>
          <line num="671" count="434" type="cond" truecount="2" falsecount="0"/>
          <line num="672" count="197" type="stmt"/>
          <line num="675" count="434" type="stmt"/>
          <line num="679" count="719" type="stmt"/>
          <line num="682" count="918" type="stmt"/>
          <line num="687" count="178" type="stmt"/>
          <line num="688" count="178" type="cond" truecount="1" falsecount="1"/>
          <line num="690" count="178" type="cond" truecount="1" falsecount="1"/>
          <line num="691" count="178" type="stmt"/>
          <line num="694" count="0" type="stmt"/>
          <line num="697" count="464" type="stmt"/>
          <line num="698" count="464" type="stmt"/>
          <line num="699" count="464" type="stmt"/>
          <line num="701" count="464" type="cond" truecount="1" falsecount="1"/>
          <line num="703" count="464" type="stmt"/>
          <line num="704" count="464" type="stmt"/>
          <line num="705" count="464" type="stmt"/>
          <line num="707" count="464" type="cond" truecount="1" falsecount="1"/>
          <line num="708" count="464" type="cond" truecount="2" falsecount="0"/>
          <line num="709" count="464" type="cond" truecount="2" falsecount="0"/>
          <line num="714" count="459" type="stmt"/>
          <line num="717" count="459" type="cond" truecount="1" falsecount="1"/>
          <line num="722" count="737" type="stmt"/>
          <line num="725" count="459" type="cond" truecount="3" falsecount="1"/>
          <line num="726" count="0" type="stmt"/>
          <line num="729" count="459" type="stmt"/>
          <line num="734" count="719" type="stmt"/>
          <line num="737" count="459" type="cond" truecount="1" falsecount="1"/>
          <line num="738" count="459" type="cond" truecount="1" falsecount="1"/>
          <line num="739" count="0" type="stmt"/>
          <line num="742" count="459" type="stmt"/>
          <line num="745" count="459" type="stmt"/>
          <line num="757" count="1213" type="stmt"/>
          <line num="787" count="459" type="stmt"/>
          <line num="791" count="1" type="stmt"/>
          <line num="799" count="1" type="stmt"/>
          <line num="801" count="459" type="cond" truecount="3" falsecount="1"/>
          <line num="803" count="459" type="stmt"/>
          <line num="805" count="459" type="stmt"/>
          <line num="806" count="459" type="stmt"/>
          <line num="809" count="1" type="stmt"/>
          <line num="812" count="453" type="stmt"/>
          <line num="817" count="1" type="stmt"/>
          <line num="818" count="453" type="stmt"/>
          <line num="819" count="453" type="stmt"/>
          <line num="820" count="906" type="cond" truecount="4" falsecount="0"/>
          <line num="822" count="453" type="cond" truecount="1" falsecount="1"/>
          <line num="823" count="453" type="stmt"/>
          <line num="824" count="453" type="stmt"/>
          <line num="827" count="0" type="stmt"/>
          <line num="832" count="453" type="stmt"/>
          <line num="836" count="453" type="stmt"/>
          <line num="843" count="453" type="stmt"/>
          <line num="846" count="1" type="stmt"/>
          <line num="851" count="0" type="stmt"/>
          <line num="859" count="0" type="stmt"/>
          <line num="864" count="2789" type="stmt"/>
          <line num="867" count="459" type="cond" truecount="3" falsecount="1"/>
          <line num="868" count="0" type="stmt"/>
          <line num="871" count="459" type="stmt"/>
          <line num="876" count="453" type="stmt"/>
          <line num="879" count="5" type="stmt"/>
          <line num="884" count="260" type="stmt"/>
          <line num="887" count="0" type="stmt"/>
          <line num="892" count="178" type="stmt"/>
          <line num="895" count="5" type="stmt"/>
          <line num="900" count="707" type="stmt"/>
          <line num="903" count="81" type="stmt"/>
          <line num="908" count="178" type="stmt"/>
          <line num="911" count="0" type="stmt"/>
          <line num="915" count="1" type="stmt"/>
          <line num="923" count="1" type="stmt"/>
          <line num="924" count="1" type="stmt"/>
          <line num="927" count="459" type="stmt"/>
          <line num="929" count="459" type="stmt"/>
          <line num="931" count="459" type="stmt"/>
          <line num="932" count="459" type="stmt"/>
          <line num="935" count="1" type="stmt"/>
          <line num="938" count="0" type="stmt"/>
          <line num="939" count="0" type="stmt"/>
          <line num="940" count="0" type="stmt"/>
          <line num="945" count="2789" type="stmt"/>
          <line num="948" count="459" type="cond" truecount="4" falsecount="0"/>
          <line num="949" count="209" type="stmt"/>
          <line num="952" count="459" type="stmt"/>
          <line num="957" count="275" type="stmt"/>
          <line num="960" count="0" type="stmt"/>
          <line num="965" count="275" type="stmt"/>
          <line num="970" count="275" type="stmt"/>
          <line num="975" count="275" type="stmt"/>
          <line num="980" count="0" type="stmt"/>
          <line num="983" count="0" type="stmt"/>
          <line num="987" count="1" type="stmt"/>
        </file>
        <file name="response.js" path="/now/mandala-js/src/requests/response.js">
          <metrics statements="100" coveredstatements="77" conditionals="113" coveredconditionals="69" methods="34" coveredmethods="28"/>
          <line num="3" count="1" type="stmt"/>
          <line num="6" count="1" type="stmt"/>
          <line num="8" count="453" type="cond" truecount="4" falsecount="6"/>
          <line num="10" count="1220" type="cond" truecount="4" falsecount="6"/>
          <line num="12" count="10" type="cond" truecount="6" falsecount="2"/>
          <line num="14" count="1" type="stmt"/>
          <line num="16" count="1" type="stmt"/>
          <line num="18" count="1" type="stmt"/>
          <line num="20" count="1" type="stmt"/>
          <line num="22" count="1" type="stmt"/>
          <line num="24" count="1" type="stmt"/>
          <line num="26" count="2" type="cond" truecount="3" falsecount="1"/>
          <line num="28" count="906" type="cond" truecount="3" falsecount="4"/>
          <line num="30" count="2" type="cond" truecount="6" falsecount="4"/>
          <line num="32" count="1812" type="cond" truecount="1" falsecount="1"/>
          <line num="38" count="1" type="stmt"/>
          <line num="47" count="1" type="stmt"/>
          <line num="48" count="1" type="stmt"/>
          <line num="50" count="1" type="stmt"/>
          <line num="52" count="453" type="cond" truecount="3" falsecount="1"/>
          <line num="54" count="453" type="stmt"/>
          <line num="56" count="453" type="stmt"/>
          <line num="62" count="453" type="stmt"/>
          <line num="63" count="453" type="stmt"/>
          <line num="64" count="453" type="stmt"/>
          <line num="67" count="1" type="stmt"/>
          <line num="70" count="0" type="stmt"/>
          <line num="73" count="453" type="cond" truecount="1" falsecount="1"/>
          <line num="74" count="453" type="stmt"/>
          <line num="77" count="453" type="stmt"/>
          <line num="82" count="309" type="stmt"/>
          <line num="85" count="453" type="stmt"/>
          <line num="89" count="1" type="stmt"/>
          <line num="92" count="1" type="stmt"/>
          <line num="93" count="1" type="stmt"/>
          <line num="96" count="453" type="stmt"/>
          <line num="98" count="453" type="stmt"/>
          <line num="101" count="1" type="stmt"/>
          <line num="109" count="1" type="stmt"/>
          <line num="111" count="453" type="cond" truecount="3" falsecount="1"/>
          <line num="113" count="453" type="stmt"/>
          <line num="115" count="453" type="stmt"/>
          <line num="118" count="1" type="stmt"/>
          <line num="121" count="454" type="cond" truecount="3" falsecount="0"/>
          <line num="126" count="1220" type="stmt"/>
          <line num="129" count="453" type="cond" truecount="3" falsecount="1"/>
          <line num="130" count="0" type="stmt"/>
          <line num="133" count="453" type="stmt"/>
          <line num="138" count="911" type="stmt"/>
          <line num="141" count="0" type="stmt"/>
          <line num="146" count="0" type="stmt"/>
          <line num="149" count="0" type="stmt"/>
          <line num="154" count="309" type="stmt"/>
          <line num="157" count="0" type="stmt"/>
          <line num="162" count="0" type="cond" truecount="0" falsecount="2"/>
          <line num="163" count="0" type="stmt"/>
          <line num="166" count="0" type="stmt"/>
          <line num="170" count="1" type="stmt"/>
          <line num="173" count="1" type="stmt"/>
          <line num="174" count="1" type="stmt"/>
          <line num="177" count="453" type="stmt"/>
          <line num="179" count="453" type="stmt"/>
          <line num="182" count="1" type="stmt"/>
          <line num="185" count="1220" type="stmt"/>
          <line num="188" count="453" type="cond" truecount="3" falsecount="1"/>
          <line num="189" count="0" type="stmt"/>
          <line num="192" count="453" type="stmt"/>
          <line num="197" count="1" type="cond" truecount="1" falsecount="1"/>
          <line num="198" count="0" type="stmt"/>
          <line num="201" count="1" type="cond" truecount="2" falsecount="0"/>
          <line num="202" count="1" type="cond" truecount="2" falsecount="0"/>
          <line num="203" count="1" type="cond" truecount="2" falsecount="0"/>
          <line num="204" count="1" type="stmt"/>
          <line num="205" count="1" type="stmt"/>
          <line num="207" count="1" type="cond" truecount="1" falsecount="1"/>
          <line num="208" count="0" type="stmt"/>
          <line num="209" count="1" type="cond" truecount="1" falsecount="1"/>
          <line num="210" count="0" type="stmt"/>
          <line num="211" count="1" type="cond" truecount="1" falsecount="1"/>
          <line num="212" count="0" type="stmt"/>
          <line num="213" count="1" type="cond" truecount="1" falsecount="1"/>
          <line num="214" count="0" type="stmt"/>
          <line num="215" count="1" type="cond" truecount="1" falsecount="1"/>
          <line num="216" count="0" type="stmt"/>
          <line num="217" count="1" type="cond" truecount="1" falsecount="1"/>
          <line num="218" count="0" type="stmt"/>
          <line num="219" count="1" type="cond" truecount="1" falsecount="1"/>
          <line num="220" count="0" type="stmt"/>
          <line num="221" count="1" type="cond" truecount="1" falsecount="1"/>
          <line num="222" count="0" type="stmt"/>
          <line num="223" count="1" type="cond" truecount="1" falsecount="1"/>
          <line num="224" count="0" type="stmt"/>
          <line num="225" count="1" type="cond" truecount="1" falsecount="1"/>
          <line num="226" count="0" type="stmt"/>
          <line num="227" count="1" type="cond" truecount="8" falsecount="1"/>
          <line num="228" count="0" type="stmt"/>
          <line num="229" count="1" type="cond" truecount="1" falsecount="1"/>
          <line num="230" count="0" type="stmt"/>
          <line num="233" count="1" type="stmt"/>
          <line num="237" count="1" type="stmt"/>
        </file>
      </package>
      <package name="src.utils">
        <metrics statements="82" coveredstatements="64" conditionals="71" coveredconditionals="45" methods="26" coveredmethods="20"/>
        <file name="object.js" path="/now/mandala-js/src/utils/object.js">
          <metrics statements="28" coveredstatements="19" conditionals="20" coveredconditionals="13" methods="7" coveredmethods="3"/>
          <line num="3" count="1" type="stmt"/>
          <line num="6" count="1" type="stmt"/>
          <line num="7" count="1" type="stmt"/>
          <line num="8" count="1" type="stmt"/>
          <line num="10" count="1" type="stmt"/>
          <line num="12" count="1" type="stmt"/>
          <line num="14" count="1" type="stmt"/>
          <line num="16" count="1" type="stmt"/>
          <line num="18" count="2" type="cond" truecount="3" falsecount="1"/>
          <line num="24" count="8" type="cond" truecount="2" falsecount="0"/>
          <line num="25" count="2" type="cond" truecount="2" falsecount="0"/>
          <line num="26" count="2" type="stmt"/>
          <line num="29" count="6" type="stmt"/>
          <line num="30" count="6" type="stmt"/>
          <line num="31" count="6" type="cond" truecount="2" falsecount="0"/>
          <line num="32" count="9" type="stmt"/>
          <line num="33" count="9" type="stmt"/>
          <line num="36" count="6" type="cond" truecount="2" falsecount="0"/>
          <line num="43" count="5" type="cond" truecount="2" falsecount="0"/>
          <line num="50" count="0" type="stmt"/>
          <line num="51" count="0" type="stmt"/>
          <line num="53" count="0" type="cond" truecount="0" falsecount="4"/>
          <line num="55" count="0" type="stmt"/>
          <line num="56" count="0" type="cond" truecount="0" falsecount="2"/>
          <line num="57" count="0" type="stmt"/>
          <line num="58" count="0" type="stmt"/>
          <line num="59" count="0" type="stmt"/>
          <line num="62" count="0" type="stmt"/>
        </file>
        <file name="observable.js" path="/now/mandala-js/src/utils/observable.js">
          <metrics statements="16" coveredstatements="16" conditionals="27" coveredconditionals="15" methods="10" coveredmethods="10"/>
          <line num="3" count="1" type="stmt"/>
          <line num="6" count="1" type="stmt"/>
          <line num="8" count="2" type="cond" truecount="5" falsecount="3"/>
          <line num="10" count="1" type="stmt"/>
          <line num="12" count="1" type="stmt"/>
          <line num="14" count="79" type="cond" truecount="1" falsecount="1"/>
          <line num="16" count="79" type="cond" truecount="3" falsecount="4"/>
          <line num="18" count="1" type="cond" truecount="6" falsecount="4"/>
          <line num="20" count="1" type="stmt"/>
          <line num="21" count="1" type="stmt"/>
          <line num="24" count="79" type="stmt"/>
          <line num="26" count="79" type="stmt"/>
          <line num="29" count="1" type="stmt"/>
          <line num="32" count="45" type="stmt"/>
          <line num="37" count="79" type="stmt"/>
          <line num="41" count="1" type="stmt"/>
        </file>
        <file name="storage.js" path="/now/mandala-js/src/utils/storage.js">
          <metrics statements="31" coveredstatements="22" conditionals="16" coveredconditionals="12" methods="7" coveredmethods="5"/>
          <line num="3" count="1" type="stmt"/>
          <line num="6" count="1" type="stmt"/>
          <line num="7" count="1" type="stmt"/>
          <line num="8" count="1" type="stmt"/>
          <line num="9" count="1" type="stmt"/>
          <line num="10" count="1" type="stmt"/>
          <line num="11" count="1" type="stmt"/>
          <line num="13" count="1" type="stmt"/>
          <line num="15" count="1" type="stmt"/>
          <line num="17" count="1" type="cond" truecount="3" falsecount="1"/>
          <line num="19" count="1" type="cond" truecount="2" falsecount="0"/>
          <line num="20" count="1" type="cond" truecount="2" falsecount="0"/>
          <line num="21" count="1" type="cond" truecount="2" falsecount="0"/>
          <line num="25" count="658" type="stmt"/>
          <line num="30" count="130" type="cond" truecount="2" falsecount="0"/>
          <line num="31" count="65" type="stmt"/>
          <line num="32" count="65" type="stmt"/>
          <line num="34" count="0" type="stmt"/>
          <line num="38" count="65" type="stmt"/>
          <line num="43" count="0" type="stmt"/>
          <line num="48" count="0" type="cond" truecount="0" falsecount="2"/>
          <line num="49" count="0" type="stmt"/>
          <line num="50" count="0" type="stmt"/>
          <line num="52" count="0" type="stmt"/>
          <line num="56" count="0" type="stmt"/>
          <line num="61" count="22" type="stmt"/>
          <line num="66" count="22" type="cond" truecount="1" falsecount="1"/>
          <line num="67" count="22" type="stmt"/>
          <line num="68" count="22" type="stmt"/>
          <line num="70" count="0" type="stmt"/>
          <line num="74" count="0" type="stmt"/>
        </file>
        <file name="string.js" path="/now/mandala-js/src/utils/string.js">
          <metrics statements="7" coveredstatements="7" conditionals="8" coveredconditionals="5" methods="2" coveredmethods="2"/>
          <line num="3" count="1" type="stmt"/>
          <line num="6" count="1" type="stmt"/>
          <line num="8" count="1" type="stmt"/>
          <line num="10" count="1" type="stmt"/>
          <line num="12" count="1" type="cond" truecount="3" falsecount="1"/>
          <line num="15" count="225" type="cond" truecount="2" falsecount="2"/>
          <line num="17" count="225" type="stmt"/>
        </file>
      </package>
    </metrics>
  </project>
</coverage>
