TN:
SF:/now/mandala-js/src/acl.js
FN:14,Acl
FNF:1
FNH:1
FNDA:2,Acl
DA:1,1
DA:2,1
DA:3,1
DA:4,1
DA:14,4
DA:15,2
DA:16,0
DA:25,2
DA:29,0
DA:33,0
DA:37,0
DA:41,0
DA:45,0
DA:49,0
DA:53,0
DA:57,0
DA:59,0
DA:60,0
DA:63,0
DA:64,0
DA:68,0
DA:69,0
DA:71,0
DA:72,0
DA:75,0
DA:76,0
DA:77,0
DA:81,0
DA:83,0
DA:84,0
DA:87,0
DA:88,0
DA:92,0
DA:93,0
DA:95,0
DA:96,0
DA:99,0
DA:100,0
DA:101,0
DA:105,0
DA:109,0
DA:113,0
DA:114,0
DA:116,0
DA:117,0
DA:120,0
DA:121,0
DA:125,0
DA:126,0
DA:127,0
DA:129,0
DA:130,0
DA:133,0
DA:134,0
DA:135,0
DA:139,0
DA:140,0
DA:142,0
DA:143,0
DA:146,0
DA:147,0
DA:151,0
DA:152,0
DA:153,0
DA:155,0
DA:156,0
DA:159,0
DA:160,0
DA:161,0
DA:165,0
LF:70
LH:7
BRDA:4,1,0,1
BRDA:4,1,1,1
BRDA:14,2,0,0
BRDA:14,2,1,2
BRDA:14,3,0,2
BRDA:14,3,1,2
BRDA:15,4,0,0
BRDA:15,4,1,2
BRDA:57,5,0,0
BRDA:57,5,1,0
BRDA:59,6,0,0
BRDA:59,6,1,0
BRDA:68,7,0,0
BRDA:68,7,1,0
BRDA:69,8,0,0
BRDA:69,8,1,0
BRDA:71,9,0,0
BRDA:71,9,1,0
BRDA:81,10,0,0
BRDA:81,10,1,0
BRDA:83,11,0,0
BRDA:83,11,1,0
BRDA:92,12,0,0
BRDA:92,12,1,0
BRDA:93,13,0,0
BRDA:93,13,1,0
BRDA:95,14,0,0
BRDA:95,14,1,0
BRDA:105,15,0,0
BRDA:105,15,1,0
BRDA:109,16,0,0
BRDA:109,16,1,0
BRDA:113,17,0,0
BRDA:113,17,1,0
BRDA:116,18,0,0
BRDA:116,18,1,0
BRDA:125,19,0,0
BRDA:125,19,1,0
BRDA:126,20,0,0
BRDA:126,20,1,0
BRDA:129,21,0,0
BRDA:129,21,1,0
BRDA:139,22,0,0
BRDA:139,22,1,0
BRDA:142,23,0,0
BRDA:142,23,1,0
BRDA:151,24,0,0
BRDA:151,24,1,0
BRDA:152,25,0,0
BRDA:152,25,1,0
BRDA:155,26,0,0
BRDA:155,26,1,0
BRDA:33,27,0,0
BRDA:33,27,1,0
BRDA:37,28,0,0
BRDA:37,28,1,0
BRDA:41,29,0,0
BRDA:41,29,1,0
BRDA:45,30,0,0
BRDA:45,30,1,0
BRDA:49,31,0,0
BRDA:49,31,1,0
BRDA:53,32,0,0
BRDA:53,32,1,0
BRF:64
BRH:6
end_of_record
TN:
SF:/now/mandala-js/src/aggregation.js
FN:11,Aggregation
FN:16,(anonymous_8)
FN:81,(anonymous_11)
FN:85,(anonymous_12)
FN:94,(anonymous_13)
FN:103,(anonymous_14)
FN:130,(anonymous_23)
FN:142,(anonymous_25)
FN:153,(anonymous_27)
FN:164,(anonymous_29)
FN:175,(anonymous_31)
FNF:11
FNH:0
FNDA:0,Aggregation
FNDA:0,(anonymous_8)
FNDA:0,(anonymous_11)
FNDA:0,(anonymous_12)
FNDA:0,(anonymous_13)
FNDA:0,(anonymous_14)
FNDA:0,(anonymous_23)
FNDA:0,(anonymous_25)
FNDA:0,(anonymous_27)
FNDA:0,(anonymous_29)
FNDA:0,(anonymous_31)
DA:1,1
DA:2,1
DA:3,1
DA:4,1
DA:5,1
DA:6,1
DA:7,1
DA:8,1
DA:11,0
DA:12,0
DA:19,0
DA:20,0
DA:21,0
DA:22,0
DA:26,0
DA:30,0
DA:31,0
DA:34,0
DA:38,0
DA:42,0
DA:43,0
DA:46,0
DA:50,0
DA:54,0
DA:55,0
DA:58,0
DA:59,0
DA:62,0
DA:66,0
DA:67,0
DA:70,0
DA:71,0
DA:72,0
DA:73,0
DA:74,0
DA:77,0
DA:78,0
DA:81,0
DA:82,0
DA:83,0
DA:85,0
DA:86,0
DA:89,0
DA:90,0
DA:91,0
DA:92,0
DA:94,0
DA:95,0
DA:99,0
DA:102,0
DA:103,0
DA:104,0
DA:107,0
DA:111,0
DA:119,0
DA:122,0
DA:123,0
DA:125,0
DA:126,0
DA:129,0
DA:130,0
DA:131,0
DA:132,0
DA:134,0
DA:137,0
DA:138,0
DA:140,0
DA:141,0
DA:142,0
DA:143,0
DA:145,0
DA:148,0
DA:149,0
DA:151,0
DA:152,0
DA:153,0
DA:154,0
DA:156,0
DA:159,0
DA:160,0
DA:162,0
DA:163,0
DA:164,0
DA:165,0
DA:167,0
DA:170,0
DA:171,0
DA:173,0
DA:174,0
DA:175,0
DA:176,0
DA:177,0
DA:179,0
LF:93
LH:8
BRDA:70,1,0,0
BRDA:70,1,1,0
BRDA:70,2,0,0
BRDA:70,2,1,0
BRDA:77,3,0,0
BRDA:77,3,1,0
BRDA:90,4,0,0
BRDA:90,4,1,0
BRDA:115,5,0,0
BRDA:115,5,1,0
BRDA:116,6,0,0
BRDA:116,6,1,0
BRDA:30,7,0,0
BRDA:30,7,1,0
BRDA:42,8,0,0
BRDA:42,8,1,0
BRDA:42,9,0,0
BRDA:42,9,1,0
BRDA:54,10,0,0
BRDA:54,10,1,0
BRDA:58,11,0,0
BRDA:58,11,1,0
BRDA:122,12,0,0
BRDA:122,12,1,0
BRDA:122,13,0,0
BRDA:122,13,1,0
BRDA:125,14,0,0
BRDA:125,14,1,0
BRDA:137,15,0,0
BRDA:137,15,1,0
BRDA:137,16,0,0
BRDA:137,16,1,0
BRDA:148,17,0,0
BRDA:148,17,1,0
BRDA:148,18,0,0
BRDA:148,18,1,0
BRDA:159,19,0,0
BRDA:159,19,1,0
BRDA:159,20,0,0
BRDA:159,20,1,0
BRDA:170,21,0,0
BRDA:170,21,1,0
BRDA:170,22,0,0
BRDA:170,22,1,0
BRF:44
BRH:0
end_of_record
TN:
SF:/now/mandala-js/src/client.js
FN:34,Client
FNF:1
FNH:1
FNDA:8,Client
DA:1,1
DA:2,1
DA:3,1
DA:4,1
DA:5,1
DA:6,1
DA:34,16
DA:35,8
DA:40,8
DA:41,0
DA:42,0
DA:43,0
DA:49,8
DA:54,8
DA:59,8
DA:64,8
DA:69,8
DA:74,8
DA:79,8
DA:83,180
DA:90,658
DA:94,0
DA:98,463
DA:102,10
DA:103,0
DA:106,10
DA:115,1
DA:125,1
DA:152,3
DA:153,3
DA:154,3
DA:165,969
DA:166,0
DA:170,969
LF:34
LH:28
BRDA:34,1,0,2
BRDA:34,1,1,6
BRDA:34,2,0,8
BRDA:34,2,1,6
BRDA:36,3,0,8
BRDA:36,3,1,8
BRDA:37,4,0,8
BRDA:37,4,1,8
BRDA:40,5,0,0
BRDA:40,5,1,8
BRDA:40,6,0,8
BRDA:40,6,1,0
BRDA:59,7,0,8
BRDA:59,7,1,4
BRDA:102,8,0,0
BRDA:102,8,1,10
BRDA:102,9,0,10
BRDA:102,9,1,5
BRDA:165,10,0,0
BRDA:165,10,1,969
BRF:20
BRH:16
end_of_record
TN:
SF:/now/mandala-js/src/datastore.js
FN:46,DataStore
FN:179,(anonymous_23)
FN:179,_callee
FN:304,(anonymous_28)
FN:304,_callee2
FN:416,(anonymous_33)
FN:416,_callee3
FN:503,(anonymous_38)
FN:503,_callee4
FN:539,(anonymous_41)
FN:540,(anonymous_42)
FN:546,(anonymous_43)
FN:565,(anonymous_44)
FN:590,(anonymous_47)
FN:590,_callee5
FN:627,(anonymous_50)
FN:628,(anonymous_51)
FN:634,(anonymous_52)
FN:653,(anonymous_53)
FN:699,(anonymous_57)
FN:699,_callee6
FN:722,(anonymous_60)
FN:731,(anonymous_61)
FN:738,(anonymous_62)
FN:739,(anonymous_63)
FN:784,(anonymous_66)
FN:784,_callee7
FN:819,(anonymous_69)
FN:820,(anonymous_70)
FN:863,(anonymous_73)
FN:863,_callee8
FN:971,(anonymous_86)
FN:978,(anonymous_87)
FNF:33
FNH:17
FNDA:68,DataStore
FNDA:4,(anonymous_23)
FNDA:11,_callee
FNDA:0,(anonymous_28)
FNDA:0,_callee2
FNDA:64,(anonymous_33)
FNDA:192,_callee3
FNDA:20,(anonymous_38)
FNDA:53,_callee4
FNDA:6,(anonymous_41)
FNDA:6,(anonymous_42)
FNDA:3,(anonymous_43)
FNDA:3,(anonymous_44)
FNDA:2,(anonymous_47)
FNDA:5,_callee5
FNDA:0,(anonymous_50)
FNDA:0,(anonymous_51)
FNDA:0,(anonymous_52)
FNDA:0,(anonymous_53)
FNDA:0,(anonymous_57)
FNDA:0,_callee6
FNDA:0,(anonymous_60)
FNDA:0,(anonymous_61)
FNDA:0,(anonymous_62)
FNDA:0,(anonymous_63)
FNDA:4,(anonymous_66)
FNDA:10,_callee7
FNDA:0,(anonymous_69)
FNDA:0,(anonymous_70)
FNDA:64,(anonymous_73)
FNDA:160,_callee8
FNDA:0,(anonymous_86)
FNDA:0,(anonymous_87)
DA:3,1
DA:4,1
DA:5,1
DA:6,1
DA:7,1
DA:8,1
DA:9,1
DA:10,1
DA:11,1
DA:12,1
DA:13,1
DA:14,1
DA:15,1
DA:16,1
DA:17,1
DA:18,1
DA:19,1
DA:20,1
DA:21,1
DA:22,1
DA:23,1
DA:24,1
DA:25,1
DA:26,1
DA:34,1
DA:39,1
DA:46,68
DA:47,68
DA:48,1
DA:54,67
DA:59,67
DA:64,67
DA:70,67
DA:76,67
DA:77,67
DA:80,67
DA:81,67
DA:89,161
DA:91,161
DA:92,161
DA:95,161
DA:96,160
DA:99,161
DA:107,7
DA:108,1
DA:112,6
DA:113,6
DA:121,72
DA:122,72
DA:130,136
DA:138,9
DA:139,1
DA:143,8
DA:144,8
DA:152,72
DA:153,72
DA:161,94
DA:178,4
DA:179,59
DA:180,2
DA:181,2
DA:192,1
DA:197,0
DA:208,1
DA:220,1
DA:221,1
DA:222,1
DA:223,1
DA:226,0
DA:232,1
DA:233,1
DA:247,1
DA:250,1
DA:251,0
DA:254,1
DA:255,1
DA:260,1
DA:261,1
DA:262,1
DA:263,1
DA:275,1
DA:280,1
DA:289,2
DA:303,0
DA:304,0
DA:306,0
DA:311,0
DA:316,0
DA:327,0
DA:338,0
DA:339,0
DA:340,0
DA:343,0
DA:349,0
DA:350,0
DA:363,0
DA:365,0
DA:366,0
DA:369,0
DA:370,0
DA:371,0
DA:376,0
DA:388,0
DA:399,0
DA:415,64
DA:416,1344
DA:424,32
DA:429,0
DA:440,32
DA:452,32
DA:453,32
DA:454,32
DA:455,32
DA:458,0
DA:463,32
DA:477,32
DA:478,32
DA:479,32
DA:480,32
DA:489,32
DA:502,20
DA:503,309
DA:506,0
DA:508,10
DA:510,10
DA:511,7
DA:512,7
DA:516,8
DA:528,8
DA:529,8
DA:530,8
DA:536,5
DA:537,5
DA:538,5
DA:539,6
DA:540,6
DA:544,8
DA:546,2
DA:547,3
DA:561,3
DA:562,3
DA:565,3
DA:566,2
DA:576,10
DA:589,2
DA:590,32
DA:593,0
DA:595,1
DA:596,1
DA:598,1
DA:599,1
DA:600,1
DA:604,1
DA:616,1
DA:617,1
DA:618,1
DA:624,0
DA:625,0
DA:626,0
DA:627,0
DA:628,0
DA:632,1
DA:634,0
DA:635,0
DA:636,0
DA:650,0
DA:651,0
DA:653,0
DA:654,0
DA:664,1
DA:678,3
DA:679,1
DA:682,2
DA:698,0
DA:699,0
DA:704,0
DA:716,0
DA:717,0
DA:718,0
DA:722,0
DA:723,0
DA:724,0
DA:726,0
DA:730,0
DA:731,0
DA:735,0
DA:736,0
DA:737,0
DA:738,0
DA:739,0
DA:743,0
DA:745,0
DA:759,0
DA:760,0
DA:761,0
DA:770,0
DA:783,4
DA:784,72
DA:787,0
DA:789,2
DA:801,2
DA:802,2
DA:803,2
DA:806,2
DA:809,1
DA:810,1
DA:817,0
DA:818,0
DA:819,0
DA:820,0
DA:824,2
DA:825,0
DA:826,0
DA:838,0
DA:839,0
DA:840,0
DA:849,2
DA:862,64
DA:863,922
DA:871,32
DA:883,32
DA:884,32
DA:885,32
DA:888,6
DA:891,26
DA:895,32
DA:904,32
DA:928,5
DA:929,0
DA:932,5
DA:968,0
DA:972,0
DA:973,0
DA:976,0
DA:979,0
DA:980,0
DA:983,0
DA:1046,34
DA:1047,0
DA:1050,34
DA:1097,4
DA:1098,4
DA:1100,4
DA:1102,1
DA:1103,1
DA:1104,1
DA:1106,1
DA:1107,1
DA:1108,1
DA:1111,2
DA:1112,2
DA:1116,4
DA:1120,0
LF:253
LH:170
BRDA:23,1,0,1
BRDA:23,1,1,1
BRDA:24,2,0,1
BRDA:24,2,1,1
BRDA:47,3,0,1
BRDA:47,3,1,67
BRDA:47,4,0,68
BRDA:47,4,1,49
BRDA:107,5,0,1
BRDA:107,5,1,6
BRDA:138,6,0,1
BRDA:138,6,1,8
BRDA:178,7,0,2
BRDA:178,7,1,0
BRDA:178,8,0,2
BRDA:178,8,1,0
BRDA:179,9,0,2
BRDA:179,9,1,1
BRDA:179,9,2,1
BRDA:179,9,3,0
BRDA:179,9,4,0
BRDA:179,9,5,1
BRDA:179,9,6,1
BRDA:179,9,7,1
BRDA:179,9,8,1
BRDA:179,9,9,0
BRDA:179,9,10,1
BRDA:179,9,11,1
BRDA:179,9,12,1
BRDA:179,9,13,1
BRDA:179,9,14,1
BRDA:179,9,15,0
BRDA:179,9,16,1
BRDA:179,9,17,0
BRDA:179,9,18,2
BRDA:179,10,0,1
BRDA:179,10,1,1
BRDA:184,11,0,2
BRDA:184,11,1,1
BRDA:179,12,0,0
BRDA:179,12,1,1
BRDA:179,13,0,0
BRDA:179,13,1,1
BRDA:179,14,0,1
BRDA:179,14,1,0
BRDA:179,15,0,1
BRDA:179,15,1,0
BRDA:179,16,0,0
BRDA:179,16,1,1
BRDA:232,17,0,1
BRDA:232,17,1,1
BRDA:250,18,0,0
BRDA:250,18,1,1
BRDA:179,19,0,0
BRDA:179,19,1,1
BRDA:303,20,0,0
BRDA:303,20,1,0
BRDA:303,21,0,0
BRDA:303,21,1,0
BRDA:304,22,0,0
BRDA:304,22,1,0
BRDA:304,22,2,0
BRDA:304,22,3,0
BRDA:304,22,4,0
BRDA:304,22,5,0
BRDA:304,22,6,0
BRDA:304,22,7,0
BRDA:304,22,8,0
BRDA:304,22,9,0
BRDA:304,22,10,0
BRDA:304,22,11,0
BRDA:304,22,12,0
BRDA:304,22,13,0
BRDA:304,22,14,0
BRDA:304,22,15,0
BRDA:304,22,16,0
BRDA:304,22,17,0
BRDA:304,23,0,0
BRDA:304,23,1,0
BRDA:304,24,0,0
BRDA:304,24,1,0
BRDA:304,25,0,0
BRDA:304,25,1,0
BRDA:304,26,0,0
BRDA:304,26,1,0
BRDA:304,27,0,0
BRDA:304,27,1,0
BRDA:304,28,0,0
BRDA:304,28,1,0
BRDA:349,29,0,0
BRDA:349,29,1,0
BRDA:365,30,0,0
BRDA:365,30,1,0
BRDA:304,31,0,0
BRDA:304,31,1,0
BRDA:415,32,0,32
BRDA:415,32,1,0
BRDA:415,33,0,32
BRDA:415,33,1,0
BRDA:416,34,0,32
BRDA:416,34,1,32
BRDA:416,34,2,32
BRDA:416,34,3,0
BRDA:416,34,4,0
BRDA:416,34,5,32
BRDA:416,34,6,32
BRDA:416,34,7,32
BRDA:416,34,8,32
BRDA:416,34,9,0
BRDA:416,34,10,32
BRDA:416,34,11,32
BRDA:416,34,12,32
BRDA:416,34,13,0
BRDA:416,34,14,32
BRDA:416,34,15,0
BRDA:416,34,16,32
BRDA:416,35,0,32
BRDA:416,35,1,0
BRDA:417,36,0,32
BRDA:417,36,1,0
BRDA:416,37,0,0
BRDA:416,37,1,32
BRDA:416,38,0,0
BRDA:416,38,1,32
BRDA:416,39,0,32
BRDA:416,39,1,0
BRDA:416,40,0,32
BRDA:416,40,1,0
BRDA:455,41,0,32
BRDA:455,41,1,0
BRDA:416,42,0,0
BRDA:416,42,1,32
BRDA:480,43,0,32
BRDA:480,43,1,0
BRDA:502,44,0,10
BRDA:502,44,1,0
BRDA:502,45,0,10
BRDA:502,45,1,2
BRDA:503,46,0,10
BRDA:503,46,1,10
BRDA:503,46,2,8
BRDA:503,46,3,8
BRDA:503,46,4,5
BRDA:503,46,5,8
BRDA:503,46,6,2
BRDA:503,46,7,2
BRDA:503,46,8,10
BRDA:503,46,9,0
BRDA:503,46,10,10
BRDA:503,46,11,0
BRDA:503,46,12,10
BRDA:503,47,0,10
BRDA:503,47,1,0
BRDA:510,48,0,7
BRDA:510,48,1,3
BRDA:503,49,0,2
BRDA:503,49,1,8
BRDA:503,50,0,0
BRDA:503,50,1,8
BRDA:503,51,0,3
BRDA:503,51,1,5
BRDA:544,52,0,6
BRDA:544,52,1,2
BRDA:503,53,0,0
BRDA:503,53,1,2
BRDA:566,54,0,1
BRDA:566,54,1,1
BRDA:589,55,0,1
BRDA:589,55,1,0
BRDA:589,56,0,1
BRDA:589,56,1,1
BRDA:590,57,0,1
BRDA:590,57,1,1
BRDA:590,57,2,1
BRDA:590,57,3,1
BRDA:590,57,4,0
BRDA:590,57,5,1
BRDA:590,57,6,0
BRDA:590,57,7,0
BRDA:590,57,8,1
BRDA:590,57,9,0
BRDA:590,57,10,1
BRDA:590,57,11,0
BRDA:590,57,12,1
BRDA:590,58,0,1
BRDA:590,58,1,0
BRDA:598,59,0,1
BRDA:598,59,1,0
BRDA:590,60,0,0
BRDA:590,60,1,1
BRDA:609,61,0,1
BRDA:609,61,1,0
BRDA:590,62,0,0
BRDA:590,62,1,1
BRDA:590,63,0,1
BRDA:590,63,1,0
BRDA:632,64,0,1
BRDA:632,64,1,0
BRDA:590,65,0,0
BRDA:590,65,1,0
BRDA:642,66,0,0
BRDA:642,66,1,0
BRDA:654,67,0,0
BRDA:654,67,1,0
BRDA:678,68,0,1
BRDA:678,68,1,2
BRDA:698,69,0,0
BRDA:698,69,1,0
BRDA:698,70,0,0
BRDA:698,70,1,0
BRDA:699,71,0,0
BRDA:699,71,1,0
BRDA:699,71,2,0
BRDA:699,71,3,0
BRDA:699,71,4,0
BRDA:699,71,5,0
BRDA:699,71,6,0
BRDA:699,71,7,0
BRDA:699,71,8,0
BRDA:699,71,9,0
BRDA:699,71,10,0
BRDA:699,71,11,0
BRDA:699,71,12,0
BRDA:699,71,13,0
BRDA:699,72,0,0
BRDA:699,72,1,0
BRDA:701,73,0,0
BRDA:701,73,1,0
BRDA:699,74,0,0
BRDA:699,74,1,0
BRDA:699,75,0,0
BRDA:699,75,1,0
BRDA:699,76,0,0
BRDA:699,76,1,0
BRDA:699,77,0,0
BRDA:699,77,1,0
BRDA:783,78,0,2
BRDA:783,78,1,0
BRDA:783,79,0,2
BRDA:783,79,1,0
BRDA:784,80,0,2
BRDA:784,80,1,2
BRDA:784,80,2,2
BRDA:784,80,3,1
BRDA:784,80,4,1
BRDA:784,80,5,2
BRDA:784,80,6,0
BRDA:784,80,7,2
BRDA:784,80,8,0
BRDA:784,80,9,2
BRDA:784,80,10,0
BRDA:784,80,11,2
BRDA:784,80,12,0
BRDA:784,80,13,2
BRDA:784,81,0,2
BRDA:784,81,1,0
BRDA:784,82,0,0
BRDA:784,82,1,2
BRDA:784,83,0,0
BRDA:784,83,1,2
BRDA:784,84,0,1
BRDA:784,84,1,1
BRDA:784,85,0,2
BRDA:784,85,1,0
BRDA:825,86,0,0
BRDA:825,86,1,0
BRDA:862,87,0,32
BRDA:862,87,1,0
BRDA:862,88,0,32
BRDA:862,88,1,0
BRDA:863,89,0,32
BRDA:863,89,1,32
BRDA:863,89,2,32
BRDA:863,89,3,6
BRDA:863,89,4,26
BRDA:863,89,5,32
BRDA:863,89,6,32
BRDA:863,89,7,0
BRDA:863,89,8,32
BRDA:863,89,9,0
BRDA:863,89,10,32
BRDA:863,90,0,32
BRDA:863,90,1,0
BRDA:865,91,0,32
BRDA:865,91,1,0
BRDA:863,92,0,0
BRDA:863,92,1,32
BRDA:863,93,0,26
BRDA:863,93,1,6
BRDA:863,94,0,0
BRDA:863,94,1,26
BRDA:928,95,0,0
BRDA:928,95,1,5
BRDA:972,96,0,0
BRDA:972,96,1,0
BRDA:979,97,0,0
BRDA:979,97,1,0
BRDA:1046,98,0,0
BRDA:1046,98,1,34
BRDA:91,99,0,161
BRDA:91,99,1,0
BRDA:95,100,0,160
BRDA:95,100,1,1
BRDA:1097,101,0,2
BRDA:1097,101,1,2
BRDA:1097,102,0,4
BRDA:1097,102,1,2
BRDA:1101,103,0,1
BRDA:1101,103,1,1
BRDA:1101,103,2,2
BRDA:1101,103,3,2
BRDA:1127,104,0,65
BRF:312
BRH:160
end_of_record
TN:
SF:/now/mandala-js/src/endpoint.js
FNF:0
FNH:0
DA:1,1
DA:2,1
DA:3,1
DA:4,1
DA:5,1
DA:6,1
DA:7,1
DA:8,1
DA:34,4
LF:9
LH:9
BRDA:8,1,0,1
BRDA:8,1,1,1
BRF:2
BRH:2
end_of_record
TN:
SF:/now/mandala-js/src/errors.js
FN:4,KinveyError
FN:12,ActiveUserError
FN:18,FeatureUnavailableError
FN:24,IncompleteRequestBodyError
FN:30,InsufficientCredentialsError
FN:37,InvalidCredentialsError
FN:43,InvalidIdentifierError
FN:49,InvalidQuerySyntaxError
FN:55,JSONParseError
FN:61,MissingQueryError
FN:67,MissingRequestHeaderError
FN:73,MissingRequestParameterError
FN:79,NoNetworkConnectionError
FN:85,NoActiveUserError
FN:91,NotFoundError
FN:97,NoResponseError
FN:103,ParameterValueOutOfRangeError
FN:109,SyncError
FNF:18
FNH:5
FNDA:43,KinveyError
FNDA:4,ActiveUserError
FNDA:0,FeatureUnavailableError
FNDA:0,IncompleteRequestBodyError
FNDA:0,InsufficientCredentialsError
FNDA:0,InvalidCredentialsError
FNDA:0,InvalidIdentifierError
FNDA:0,InvalidQuerySyntaxError
FNDA:0,JSONParseError
FNDA:0,MissingQueryError
FNDA:0,MissingRequestHeaderError
FNDA:0,MissingRequestParameterError
FNDA:0,NoNetworkConnectionError
FNDA:2,NoActiveUserError
FNDA:2,NotFoundError
FNDA:0,NoResponseError
FNDA:0,ParameterValueOutOfRangeError
FNDA:8,SyncError
DA:1,1
DA:4,258
DA:6,43
DA:7,43
DA:12,16
DA:18,0
DA:24,0
DA:31,0
DA:37,0
DA:43,0
DA:49,0
DA:55,0
DA:61,0
DA:67,0
DA:73,0
DA:79,0
DA:85,8
DA:91,8
DA:97,0
DA:103,0
DA:109,32
LF:21
LH:8
BRDA:4,1,0,10
BRDA:4,1,1,33
BRDA:4,2,0,43
BRDA:4,2,1,34
BRDA:4,3,0,39
BRDA:4,3,1,4
BRDA:4,4,0,43
BRDA:4,4,1,21
BRDA:4,5,0,42
BRDA:4,5,1,1
BRDA:4,6,0,43
BRDA:4,6,1,1
BRDA:12,7,0,2
BRDA:12,7,1,2
BRDA:12,8,0,4
BRDA:12,8,1,2
BRDA:18,9,0,0
BRDA:18,9,1,0
BRDA:18,10,0,0
BRDA:18,10,1,0
BRDA:24,11,0,0
BRDA:24,11,1,0
BRDA:24,12,0,0
BRDA:24,12,1,0
BRDA:30,13,0,0
BRDA:30,13,1,0
BRDA:31,14,0,0
BRDA:31,14,1,0
BRDA:37,15,0,0
BRDA:37,15,1,0
BRDA:37,16,0,0
BRDA:37,16,1,0
BRDA:43,17,0,0
BRDA:43,17,1,0
BRDA:43,18,0,0
BRDA:43,18,1,0
BRDA:49,19,0,0
BRDA:49,19,1,0
BRDA:49,20,0,0
BRDA:49,20,1,0
BRDA:55,21,0,0
BRDA:55,21,1,0
BRDA:55,22,0,0
BRDA:55,22,1,0
BRDA:61,23,0,0
BRDA:61,23,1,0
BRDA:61,24,0,0
BRDA:61,24,1,0
BRDA:67,25,0,0
BRDA:67,25,1,0
BRDA:67,26,0,0
BRDA:67,26,1,0
BRDA:73,27,0,0
BRDA:73,27,1,0
BRDA:73,28,0,0
BRDA:73,28,1,0
BRDA:79,29,0,0
BRDA:79,29,1,0
BRDA:79,30,0,0
BRDA:79,30,1,0
BRDA:85,31,0,0
BRDA:85,31,1,2
BRDA:85,32,0,2
BRDA:85,32,1,2
BRDA:91,33,0,0
BRDA:91,33,1,2
BRDA:91,34,0,2
BRDA:91,34,1,2
BRDA:97,35,0,0
BRDA:97,35,1,0
BRDA:97,36,0,0
BRDA:97,36,1,0
BRDA:103,37,0,0
BRDA:103,37,1,0
BRDA:103,38,0,0
BRDA:103,38,1,0
BRDA:109,39,0,4
BRDA:109,39,1,4
BRDA:109,40,0,8
BRDA:109,40,1,4
BRF:80
BRH:26
end_of_record
TN:
SF:/now/mandala-js/src/filestore.js
FN:14,FileStore
FN:88,(anonymous_22)
FNF:2
FNH:0
FNDA:0,FileStore
FNDA:0,(anonymous_22)
DA:2,1
DA:3,1
DA:4,1
DA:5,1
DA:6,1
DA:7,1
DA:8,1
DA:14,0
DA:16,0
DA:45,0
DA:80,0
DA:81,0
DA:82,0
DA:88,0
DA:95,0
DA:124,0
DA:125,0
DA:126,0
DA:144,0
DA:145,0
DA:146,0
DA:175,0
DA:176,0
DA:177,0
DA:181,0
DA:182,0
DA:183,0
DA:185,0
DA:186,0
DA:202,0
DA:205,0
DA:206,0
DA:207,0
DA:219,0
DA:220,0
DA:223,0
DA:224,0
DA:225,0
DA:233,0
DA:234,0
DA:238,0
DA:243,0
DA:247,0
LF:43
LH:7
BRDA:7,1,0,1
BRDA:7,1,1,1
BRDA:8,2,0,1
BRDA:8,2,1,1
BRDA:80,3,0,0
BRDA:80,3,1,0
BRDA:124,4,0,0
BRDA:124,4,1,0
BRDA:144,5,0,0
BRDA:144,5,1,0
BRDA:175,6,0,0
BRDA:175,6,1,0
BRDA:175,7,0,0
BRDA:175,7,1,0
BRDA:181,8,0,0
BRDA:181,8,1,0
BRDA:181,8,2,0
BRDA:182,9,0,0
BRDA:182,9,1,0
BRDA:182,9,2,0
BRDA:183,10,0,0
BRDA:183,10,1,0
BRDA:183,10,2,0
BRDA:183,10,3,0
BRDA:185,11,0,0
BRDA:185,11,1,0
BRDA:205,12,0,0
BRDA:205,12,1,0
BRDA:218,13,0,0
BRF:29
BRH:4
end_of_record
TN:
SF:/now/mandala-js/src/kinvey.js
FNF:0
FNH:0
DA:1,1
DA:2,1
DA:3,1
DA:4,1
DA:5,1
DA:6,1
DA:7,1
DA:8,1
DA:9,1
DA:10,1
DA:11,1
DA:12,1
DA:13,1
DA:14,1
DA:15,1
DA:16,1
DA:17,1
DA:18,1
DA:22,2
DA:23,0
DA:27,2
DA:31,1
DA:35,1
DA:60,3
DA:61,0
DA:66,3
DA:67,0
DA:72,3
DA:75,3
DA:76,3
DA:77,3
DA:78,3
DA:79,3
DA:80,3
DA:81,3
DA:82,3
DA:83,3
DA:84,3
DA:85,3
DA:86,3
DA:87,3
DA:90,3
LF:42
LH:39
BRDA:17,1,0,1
BRDA:17,1,1,1
BRDA:60,2,0,0
BRDA:60,2,1,3
BRDA:60,3,0,3
BRDA:60,3,1,0
BRDA:66,4,0,0
BRDA:66,4,1,3
BRDA:66,5,0,3
BRDA:66,5,1,0
BRDA:22,6,0,0
BRDA:22,6,1,2
BRF:12
BRH:7
end_of_record
TN:
SF:/now/mandala-js/src/log.js
FN:4,methodFactory
FN:7,log
FNF:2
FNH:0
FNDA:0,methodFactory
FNDA:0,log
DA:1,1
DA:2,1
DA:4,1
DA:5,0
DA:7,0
DA:8,0
DA:12,1
LF:7
LH:4
BRF:0
BRH:0
end_of_record
TN:
SF:/now/mandala-js/src/metadata.js
FN:10,Metadata
FNF:1
FNH:1
FNDA:16,Metadata
DA:1,1
DA:2,1
DA:3,1
DA:4,1
DA:10,32
DA:11,16
DA:12,0
DA:21,16
DA:25,0
DA:26,0
DA:29,0
DA:33,0
DA:37,0
DA:38,0
DA:41,0
DA:45,0
DA:49,2
DA:53,0
DA:57,16
DA:61,0
LF:20
LH:9
BRDA:4,1,0,1
BRDA:4,1,1,1
BRDA:10,2,0,0
BRDA:10,2,1,16
BRDA:10,3,0,16
BRDA:10,3,1,16
BRDA:11,4,0,0
BRDA:11,4,1,16
BRDA:21,5,0,16
BRDA:21,5,1,4
BRDA:25,6,0,0
BRDA:25,6,1,0
BRDA:37,7,0,0
BRDA:37,7,1,0
BRF:14
BRH:8
end_of_record
TN:
SF:/now/mandala-js/src/mic.js
FN:36,MobileIdentityConnect
FN:54,(anonymous_9)
FN:61,(anonymous_10)
FN:66,(anonymous_11)
FN:100,(anonymous_13)
FN:104,(anonymous_15)
FN:133,(anonymous_16)
FN:134,(anonymous_17)
FN:137,loadedCallback
FN:146,errorCallback
FN:152,closedCallback
FN:171,(anonymous_22)
FN:188,(anonymous_23)
FN:222,(anonymous_25)
FNF:14
FNH:1
FNDA:1,MobileIdentityConnect
FNDA:0,(anonymous_9)
FNDA:0,(anonymous_10)
FNDA:0,(anonymous_11)
FNDA:0,(anonymous_13)
FNDA:0,(anonymous_15)
FNDA:0,(anonymous_16)
FNDA:0,(anonymous_17)
FNDA:0,loadedCallback
FNDA:0,errorCallback
FNDA:0,closedCallback
FNDA:0,(anonymous_22)
FNDA:0,(anonymous_23)
FNDA:0,(anonymous_25)
DA:1,1
DA:2,1
DA:3,1
DA:4,1
DA:5,1
DA:6,1
DA:7,1
DA:8,1
DA:9,1
DA:14,1
DA:18,1
DA:24,1
DA:29,1
DA:36,2
DA:37,1
DA:48,1
DA:51,0
DA:52,0
DA:55,0
DA:57,0
DA:58,0
DA:61,0
DA:64,0
DA:66,0
DA:68,0
DA:71,0
DA:72,0
DA:74,0
DA:75,0
DA:77,0
DA:78,0
DA:81,0
DA:84,0
DA:98,0
DA:99,0
DA:100,0
DA:103,0
DA:104,0
DA:105,0
DA:107,0
DA:108,0
DA:110,0
DA:111,0
DA:114,0
DA:117,0
DA:118,0
DA:119,0
DA:131,0
DA:134,0
DA:135,0
DA:138,0
DA:139,0
DA:140,0
DA:141,0
DA:142,0
DA:147,0
DA:148,0
DA:149,0
DA:153,0
DA:155,0
DA:156,0
DA:160,0
DA:161,0
DA:162,0
DA:164,0
DA:167,0
DA:170,0
DA:171,0
DA:172,0
DA:185,0
DA:186,0
DA:187,0
DA:189,0
DA:191,0
DA:192,0
DA:195,0
DA:199,0
DA:202,0
DA:203,0
DA:219,0
DA:220,0
DA:221,0
DA:222,0
DA:223,0
LF:84
LH:16
BRDA:8,1,0,1
BRDA:8,1,1,1
BRDA:9,2,0,1
BRDA:9,2,1,1
BRDA:36,3,0,0
BRDA:36,3,1,1
BRDA:36,4,0,1
BRDA:36,4,1,1
BRDA:38,5,0,1
BRDA:38,5,1,1
BRDA:39,6,0,1
BRDA:39,6,1,1
BRDA:51,7,0,0
BRDA:51,7,1,0
BRDA:51,8,0,0
BRDA:51,8,1,0
BRDA:51,9,0,0
BRDA:51,9,1,0
BRDA:51,10,0,0
BRDA:51,10,1,0
BRDA:55,11,0,0
BRDA:55,11,1,0
BRDA:58,12,0,0
BRDA:58,12,1,0
BRDA:71,13,0,0
BRDA:71,13,1,0
BRDA:71,14,0,0
BRDA:71,14,1,0
BRDA:74,15,0,0
BRDA:74,15,1,0
BRDA:77,16,0,0
BRDA:77,16,1,0
BRDA:81,17,0,0
BRDA:81,17,1,0
BRDA:103,18,0,0
BRDA:103,18,1,0
BRDA:103,19,0,0
BRDA:103,19,1,0
BRDA:107,20,0,0
BRDA:107,20,1,0
BRDA:110,21,0,0
BRDA:110,21,1,0
BRDA:114,22,0,0
BRDA:114,22,1,0
BRDA:117,23,0,0
BRDA:117,23,1,0
BRDA:138,24,0,0
BRDA:138,24,1,0
BRDA:155,25,0,0
BRDA:155,25,1,0
BRDA:170,26,0,0
BRDA:170,26,1,0
BRDA:170,27,0,0
BRDA:170,27,1,0
BRDA:191,28,0,0
BRDA:191,28,1,0
BRDA:202,29,0,0
BRDA:202,29,1,0
BRDA:202,30,0,0
BRDA:202,30,1,0
BRDA:48,31,0,1
BRDA:48,31,1,1
BRF:62
BRH:13
end_of_record
TN:
SF:/now/mandala-js/src/query.js
FN:13,Query
FN:381,(anonymous_28)
FN:456,(anonymous_34)
FN:481,(anonymous_35)
FN:502,(anonymous_37)
FN:514,(anonymous_38)
FN:516,(anonymous_39)
FN:527,(anonymous_40)
FN:529,(anonymous_41)
FN:621,(anonymous_44)
FNF:10
FNH:4
FNDA:90,Query
FNDA:0,(anonymous_28)
FNDA:0,(anonymous_34)
FNDA:0,(anonymous_35)
FNDA:14,(anonymous_37)
FNDA:0,(anonymous_38)
FNDA:0,(anonymous_39)
FNDA:4,(anonymous_40)
FNDA:0,(anonymous_41)
FNDA:5,(anonymous_44)
DA:1,1
DA:2,1
DA:3,1
DA:4,1
DA:5,1
DA:6,1
DA:7,1
DA:8,1
DA:9,1
DA:10,1
DA:13,90
DA:14,90
DA:27,90
DA:34,90
DA:41,90
DA:48,90
DA:55,90
DA:63,90
DA:67,25
DA:71,91
DA:73,91
DA:74,0
DA:77,91
DA:78,0
DA:80,91
DA:85,134
DA:89,90
DA:93,26
DA:97,132
DA:98,0
DA:101,132
DA:102,0
DA:104,132
DA:109,25
DA:113,133
DA:114,0
DA:117,133
DA:118,0
DA:121,133
DA:122,0
DA:124,133
DA:129,25
DA:133,134
DA:134,0
DA:137,134
DA:138,0
DA:141,134
DA:142,0
DA:144,134
DA:158,73
DA:159,73
DA:173,12
DA:174,0
DA:177,12
DA:191,0
DA:192,0
DA:195,0
DA:209,0
DA:210,0
DA:213,0
DA:217,0
DA:218,0
DA:221,0
DA:225,0
DA:226,0
DA:229,0
DA:233,0
DA:234,0
DA:237,0
DA:241,0
DA:245,0
DA:246,0
DA:249,0
DA:252,0
DA:253,0
DA:256,0
DA:257,0
DA:258,0
DA:261,0
DA:264,0
DA:265,0
DA:266,0
DA:269,0
DA:273,0
DA:274,0
DA:278,0
DA:280,0
DA:281,0
DA:284,0
DA:285,0
DA:288,0
DA:289,0
DA:292,0
DA:293,0
DA:296,0
DA:300,0
DA:302,0
DA:303,0
DA:306,0
DA:307,0
DA:310,0
DA:311,0
DA:315,0
DA:317,0
DA:318,0
DA:321,0
DA:322,0
DA:325,0
DA:326,0
DA:329,0
DA:331,0
DA:332,0
DA:335,0
DA:339,0
DA:340,0
DA:343,0
DA:344,0
DA:346,0
DA:348,0
DA:349,0
DA:352,0
DA:356,0
DA:357,0
DA:360,0
DA:361,0
DA:364,0
DA:365,0
DA:366,0
DA:367,0
DA:369,0
DA:373,0
DA:377,0
DA:378,0
DA:381,0
DA:382,0
DA:383,0
DA:386,0
DA:389,0
DA:393,0
DA:394,0
DA:397,0
DA:398,0
DA:401,0
DA:405,1
DA:406,0
DA:408,1
DA:411,1
DA:415,0
DA:416,0
DA:418,0
DA:421,0
DA:433,12
DA:434,12
DA:437,12
DA:438,12
DA:449,0
DA:450,0
DA:451,0
DA:456,0
DA:457,0
DA:458,0
DA:459,0
DA:461,0
DA:465,0
DA:471,0
DA:472,0
DA:473,0
DA:480,0
DA:481,0
DA:482,0
DA:483,0
DA:487,0
DA:491,0
DA:501,14
DA:502,42
DA:504,14
DA:505,0
DA:509,14
DA:510,14
DA:513,14
DA:514,0
DA:515,0
DA:516,0
DA:517,0
DA:518,0
DA:522,0
DA:527,14
DA:528,4
DA:529,4
DA:531,0
DA:532,0
DA:536,0
DA:537,0
DA:540,0
DA:541,0
DA:547,0
DA:549,0
DA:552,0
DA:555,4
DA:559,14
DA:560,0
DA:563,14
DA:566,0
DA:575,14
DA:576,0
DA:580,14
DA:588,14
DA:598,10
DA:600,10
DA:601,1
DA:604,10
DA:605,1
DA:608,10
DA:609,1
DA:612,10
DA:613,1
DA:616,10
DA:617,1
DA:620,10
DA:621,10
DA:622,5
DA:625,10
DA:629,0
LF:223
LH:80
BRDA:173,1,0,0
BRDA:173,1,1,12
BRDA:191,2,0,0
BRDA:191,2,1,0
BRDA:209,3,0,0
BRDA:209,3,1,0
BRDA:209,4,0,0
BRDA:209,4,1,0
BRDA:217,5,0,0
BRDA:217,5,1,0
BRDA:217,6,0,0
BRDA:217,6,1,0
BRDA:225,7,0,0
BRDA:225,7,1,0
BRDA:225,8,0,0
BRDA:225,8,1,0
BRDA:233,9,0,0
BRDA:233,9,1,0
BRDA:233,10,0,0
BRDA:233,10,1,0
BRDA:245,11,0,0
BRDA:245,11,1,0
BRDA:257,12,0,0
BRDA:257,12,1,0
BRDA:257,13,0,0
BRDA:257,13,1,0
BRDA:265,14,0,0
BRDA:265,14,1,0
BRDA:273,15,0,0
BRDA:273,15,1,0
BRDA:273,16,0,0
BRDA:273,16,1,0
BRDA:278,17,0,0
BRDA:278,17,1,0
BRDA:280,18,0,0
BRDA:280,18,1,0
BRDA:284,19,0,0
BRDA:284,19,1,0
BRDA:288,20,0,0
BRDA:288,20,1,0
BRDA:292,21,0,0
BRDA:292,21,1,0
BRDA:300,22,0,0
BRDA:300,22,1,0
BRDA:302,23,0,0
BRDA:302,23,1,0
BRDA:306,24,0,0
BRDA:306,24,1,0
BRDA:306,25,0,0
BRDA:306,25,1,0
BRDA:306,25,2,0
BRDA:310,26,0,0
BRDA:310,26,1,0
BRDA:317,27,0,0
BRDA:317,27,1,0
BRDA:317,28,0,0
BRDA:317,28,1,0
BRDA:317,28,2,0
BRDA:321,29,0,0
BRDA:321,29,1,0
BRDA:325,30,0,0
BRDA:325,30,1,0
BRDA:331,31,0,0
BRDA:331,31,1,0
BRDA:339,32,0,0
BRDA:339,32,1,0
BRDA:339,33,0,0
BRDA:339,33,1,0
BRDA:339,33,2,0
BRDA:348,34,0,0
BRDA:348,34,1,0
BRDA:356,35,0,0
BRDA:356,35,1,0
BRDA:356,36,0,0
BRDA:356,36,1,0
BRDA:356,36,2,0
BRDA:360,37,0,0
BRDA:360,37,1,0
BRDA:360,38,0,0
BRDA:360,38,1,0
BRDA:360,38,2,0
BRDA:377,39,0,0
BRDA:377,39,1,0
BRDA:377,40,0,0
BRDA:377,40,1,0
BRDA:382,41,0,0
BRDA:382,41,1,0
BRDA:382,42,0,0
BRDA:382,42,1,0
BRDA:393,43,0,0
BRDA:393,43,1,0
BRDA:397,44,0,0
BRDA:397,44,1,0
BRDA:405,45,0,0
BRDA:405,45,1,1
BRDA:415,46,0,0
BRDA:415,46,1,0
BRDA:433,47,0,12
BRDA:433,47,1,0
BRDA:457,48,0,0
BRDA:457,48,1,0
BRDA:458,49,0,0
BRDA:458,49,1,0
BRDA:471,50,0,0
BRDA:471,50,1,0
BRDA:502,51,0,14
BRDA:502,51,1,0
BRDA:504,52,0,0
BRDA:504,52,1,14
BRDA:513,53,0,0
BRDA:513,53,1,14
BRDA:513,54,0,14
BRDA:513,54,1,14
BRDA:517,55,0,0
BRDA:517,55,1,0
BRDA:536,56,0,0
BRDA:536,56,1,0
BRDA:536,57,0,0
BRDA:536,57,1,0
BRDA:540,58,0,0
BRDA:540,58,1,0
BRDA:540,59,0,0
BRDA:540,59,1,0
BRDA:547,60,0,0
BRDA:547,60,1,0
BRDA:549,61,0,0
BRDA:549,61,1,0
BRDA:559,62,0,0
BRDA:559,62,1,14
BRDA:502,63,0,14
BRDA:502,63,1,14
BRDA:575,64,0,0
BRDA:575,64,1,14
BRDA:600,65,0,1
BRDA:600,65,1,9
BRDA:604,66,0,1
BRDA:604,66,1,9
BRDA:608,67,0,1
BRDA:608,67,1,9
BRDA:612,68,0,1
BRDA:612,68,1,9
BRDA:616,69,0,1
BRDA:616,69,1,9
BRDA:622,70,0,1
BRDA:622,70,1,4
BRDA:71,71,0,91
BRDA:71,71,1,0
BRDA:73,72,0,0
BRDA:73,72,1,91
BRDA:77,73,0,0
BRDA:77,73,1,91
BRDA:97,74,0,0
BRDA:97,74,1,132
BRDA:97,75,0,132
BRDA:97,75,1,90
BRDA:101,76,0,0
BRDA:101,76,1,132
BRDA:104,77,0,132
BRDA:104,77,1,42
BRDA:113,78,0,0
BRDA:113,78,1,133
BRDA:117,79,0,0
BRDA:117,79,1,133
BRDA:117,80,0,133
BRDA:117,80,1,1
BRDA:121,81,0,0
BRDA:121,81,1,133
BRDA:133,82,0,0
BRDA:133,82,1,134
BRDA:137,83,0,0
BRDA:137,83,1,134
BRDA:141,84,0,0
BRDA:141,84,1,134
BRF:173
BRH:41
end_of_record
TN:
SF:/now/mandala-js/src/sync.js
FN:19,Sync
FN:69,(anonymous_17)
FN:74,(anonymous_18)
FN:116,(anonymous_23)
FN:116,_callee2
FN:185,(anonymous_31)
FN:185,_callee4
FN:275,(anonymous_39)
FN:275,_callee6
FN:371,(anonymous_49)
FN:375,_callee12$
FN:376,(anonymous_53)
FN:376,_callee11
FN:381,(anonymous_56)
FN:403,(anonymous_57)
FN:402,(anonymous_58)
FN:407,_callee8
FN:429,(anonymous_61)
FN:485,(anonymous_63)
FN:484,(anonymous_64)
FN:486,_callee9
FN:499,(anonymous_67)
FN:523,_callee10
FN:548,(anonymous_72)
FNF:24
FNH:20
FNDA:85,Sync
FNDA:39,(anonymous_17)
FNDA:7,(anonymous_18)
FNDA:26,(anonymous_23)
FNDA:42,_callee2
FNDA:10,(anonymous_31)
FNDA:15,_callee4
FNDA:10,(anonymous_39)
FNDA:15,_callee6
FNDA:9,(anonymous_49)
FNDA:14,_callee12$
FNDA:14,(anonymous_53)
FNDA:28,_callee11
FNDA:8,(anonymous_56)
FNDA:1,(anonymous_57)
FNDA:1,(anonymous_58)
FNDA:0,_callee8
FNDA:0,(anonymous_61)
FNDA:7,(anonymous_63)
FNDA:21,(anonymous_64)
FNDA:33,_callee9
FNDA:7,(anonymous_67)
FNDA:0,_callee10
FNDA:0,(anonymous_72)
DA:1,1
DA:2,1
DA:3,1
DA:4,1
DA:5,1
DA:6,1
DA:7,1
DA:8,1
DA:9,1
DA:10,1
DA:11,1
DA:12,1
DA:13,1
DA:14,1
DA:15,1
DA:16,1
DA:19,85
DA:24,85
DA:33,120
DA:69,39
DA:73,39
DA:74,39
DA:110,12
DA:111,2
DA:112,2
DA:116,259
DA:124,14
DA:131,13
DA:132,13
DA:133,13
DA:136,13
DA:152,13
DA:179,5
DA:180,4
DA:181,4
DA:185,95
DA:193,5
DA:200,5
DA:201,5
DA:202,5
DA:205,5
DA:221,5
DA:269,5
DA:270,3
DA:271,3
DA:275,88
DA:283,5
DA:290,4
DA:291,4
DA:292,4
DA:295,4
DA:311,4
DA:370,7
DA:371,9
DA:375,49
DA:376,105
DA:377,7
DA:378,7
DA:381,7
DA:382,8
DA:383,8
DA:384,8
DA:385,8
DA:386,8
DA:388,8
DA:390,1
DA:402,2
DA:404,1
DA:405,1
DA:407,0
DA:408,0
DA:409,0
DA:417,0
DA:429,0
DA:430,0
DA:454,7
DA:456,7
DA:472,7
DA:473,5
DA:474,5
DA:475,5
DA:476,5
DA:481,5
DA:484,35
DA:485,7
DA:486,110
DA:488,7
DA:499,7
DA:504,5
DA:523,0
DA:524,0
DA:525,0
DA:536,0
DA:548,0
DA:549,0
DA:576,0
DA:584,7
DA:638,51
DA:639,51
DA:650,51
LF:100
LH:87
BRDA:13,1,0,1
BRDA:13,1,1,1
BRDA:14,2,0,1
BRDA:14,2,1,1
BRDA:15,3,0,1
BRDA:15,3,1,1
BRDA:16,4,0,1
BRDA:16,4,1,1
BRDA:110,5,0,2
BRDA:110,5,1,10
BRDA:116,6,0,14
BRDA:116,6,1,14
BRDA:116,6,2,13
BRDA:116,6,3,13
BRDA:116,6,4,0
BRDA:116,6,5,14
BRDA:116,7,0,14
BRDA:116,7,1,0
BRDA:116,8,0,13
BRDA:116,8,1,1
BRDA:131,9,0,13
BRDA:131,9,1,1
BRDA:116,10,0,13
BRDA:116,10,1,0
BRDA:167,11,0,1
BRDA:179,12,0,4
BRDA:179,12,1,1
BRDA:185,13,0,5
BRDA:185,13,1,5
BRDA:185,13,2,5
BRDA:185,13,3,5
BRDA:185,13,4,0
BRDA:185,13,5,5
BRDA:185,14,0,5
BRDA:185,14,1,0
BRDA:185,15,0,5
BRDA:185,15,1,0
BRDA:200,16,0,5
BRDA:200,16,1,0
BRDA:185,17,0,5
BRDA:185,17,1,0
BRDA:236,18,0,4
BRDA:269,19,0,3
BRDA:269,19,1,2
BRDA:275,20,0,5
BRDA:275,20,1,5
BRDA:275,20,2,4
BRDA:275,20,3,4
BRDA:275,20,4,0
BRDA:275,20,5,5
BRDA:275,21,0,5
BRDA:275,21,1,0
BRDA:275,22,0,4
BRDA:275,22,1,1
BRDA:290,23,0,4
BRDA:290,23,1,0
BRDA:275,24,0,4
BRDA:275,24,1,0
BRDA:326,25,0,2
BRDA:375,26,0,7
BRDA:375,26,1,0
BRDA:375,26,2,7
BRDA:376,27,0,7
BRDA:376,27,1,7
BRDA:376,27,2,7
BRDA:376,27,3,0
BRDA:376,27,4,7
BRDA:388,28,0,1
BRDA:388,28,1,7
BRDA:407,29,0,0
BRDA:407,29,1,0
BRDA:407,29,2,0
BRDA:407,29,3,0
BRDA:407,29,4,0
BRDA:407,29,5,0
BRDA:407,29,6,0
BRDA:408,30,0,0
BRDA:408,30,1,0
BRDA:408,31,0,0
BRDA:408,31,1,0
BRDA:407,32,0,0
BRDA:407,32,1,0
BRDA:454,33,0,7
BRDA:454,33,1,0
BRDA:454,34,0,7
BRDA:454,34,1,0
BRDA:472,35,0,5
BRDA:472,35,1,2
BRDA:486,36,0,7
BRDA:486,36,1,7
BRDA:486,36,2,7
BRDA:486,36,3,0
BRDA:486,36,4,7
BRDA:486,37,0,2
BRDA:486,37,1,5
BRDA:523,38,0,0
BRDA:523,38,1,0
BRDA:523,38,2,0
BRDA:523,38,3,0
BRDA:523,38,4,0
BRDA:523,38,5,0
BRDA:523,38,6,0
BRDA:524,39,0,0
BRDA:524,39,1,0
BRDA:523,40,0,0
BRDA:523,40,1,0
BRDA:523,41,0,0
BRDA:523,41,1,0
BRDA:376,42,0,7
BRDA:376,42,1,0
BRDA:638,43,0,18
BRDA:638,43,1,33
BRDA:638,44,0,51
BRDA:638,44,1,33
BRF:114
BRH:70
end_of_record
TN:
SF:/now/mandala-js/src/user.js
FN:45,User
FN:300,(anonymous_10)
FN:342,(anonymous_13)
FN:384,(anonymous_15)
FN:385,(anonymous_16)
FN:393,(anonymous_17)
FN:394,(anonymous_18)
FN:495,(anonymous_20)
FN:521,(anonymous_21)
FN:531,(anonymous_22)
FN:571,(anonymous_24)
FN:581,(anonymous_25)
FN:583,(anonymous_26)
FN:588,(anonymous_27)
FN:608,(anonymous_29)
FN:614,(anonymous_30)
FN:666,(anonymous_32)
FN:675,(anonymous_33)
FN:690,(anonymous_34)
FN:712,(anonymous_37)
FN:736,(anonymous_39)
FN:768,(anonymous_41)
FN:787,(anonymous_43)
FN:805,(anonymous_45)
FNF:24
FNH:8
FNDA:350,User
FNDA:65,(anonymous_10)
FNDA:1,(anonymous_13)
FNDA:1,(anonymous_15)
FNDA:65,(anonymous_16)
FNDA:65,(anonymous_17)
FNDA:65,(anonymous_18)
FNDA:3,(anonymous_20)
FNDA:0,(anonymous_21)
FNDA:0,(anonymous_22)
FNDA:0,(anonymous_24)
FNDA:0,(anonymous_25)
FNDA:0,(anonymous_26)
FNDA:0,(anonymous_27)
FNDA:0,(anonymous_29)
FNDA:0,(anonymous_30)
FNDA:0,(anonymous_32)
FNDA:0,(anonymous_33)
FNDA:0,(anonymous_34)
FNDA:0,(anonymous_37)
FNDA:0,(anonymous_39)
FNDA:0,(anonymous_41)
FNDA:0,(anonymous_43)
FNDA:0,(anonymous_45)
DA:2,1
DA:3,1
DA:4,1
DA:5,1
DA:6,1
DA:7,1
DA:8,1
DA:9,1
DA:10,1
DA:11,1
DA:12,1
DA:13,1
DA:14,1
DA:15,1
DA:16,1
DA:17,1
DA:18,1
DA:19,1
DA:20,1
DA:21,1
DA:22,1
DA:23,1
DA:24,1
DA:25,1
DA:27,1
DA:45,700
DA:51,350
DA:59,350
DA:71,270
DA:83,2
DA:95,6
DA:99,0
DA:111,2
DA:115,0
DA:119,0
DA:131,2
DA:143,0
DA:144,0
DA:145,0
DA:157,2
DA:169,1
DA:173,195
DA:188,419
DA:189,419
DA:190,419
DA:192,419
DA:193,264
DA:194,264
DA:197,419
DA:214,205
DA:216,205
DA:217,133
DA:220,72
DA:224,6
DA:225,6
DA:229,0
DA:230,0
DA:250,142
DA:251,71
DA:252,64
DA:258,71
DA:259,71
DA:260,69
DA:263,71
DA:264,71
DA:268,71
DA:269,71
DA:270,1
DA:273,70
DA:274,70
DA:275,1
DA:279,69
DA:282,4
DA:286,65
DA:298,65
DA:299,65
DA:300,65
DA:301,65
DA:302,65
DA:303,65
DA:306,65
DA:310,0
DA:311,0
DA:312,0
DA:313,0
DA:317,2
DA:318,2
DA:340,2
DA:341,1
DA:342,1
DA:343,1
DA:344,1
DA:345,1
DA:363,132
DA:364,66
DA:366,66
DA:367,1
DA:370,65
DA:381,65
DA:383,65
DA:384,1
DA:386,65
DA:387,65
DA:388,65
DA:391,65
DA:393,65
DA:394,65
DA:396,65
DA:409,2
DA:426,1
DA:427,1
DA:444,1
DA:445,1
DA:462,1
DA:463,1
DA:467,4
DA:468,4
DA:490,6
DA:491,3
DA:495,3
DA:496,3
DA:497,1
DA:500,2
DA:501,2
DA:504,0
DA:505,0
DA:517,0
DA:520,3
DA:522,0
DA:523,0
DA:524,0
DA:525,0
DA:526,0
DA:529,0
DA:532,0
DA:533,0
DA:536,3
DA:563,0
DA:564,0
DA:565,0
DA:566,0
DA:567,0
DA:568,0
DA:570,0
DA:572,0
DA:574,0
DA:575,0
DA:576,0
DA:579,0
DA:582,0
DA:583,0
DA:586,0
DA:589,0
DA:595,0
DA:598,0
DA:601,0
DA:602,0
DA:603,0
DA:604,0
DA:605,0
DA:606,0
DA:608,0
DA:609,0
DA:610,0
DA:613,0
DA:615,0
DA:617,0
DA:618,0
DA:621,0
DA:624,0
DA:628,0
DA:629,0
DA:633,0
DA:634,0
DA:660,0
DA:661,0
DA:665,0
DA:667,0
DA:668,0
DA:669,0
DA:670,0
DA:676,0
DA:688,0
DA:691,0
DA:693,0
DA:694,0
DA:697,0
DA:700,0
DA:704,0
DA:705,0
DA:706,0
DA:707,0
DA:710,0
DA:711,0
DA:712,0
DA:713,0
DA:715,0
DA:716,0
DA:719,0
DA:723,0
DA:724,0
DA:736,0
DA:737,0
DA:739,0
DA:740,0
DA:742,0
DA:743,0
DA:747,0
DA:748,0
DA:751,0
DA:754,0
DA:755,0
DA:768,0
DA:769,0
DA:772,0
DA:773,0
DA:787,0
DA:788,0
DA:791,0
DA:792,0
DA:805,0
DA:806,0
DA:831,0
LF:223
LH:114
BRDA:16,1,0,1
BRDA:16,1,1,1
BRDA:17,2,0,1
BRDA:17,2,1,1
BRDA:18,3,0,1
BRDA:18,3,1,1
BRDA:19,4,0,1
BRDA:19,4,1,1
BRDA:20,5,0,1
BRDA:20,5,1,1
BRDA:21,6,0,1
BRDA:21,6,1,1
BRDA:22,7,0,1
BRDA:22,7,1,1
BRDA:23,8,0,1
BRDA:23,8,1,1
BRDA:27,9,0,0
BRDA:27,9,1,1
BRDA:45,10,0,81
BRDA:45,10,1,269
BRDA:45,11,0,350
BRDA:45,11,1,269
BRDA:216,12,0,133
BRDA:216,12,1,72
BRDA:216,13,0,205
BRDA:216,13,1,134
BRDA:250,14,0,71
BRDA:250,14,1,0
BRDA:250,15,0,71
BRDA:250,15,1,5
BRDA:251,16,0,64
BRDA:251,16,1,7
BRDA:258,17,0,71
BRDA:258,17,1,0
BRDA:259,18,0,69
BRDA:259,18,1,2
BRDA:263,19,0,71
BRDA:263,19,1,0
BRDA:269,20,0,1
BRDA:269,20,1,70
BRDA:274,21,0,1
BRDA:274,21,1,69
BRDA:279,22,0,4
BRDA:279,22,1,65
BRDA:279,23,0,69
BRDA:279,23,1,66
BRDA:279,23,2,66
BRDA:279,23,3,65
BRDA:279,23,4,4
BRDA:340,24,0,1
BRDA:340,24,1,0
BRDA:340,25,0,1
BRDA:340,25,1,1
BRDA:363,26,0,66
BRDA:363,26,1,0
BRDA:363,27,0,66
BRDA:363,27,1,0
BRDA:366,28,0,1
BRDA:366,28,1,65
BRDA:387,29,0,65
BRDA:387,29,1,0
BRDA:490,30,0,3
BRDA:490,30,1,0
BRDA:490,31,0,3
BRDA:490,31,1,3
BRDA:496,32,0,1
BRDA:496,32,1,2
BRDA:500,33,0,2
BRDA:500,33,1,0
BRDA:522,34,0,0
BRDA:522,34,1,0
BRDA:524,35,0,0
BRDA:524,35,1,0
BRDA:524,35,2,0
BRDA:563,36,0,0
BRDA:563,36,1,0
BRDA:563,37,0,0
BRDA:563,37,1,0
BRDA:565,38,0,0
BRDA:565,38,1,0
BRDA:574,39,0,0
BRDA:574,39,1,0
BRDA:582,40,0,0
BRDA:582,40,1,0
BRDA:601,41,0,0
BRDA:601,41,1,0
BRDA:601,42,0,0
BRDA:601,42,1,0
BRDA:603,43,0,0
BRDA:603,43,1,0
BRDA:609,44,0,0
BRDA:609,44,1,0
BRDA:617,45,0,0
BRDA:617,45,1,0
BRDA:660,46,0,0
BRDA:660,46,1,0
BRDA:660,47,0,0
BRDA:660,47,1,0
BRDA:667,48,0,0
BRDA:667,48,1,0
BRDA:669,49,0,0
BRDA:669,49,1,0
BRDA:693,50,0,0
BRDA:693,50,1,0
BRDA:715,51,0,0
BRDA:715,51,1,0
BRDA:723,52,0,0
BRDA:723,52,1,0
BRDA:723,53,0,0
BRDA:723,53,1,0
BRDA:739,54,0,0
BRDA:739,54,1,0
BRDA:742,55,0,0
BRDA:742,55,1,0
BRDA:754,56,0,0
BRDA:754,56,1,0
BRDA:754,57,0,0
BRDA:754,57,1,0
BRDA:772,58,0,0
BRDA:772,58,1,0
BRDA:772,59,0,0
BRDA:772,59,1,0
BRDA:791,60,0,0
BRDA:791,60,1,0
BRDA:791,61,0,0
BRDA:791,61,1,0
BRDA:188,62,0,2
BRDA:188,62,1,417
BRDA:188,63,0,419
BRDA:188,63,1,417
BRDA:192,64,0,264
BRDA:192,64,1,155
BRDA:409,65,0,2
BRDA:409,65,1,0
BRDA:426,66,0,1
BRDA:426,66,1,0
BRDA:426,67,0,1
BRDA:426,67,1,0
BRDA:444,68,0,1
BRDA:444,68,1,0
BRDA:444,69,0,1
BRDA:444,69,1,0
BRDA:462,70,0,1
BRDA:462,70,1,0
BRDA:462,71,0,1
BRDA:462,71,1,0
BRF:146
BRH:72
end_of_record
TN:
SF:/now/mandala-js/src/userstore.js
FN:17,UserStore
FNF:1
FNH:0
FNDA:0,UserStore
DA:2,1
DA:3,1
DA:4,1
DA:5,1
DA:6,1
DA:7,1
DA:8,1
DA:9,1
DA:10,1
DA:11,1
DA:17,0
DA:19,0
DA:48,0
DA:71,0
DA:72,0
DA:73,0
LF:16
LH:10
BRDA:8,1,0,1
BRDA:8,1,1,1
BRDA:9,2,0,1
BRDA:9,2,1,1
BRDA:10,3,0,1
BRDA:10,3,1,1
BRDA:11,4,0,1
BRDA:11,4,1,1
BRDA:72,5,0,0
BRDA:72,5,1,0
BRDA:72,6,0,0
BRDA:72,6,1,0
BRDA:98,7,0,0
BRF:13
BRH:8
end_of_record
TN:
SF:/now/mandala-js/src/rack/asciiTree.js
FN:7,compose
FN:26,generate
FN:30,(anonymous_3)
FN:32,(anonymous_4)
FNF:4
FNH:0
FNDA:0,compose
FNDA:0,generate
FNDA:0,(anonymous_3)
FNDA:0,(anonymous_4)
DA:1,1
DA:2,1
DA:3,1
DA:4,1
DA:5,1
DA:8,0
DA:9,0
DA:12,0
DA:13,0
DA:15,0
DA:16,0
DA:17,0
DA:20,0
DA:26,1
DA:27,0
DA:28,0
DA:30,0
DA:31,0
DA:32,0
DA:33,0
DA:34,0
DA:38,0
LF:22
LH:6
BRDA:8,1,0,0
BRDA:8,1,1,0
BRDA:13,2,0,0
BRDA:13,2,1,0
BRDA:16,3,0,0
BRDA:16,3,1,0
BRDA:27,4,0,0
BRDA:27,4,1,0
BRDA:27,5,0,0
BRDA:27,5,1,0
BRDA:30,6,0,0
BRDA:30,6,1,0
BRF:12
BRH:0
end_of_record
TN:
SF:/now/mandala-js/src/rack/middleware.js
FN:7,Middleware
FN:38,KinveyMiddleware
FNF:2
FNH:2
FNDA:466,Middleware
FNDA:466,KinveyMiddleware
DA:1,1
DA:7,932
DA:8,466
DA:19,0
DA:20,0
DA:25,0
DA:29,0
DA:30,0
DA:38,1398
LF:9
LH:4
BRDA:7,1,0,0
BRDA:7,1,1,466
BRDA:7,2,0,466
BRDA:7,2,1,466
BRDA:19,3,0,0
BRDA:19,3,1,0
BRDA:19,4,0,0
BRDA:19,4,1,0
BRDA:38,5,0,0
BRDA:38,5,1,466
BRDA:38,6,0,466
BRDA:38,6,1,466
BRF:12
BRH:6
end_of_record
TN:
SF:/now/mandala-js/src/rack/rack.js
FN:16,Rack
FN:47,(anonymous_20)
FN:65,(anonymous_22)
FN:83,(anonymous_24)
FN:99,(anonymous_26)
FN:118,(anonymous_31)
FN:118,(anonymous_32)
FN:134,(anonymous_37)
FN:156,CacheRack
FN:177,NetworkRack
FNF:10
FNH:6
FNDA:461,Rack
FNDA:0,(anonymous_20)
FNDA:0,(anonymous_22)
FNDA:2,(anonymous_24)
FNDA:0,(anonymous_26)
FNDA:809,(anonymous_31)
FNDA:809,(anonymous_32)
FNDA:0,(anonymous_37)
FNDA:1,CacheRack
FNDA:1,NetworkRack
DA:1,1
DA:2,1
DA:3,1
DA:4,1
DA:5,1
DA:6,1
DA:7,1
DA:8,1
DA:9,1
DA:10,1
DA:16,1844
DA:18,461
DA:19,461
DA:22,0
DA:23,0
DA:25,0
DA:26,0
DA:29,0
DA:33,4
DA:34,4
DA:35,4
DA:36,4
DA:39,0
DA:44,0
DA:45,0
DA:46,0
DA:47,0
DA:49,0
DA:50,0
DA:51,0
DA:54,0
DA:57,0
DA:62,0
DA:63,0
DA:64,0
DA:65,0
DA:67,0
DA:68,0
DA:69,0
DA:72,0
DA:75,0
DA:80,1
DA:81,1
DA:82,1
DA:83,2
DA:85,1
DA:86,1
DA:87,1
DA:90,1
DA:93,0
DA:98,0
DA:99,0
DA:101,0
DA:102,0
DA:103,0
DA:104,0
DA:109,0
DA:118,809
DA:123,0
DA:127,0
DA:130,0
DA:131,0
DA:132,0
DA:134,0
DA:135,0
DA:138,0
DA:156,4
DA:158,1
DA:162,275
DA:164,275
DA:165,1
DA:166,1
DA:169,275
DA:177,4
DA:179,1
DA:180,1
DA:181,1
DA:185,179
DA:187,179
DA:188,1
DA:189,1
DA:192,179
LF:82
LH:42
BRDA:16,1,0,459
BRDA:16,1,1,2
BRDA:16,2,0,461
BRDA:16,2,1,2
BRDA:22,3,0,0
BRDA:22,3,1,0
BRDA:22,4,0,0
BRDA:22,4,1,0
BRDA:25,5,0,0
BRDA:25,5,1,0
BRDA:25,6,0,0
BRDA:25,6,1,0
BRDA:33,7,0,4
BRDA:33,7,1,0
BRDA:34,8,0,4
BRDA:34,8,1,0
BRDA:44,9,0,0
BRDA:44,9,1,0
BRDA:45,10,0,0
BRDA:45,10,1,0
BRDA:49,11,0,0
BRDA:49,11,1,0
BRDA:62,12,0,0
BRDA:62,12,1,0
BRDA:63,13,0,0
BRDA:63,13,1,0
BRDA:67,14,0,0
BRDA:67,14,1,0
BRDA:80,15,0,1
BRDA:80,15,1,0
BRDA:81,16,0,1
BRDA:81,16,1,0
BRDA:85,17,0,1
BRDA:85,17,1,0
BRDA:101,18,0,0
BRDA:101,18,1,0
BRDA:130,19,0,0
BRDA:130,19,1,0
BRDA:130,20,0,0
BRDA:130,20,1,0
BRDA:156,21,0,1
BRDA:156,21,1,0
BRDA:156,22,0,1
BRDA:156,22,1,0
BRDA:164,23,0,1
BRDA:164,23,1,274
BRDA:177,24,0,1
BRDA:177,24,1,0
BRDA:177,25,0,1
BRDA:177,25,1,0
BRDA:187,26,0,1
BRDA:187,26,1,178
BRF:52
BRH:17
end_of_record
TN:
SF:/now/mandala-js/src/rack/middleware/cache.js
FN:42,DB
FN:47,(anonymous_17)
FN:174,_callee5
FN:186,(anonymous_38)
FN:223,(anonymous_42)
FN:224,(anonymous_43)
FN:231,(anonymous_46)
FN:245,(anonymous_48)
FN:253,CacheMiddleware
FNF:9
FNH:9
FNDA:280,DB
FNDA:1117,(anonymous_17)
FNDA:184,_callee5
FNDA:50,(anonymous_38)
FNDA:21,(anonymous_42)
FNDA:21,(anonymous_43)
FNDA:36,(anonymous_46)
FNDA:67,(anonymous_48)
FNDA:1,CacheMiddleware
DA:2,1
DA:3,1
DA:4,1
DA:5,1
DA:6,1
DA:7,1
DA:8,1
DA:9,1
DA:10,1
DA:11,1
DA:12,1
DA:13,1
DA:14,1
DA:15,1
DA:16,1
DA:17,1
DA:18,1
DA:19,1
DA:20,1
DA:21,1
DA:22,1
DA:23,1
DA:29,1
DA:35,1
DA:42,840
DA:43,280
DA:44,1
DA:47,280
DA:48,1117
DA:50,279
DA:51,0
DA:52,0
DA:55,279
DA:57,279
DA:58,0
DA:59,0
DA:62,279
DA:64,280
DA:65,280
DA:66,278
DA:69,0
DA:71,279
DA:72,0
DA:73,0
DA:76,279
DA:78,0
DA:81,837
DA:84,278
DA:85,0
DA:86,0
DA:88,0
DA:90,0
DA:96,34
DA:99,34
DA:100,34
DA:101,34
DA:103,34
DA:104,816
DA:105,816
DA:108,34
DA:109,34
DA:120,167
DA:121,0
DA:124,167
DA:125,14
DA:146,0
DA:147,0
DA:173,92
DA:174,769
DA:175,46
DA:181,46
DA:182,35
DA:183,35
DA:186,46
DA:187,50
DA:188,50
DA:190,50
DA:191,34
DA:192,34
DA:195,50
DA:196,50
DA:197,50
DA:200,46
DA:211,92
DA:212,1
DA:216,92
DA:217,42
DA:218,42
DA:219,42
DA:223,21
DA:225,21
DA:226,21
DA:230,36
DA:231,36
DA:232,36
DA:233,0
DA:236,36
DA:237,0
DA:240,36
DA:244,67
DA:245,67
DA:253,4
DA:255,1
DA:288,275
DA:294,275
DA:295,65
LF:106
LH:89
BRDA:20,1,0,1
BRDA:20,1,1,1
BRDA:21,2,0,1
BRDA:21,2,1,1
BRDA:42,3,0,3
BRDA:42,3,1,277
BRDA:42,4,0,280
BRDA:42,4,1,277
BRDA:43,5,0,1
BRDA:43,5,1,279
BRDA:49,6,0,279
BRDA:49,6,1,279
BRDA:49,6,2,280
BRDA:49,6,3,279
BRDA:49,6,4,0
BRDA:50,7,0,0
BRDA:50,7,1,279
BRDA:57,8,0,0
BRDA:57,8,1,279
BRDA:64,9,0,280
BRDA:64,9,1,0
BRDA:71,10,0,0
BRDA:71,10,1,279
BRDA:84,11,0,0
BRDA:84,11,1,278
BRDA:85,12,0,0
BRDA:85,12,1,0
BRDA:99,13,0,34
BRDA:99,13,1,0
BRDA:99,14,0,34
BRDA:99,14,1,0
BRDA:120,15,0,0
BRDA:120,15,1,167
BRDA:120,16,0,167
BRDA:120,16,1,79
BRDA:124,17,0,14
BRDA:124,17,1,153
BRDA:124,18,0,167
BRDA:124,18,1,24
BRDA:146,19,0,0
BRDA:146,19,1,0
BRDA:150,20,0,0
BRDA:173,21,0,0
BRDA:173,21,1,46
BRDA:173,22,0,46
BRDA:173,22,1,46
BRDA:174,23,0,46
BRDA:174,23,1,46
BRDA:174,23,2,46
BRDA:174,23,3,11
BRDA:174,23,4,0
BRDA:174,23,5,46
BRDA:174,24,0,46
BRDA:174,24,1,0
BRDA:181,25,0,35
BRDA:181,25,1,11
BRDA:188,26,0,50
BRDA:188,26,1,43
BRDA:190,27,0,34
BRDA:190,27,1,16
BRDA:174,28,0,11
BRDA:174,28,1,35
BRDA:202,29,0,46
BRDA:202,29,1,35
BRDA:211,30,0,1
BRDA:211,30,1,91
BRDA:211,31,0,92
BRDA:211,31,1,42
BRDA:216,32,0,42
BRDA:216,32,1,50
BRDA:232,33,0,0
BRDA:232,33,1,36
BRDA:236,34,0,0
BRDA:236,34,1,36
BRDA:253,35,0,1
BRDA:253,35,1,0
BRDA:253,36,0,1
BRDA:253,36,1,0
BRDA:276,37,0,203
BRDA:279,38,0,164
BRDA:289,39,0,30
BRDA:289,39,1,245
BRDA:294,40,0,65
BRDA:294,40,1,210
BRF:84
BRH:63
end_of_record
TN:
SF:/now/mandala-js/src/rack/middleware/http.js
FN:4,HttpMiddleware
FN:9,(anonymous_11)
FN:10,(anonymous_12)
FNF:3
FNH:1
FNDA:1,HttpMiddleware
FNDA:0,(anonymous_11)
FNDA:0,(anonymous_12)
DA:1,1
DA:4,3
DA:9,0
DA:10,0
DA:11,0
DA:13,0
LF:6
LH:2
BRDA:4,1,0,1
BRDA:4,1,1,0
BRDA:4,2,0,1
BRDA:4,2,1,0
BRF:4
BRH:2
end_of_record
TN:
SF:/now/mandala-js/src/rack/middleware/parse.js
FN:7,ParseMiddleware
FNF:1
FNH:1
FNDA:1,ParseMiddleware
DA:1,1
DA:7,3
DA:15,178
DA:16,112
DA:18,112
DA:19,112
DA:20,112
DA:21,112
DA:23,0
DA:26,112
LF:10
LH:9
BRDA:7,1,0,1
BRDA:7,1,1,0
BRDA:7,2,0,1
BRDA:7,2,1,0
BRDA:15,3,0,112
BRDA:15,3,1,66
BRDA:15,4,0,178
BRDA:15,4,1,178
BRDA:16,5,0,112
BRDA:16,5,1,0
BRDA:18,6,0,112
BRDA:18,6,1,0
BRDA:19,7,0,112
BRDA:19,7,1,0
BRF:14
BRH:9
end_of_record
TN:
SF:/now/mandala-js/src/rack/middleware/serialize.js
FN:7,SerializeMiddleware
FNF:1
FNH:1
FNDA:1,SerializeMiddleware
DA:1,1
DA:7,3
DA:19,76
DA:25,0
DA:26,0
DA:29,0
LF:6
LH:3
BRDA:7,1,0,1
BRDA:7,1,1,0
BRDA:7,2,0,1
BRDA:7,2,1,0
BRDA:14,3,0,178
BRF:5
BRH:3
end_of_record
TN:
SF:/now/mandala-js/src/rack/middleware/adapters/indexeddb.js
FN:29,IndexedDB
FN:72,(anonymous_15)
FN:92,(anonymous_16)
FN:103,(anonymous_17)
FN:110,(anonymous_18)
FN:121,wrap
FN:122,callbackFn
FN:134,(anonymous_21)
FN:145,(anonymous_22)
FN:150,(anonymous_23)
FN:159,(anonymous_27)
FN:160,(anonymous_28)
FN:160,_callee
FN:165,(anonymous_31)
FN:176,(anonymous_32)
FN:186,(anonymous_38)
FN:187,(anonymous_39)
FN:187,_callee3
FN:191,(anonymous_42)
FN:202,(anonymous_43)
FN:222,(anonymous_49)
FN:223,(anonymous_50)
FN:223,_callee5
FN:226,(anonymous_53)
FN:230,(anonymous_54)
FN:234,(anonymous_55)
FN:243,(anonymous_61)
FN:244,(anonymous_62)
FN:244,_callee7
FN:249,(anonymous_65)
FN:260,(anonymous_66)
FN:269,(anonymous_72)
FN:272,(anonymous_73)
FN:277,(anonymous_74)
FNF:34
FNH:0
FNDA:0,IndexedDB
FNDA:0,(anonymous_15)
FNDA:0,(anonymous_16)
FNDA:0,(anonymous_17)
FNDA:0,(anonymous_18)
FNDA:0,wrap
FNDA:0,callbackFn
FNDA:0,(anonymous_21)
FNDA:0,(anonymous_22)
FNDA:0,(anonymous_23)
FNDA:0,(anonymous_27)
FNDA:0,(anonymous_28)
FNDA:0,_callee
FNDA:0,(anonymous_31)
FNDA:0,(anonymous_32)
FNDA:0,(anonymous_38)
FNDA:0,(anonymous_39)
FNDA:0,_callee3
FNDA:0,(anonymous_42)
FNDA:0,(anonymous_43)
FNDA:0,(anonymous_49)
FNDA:0,(anonymous_50)
FNDA:0,_callee5
FNDA:0,(anonymous_53)
FNDA:0,(anonymous_54)
FNDA:0,(anonymous_55)
FNDA:0,(anonymous_61)
FNDA:0,(anonymous_62)
FNDA:0,_callee7
FNDA:0,(anonymous_65)
FNDA:0,(anonymous_66)
FNDA:0,(anonymous_72)
FNDA:0,(anonymous_73)
FNDA:0,(anonymous_74)
DA:1,1
DA:2,1
DA:3,1
DA:4,1
DA:5,1
DA:6,1
DA:7,1
DA:9,1
DA:13,1
DA:19,1
DA:23,1
DA:29,0
DA:30,0
DA:31,0
DA:34,0
DA:35,0
DA:39,0
DA:40,0
DA:41,0
DA:44,0
DA:45,0
DA:47,0
DA:48,0
DA:51,0
DA:52,0
DA:53,0
DA:54,0
DA:56,0
DA:57,0
DA:60,0
DA:63,0
DA:65,0
DA:66,0
DA:71,0
DA:72,0
DA:73,0
DA:78,0
DA:79,0
DA:81,0
DA:82,0
DA:83,0
DA:84,0
DA:86,0
DA:92,0
DA:93,0
DA:94,0
DA:96,0
DA:97,0
DA:103,0
DA:104,0
DA:105,0
DA:110,0
DA:111,0
DA:112,0
DA:113,0
DA:114,0
DA:121,0
DA:122,0
DA:123,0
DA:126,0
DA:131,0
DA:132,0
DA:133,0
DA:134,0
DA:135,0
DA:139,0
DA:142,0
DA:145,0
DA:146,0
DA:150,0
DA:151,0
DA:155,0
DA:160,0
DA:161,0
DA:162,0
DA:163,0
DA:165,0
DA:166,0
DA:168,0
DA:169,0
DA:170,0
DA:173,0
DA:176,0
DA:177,0
DA:179,0
DA:187,0
DA:188,0
DA:189,0
DA:191,0
DA:192,0
DA:194,0
DA:195,0
DA:197,0
DA:202,0
DA:203,0
DA:213,0
DA:214,0
DA:215,0
DA:223,0
DA:224,0
DA:226,0
DA:227,0
DA:230,0
DA:231,0
DA:234,0
DA:235,0
DA:244,0
DA:245,0
DA:246,0
DA:247,0
DA:249,0
DA:250,0
DA:252,0
DA:253,0
DA:255,0
DA:260,0
DA:261,0
DA:270,0
DA:272,0
DA:273,0
DA:274,0
DA:277,0
DA:278,0
DA:285,281
LF:124
LH:12
BRDA:9,1,0,0
BRDA:9,1,1,1
BRDA:13,2,0,1
BRDA:13,2,1,1
BRDA:13,2,2,1
BRDA:13,2,3,1
BRDA:13,2,4,1
BRDA:30,3,0,0
BRDA:30,3,1,0
BRDA:34,4,0,0
BRDA:34,4,1,0
BRDA:44,5,0,0
BRDA:44,5,1,0
BRDA:44,6,0,0
BRDA:44,6,1,0
BRDA:44,7,0,0
BRDA:44,7,1,0
BRDA:44,8,0,0
BRDA:44,8,1,0
BRDA:47,9,0,0
BRDA:47,9,1,0
BRDA:49,10,0,0
BRDA:49,10,1,0
BRDA:51,11,0,0
BRDA:51,11,1,0
BRDA:53,12,0,0
BRDA:53,12,1,0
BRDA:56,13,0,0
BRDA:56,13,1,0
BRDA:65,14,0,0
BRDA:65,14,1,0
BRDA:71,15,0,0
BRDA:71,15,1,0
BRDA:71,16,0,0
BRDA:71,16,1,0
BRDA:81,17,0,0
BRDA:81,17,1,0
BRDA:96,18,0,0
BRDA:96,18,1,0
BRDA:111,19,0,0
BRDA:111,19,1,0
BRDA:131,20,0,0
BRDA:131,20,1,0
BRDA:160,21,0,0
BRDA:160,21,1,0
BRDA:160,21,2,0
BRDA:168,22,0,0
BRDA:168,22,1,0
BRDA:187,23,0,0
BRDA:187,23,1,0
BRDA:187,23,2,0
BRDA:194,24,0,0
BRDA:194,24,1,0
BRDA:213,25,0,0
BRDA:213,25,1,0
BRDA:223,26,0,0
BRDA:223,26,1,0
BRDA:223,26,2,0
BRDA:231,27,0,0
BRDA:231,27,1,0
BRDA:244,28,0,0
BRDA:244,28,1,0
BRDA:244,28,2,0
BRDA:252,29,0,0
BRDA:252,29,1,0
BRF:65
BRH:6
end_of_record
TN:
SF:/now/mandala-js/src/rack/middleware/adapters/localstorage.js
FN:15,LocalStorage
FN:31,(anonymous_21)
FN:54,(anonymous_26)
FN:86,(anonymous_35)
FNF:4
FNH:0
FNDA:0,LocalStorage
FNDA:0,(anonymous_21)
FNDA:0,(anonymous_26)
FNDA:0,(anonymous_35)
DA:1,1
DA:2,1
DA:3,1
DA:4,1
DA:5,1
DA:6,1
DA:7,1
DA:8,1
DA:9,1
DA:15,0
DA:16,0
DA:31,0
DA:44,0
DA:45,0
DA:46,0
DA:54,0
DA:55,0
DA:56,0
DA:58,0
DA:59,0
DA:63,0
DA:77,0
DA:78,0
DA:86,0
DA:87,0
DA:92,280
DA:93,0
DA:94,0
DA:95,0
DA:96,0
DA:97,0
DA:99,0
DA:103,280
LF:33
LH:11
BRDA:7,1,0,1
BRDA:7,1,1,1
BRDA:15,2,0,0
BRDA:15,2,1,0
BRDA:15,3,0,0
BRDA:15,3,1,0
BRDA:44,4,0,0
BRDA:44,4,1,0
BRDA:58,5,0,0
BRDA:58,5,1,0
BRDA:92,6,0,0
BRDA:92,6,1,280
BRF:12
BRH:3
end_of_record
TN:
SF:/now/mandala-js/src/rack/middleware/adapters/memory.js
FN:16,Memory
FN:46,(anonymous_21)
FN:73,(anonymous_26)
FNF:3
FNH:3
FNDA:284,Memory
FNDA:8,(anonymous_21)
FNDA:58,(anonymous_26)
DA:1,1
DA:2,1
DA:3,1
DA:4,1
DA:5,1
DA:6,1
DA:7,1
DA:8,1
DA:9,1
DA:10,1
DA:16,284
DA:17,284
DA:18,2
DA:21,282
DA:22,2
DA:25,280
DA:26,280
DA:28,280
DA:29,3
DA:30,3
DA:46,8
DA:59,53
DA:60,6
DA:61,6
DA:69,53
DA:70,53
DA:73,53
DA:74,58
DA:77,53
DA:79,53
DA:85,44
DA:93,44
DA:94,44
DA:100,69
DA:105,282
LF:35
LH:35
BRDA:9,1,0,1
BRDA:9,1,1,1
BRDA:17,2,0,2
BRDA:17,2,1,282
BRDA:21,3,0,2
BRDA:21,3,1,280
BRDA:28,4,0,3
BRDA:28,4,1,277
BRDA:59,5,0,6
BRDA:59,5,1,47
BRDA:80,6,0,6
BRF:11
BRH:11
end_of_record
TN:
SF:/now/mandala-js/src/rack/middleware/adapters/websql.js
FN:23,WebSQL
FN:40,(anonymous_15)
FN:42,(anonymous_16)
FN:51,(anonymous_17)
FN:54,(anonymous_18)
FN:80,(anonymous_19)
FN:91,(anonymous_20)
FN:99,(anonymous_21)
FN:130,(anonymous_33)
FN:179,(anonymous_42)
FN:180,(anonymous_43)
FNF:11
FNH:0
FNDA:0,WebSQL
FNDA:0,(anonymous_15)
FNDA:0,(anonymous_16)
FNDA:0,(anonymous_17)
FNDA:0,(anonymous_18)
FNDA:0,(anonymous_19)
FNDA:0,(anonymous_20)
FNDA:0,(anonymous_21)
FNDA:0,(anonymous_33)
FNDA:0,(anonymous_42)
FNDA:0,(anonymous_43)
DA:1,1
DA:2,1
DA:3,1
DA:4,1
DA:5,1
DA:6,1
DA:7,1
DA:8,1
DA:10,1
DA:11,1
DA:13,1
DA:14,0
DA:23,0
DA:24,0
DA:27,0
DA:28,0
DA:29,0
DA:30,0
DA:31,0
DA:33,0
DA:35,0
DA:36,0
DA:37,0
DA:40,0
DA:41,0
DA:42,0
DA:43,0
DA:44,0
DA:48,0
DA:49,0
DA:51,0
DA:52,0
DA:54,0
DA:55,0
DA:60,0
DA:61,0
DA:62,0
DA:63,0
DA:64,0
DA:65,0
DA:72,0
DA:73,0
DA:75,0
DA:76,0
DA:81,0
DA:83,0
DA:84,0
DA:88,0
DA:89,0
DA:91,0
DA:92,0
DA:93,0
DA:97,0
DA:100,0
DA:106,0
DA:130,0
DA:131,0
DA:136,0
DA:151,0
DA:179,0
DA:180,0
DA:182,0
DA:187,280
LF:63
LH:12
BRDA:7,1,0,1
BRDA:7,1,1,1
BRDA:13,2,0,0
BRDA:13,2,1,1
BRDA:15,3,0,0
BRDA:15,3,1,0
BRDA:23,4,0,0
BRDA:23,4,1,0
BRDA:23,5,0,0
BRDA:23,5,1,0
BRDA:27,6,0,0
BRDA:27,6,1,0
BRDA:27,7,0,0
BRDA:27,7,1,0
BRDA:33,8,0,0
BRDA:33,8,1,0
BRDA:35,9,0,0
BRDA:35,9,1,0
BRDA:41,10,0,0
BRDA:41,10,1,0
BRDA:42,11,0,0
BRDA:42,11,1,0
BRDA:43,12,0,0
BRDA:43,12,1,0
BRDA:43,13,0,0
BRDA:43,13,1,0
BRDA:60,14,0,0
BRDA:60,14,1,0
BRDA:64,15,0,0
BRDA:64,15,1,0
BRDA:75,16,0,0
BRDA:75,16,1,0
BRDA:76,17,0,0
BRDA:76,17,1,0
BRDA:81,18,0,0
BRDA:81,18,1,0
BRDA:83,19,0,0
BRDA:83,19,1,0
BRDA:83,20,0,0
BRDA:83,20,1,0
BRDA:92,21,0,0
BRDA:92,21,1,0
BRDA:151,22,0,0
BRDA:151,22,1,0
BRF:44
BRH:3
end_of_record
TN:
SF:/now/mandala-js/src/requests/cache.js
FN:10,CacheRequest
FNF:1
FNH:1
FNDA:275,CacheRequest
DA:1,1
DA:2,1
DA:3,1
DA:4,1
DA:10,825
DA:12,275
DA:20,275
DA:30,275
DA:31,275
DA:36,275
LF:10
LH:10
BRDA:30,1,0,275
BRDA:30,1,1,0
BRF:2
BRH:1
end_of_record
TN:
SF:/now/mandala-js/src/requests/deltafetch.js
FN:63,(anonymous_23)
FN:86,(anonymous_26)
FN:91,(anonymous_27)
FN:132,(anonymous_28)
FNF:4
FNH:0
FNDA:0,(anonymous_23)
FNDA:0,(anonymous_26)
FNDA:0,(anonymous_27)
FNDA:0,(anonymous_28)
DA:2,1
DA:3,1
DA:4,1
DA:5,1
DA:6,1
DA:7,1
DA:8,1
DA:9,1
DA:10,1
DA:11,1
DA:12,1
DA:13,1
DA:14,1
DA:15,1
DA:16,1
DA:17,1
DA:24,0
DA:29,0
DA:30,0
DA:34,0
DA:37,0
DA:39,0
DA:40,0
DA:46,0
DA:63,0
DA:69,0
DA:75,0
DA:86,0
DA:91,0
DA:92,0
DA:93,0
DA:95,0
DA:96,0
DA:98,0
DA:100,0
DA:103,0
DA:111,0
DA:112,0
DA:113,0
DA:115,0
DA:116,0
DA:126,0
DA:127,0
DA:128,0
DA:133,0
DA:134,0
DA:135,0
DA:136,0
DA:137,0
DA:140,0
DA:146,0
DA:148,0
DA:149,0
DA:150,0
DA:151,0
LF:55
LH:16
BRDA:15,1,0,1
BRDA:15,1,1,1
BRDA:16,2,0,1
BRDA:16,2,1,1
BRDA:72,3,0,0
BRDA:95,4,0,0
BRDA:95,4,1,0
BRDA:96,5,0,0
BRDA:96,5,1,0
BRDA:96,6,0,0
BRDA:96,6,1,0
BRDA:96,6,2,0
BRDA:114,7,0,0
BRDA:114,7,1,0
BRDA:133,8,0,0
BRDA:133,8,1,0
BRDA:148,9,0,0
BRDA:148,9,1,0
BRDA:29,10,0,0
BRDA:29,10,1,0
BRDA:38,11,0,0
BRDA:38,11,1,0
BRDA:38,11,2,0
BRDA:38,11,3,0
BRDA:38,11,4,0
BRDA:38,11,5,0
BRF:26
BRH:4
end_of_record
TN:
SF:/now/mandala-js/src/requests/network.js
FN:16,NetworkRequest
FN:73,(anonymous_20)
FN:96,(anonymous_21)
FN:124,(anonymous_24)
FNF:4
FNH:1
FNDA:178,NetworkRequest
FNDA:0,(anonymous_20)
FNDA:0,(anonymous_21)
FNDA:0,(anonymous_24)
DA:1,1
DA:2,1
DA:3,1
DA:4,1
DA:5,1
DA:6,1
DA:7,1
DA:8,1
DA:9,1
DA:10,1
DA:16,534
DA:18,178
DA:19,178
DA:26,178
DA:32,178
DA:33,178
DA:47,0
DA:70,0
DA:72,0
DA:73,0
DA:78,0
DA:80,0
DA:95,0
DA:96,0
DA:99,0
DA:100,0
DA:110,0
DA:113,0
DA:123,0
DA:124,0
DA:125,0
LF:31
LH:16
BRDA:7,1,0,1
BRDA:7,1,1,1
BRDA:8,2,0,1
BRDA:8,2,1,1
BRDA:9,3,0,1
BRDA:9,3,1,1
BRDA:10,4,0,1
BRDA:10,4,1,1
BRDA:32,5,0,178
BRDA:32,5,1,0
BRDA:46,6,0,1
BRDA:48,7,0,0
BRDA:51,8,0,0
BRF:13
BRH:10
end_of_record
TN:
SF:/now/mandala-js/src/requests/request.js
FN:23,byteCount
FN:69,all
FN:69,app
FN:69,basic
FN:69,master
FN:69,none
FN:69,session
FN:160,Headers
FN:214,(anonymous_30)
FN:250,Properties
FN:292,(anonymous_42)
FN:325,RequestConfig
FN:448,KinveyRequestConfig
FN:661,Request
FN:748,KinveyRequest
FNF:15
FNH:15
FNDA:2,byteCount
FNDA:4,all
FNDA:197,app
FNDA:2,basic
FNDA:2,master
FNDA:285,none
FNDA:239,session
FNDA:1366,Headers
FNDA:178,(anonymous_30)
FNDA:460,Properties
FNDA:1,(anonymous_42)
FNDA:459,RequestConfig
FNDA:459,KinveyRequestConfig
FNDA:459,Request
FNDA:459,KinveyRequest
DA:1,1
DA:2,1
DA:3,1
DA:4,1
DA:5,1
DA:6,1
DA:7,1
DA:8,1
DA:9,1
DA:10,1
DA:11,1
DA:12,1
DA:13,1
DA:14,1
DA:15,1
DA:16,1
DA:17,1
DA:18,1
DA:24,2
DA:25,2
DA:26,2
DA:27,2
DA:29,2
DA:30,26
DA:31,26
DA:34,2
DA:37,0
DA:43,1
DA:52,1
DA:59,1
DA:66,1
DA:69,1
DA:77,4
DA:78,4
DA:80,2
DA:90,197
DA:91,0
DA:94,197
DA:107,2
DA:108,2
DA:110,2
DA:120,2
DA:121,2
DA:124,0
DA:137,285
DA:146,239
DA:148,239
DA:149,2
DA:152,237
DA:160,2732
DA:161,1366
DA:162,1366
DA:166,1979
DA:167,1979
DA:168,0
DA:171,1979
DA:172,1979
DA:175,0
DA:179,2484
DA:180,0
DA:183,2484
DA:184,0
DA:187,2484
DA:188,2484
DA:190,2484
DA:191,459
DA:193,2025
DA:196,2484
DA:197,2484
DA:201,1897
DA:204,0
DA:205,0
DA:208,1366
DA:209,1366
DA:210,0
DA:213,1366
DA:214,1366
DA:215,178
DA:216,178
DA:218,1366
DA:222,0
DA:223,0
DA:224,0
DA:227,0
DA:228,0
DA:229,0
DA:232,0
DA:236,0
DA:237,0
DA:241,0
DA:245,0
DA:250,920
DA:251,460
DA:255,0
DA:257,0
DA:258,0
DA:261,0
DA:265,1
DA:266,0
DA:269,1
DA:270,0
DA:273,1
DA:274,1
DA:275,1
DA:276,1
DA:280,0
DA:283,0
DA:284,0
DA:287,460
DA:288,460
DA:289,0
DA:292,460
DA:293,1
DA:294,1
DA:297,460
DA:301,0
DA:302,0
DA:303,0
DA:304,0
DA:307,0
DA:311,0
DA:312,0
DA:316,0
DA:320,3
DA:325,918
DA:326,459
DA:336,459
DA:337,459
DA:338,459
DA:339,459
DA:340,459
DA:341,459
DA:342,459
DA:346,453
DA:350,464
DA:351,0
DA:354,464
DA:355,464
DA:361,464
DA:362,464
DA:364,0
DA:369,719
DA:371,719
DA:372,459
DA:375,719
DA:376,458
DA:379,719
DA:383,918
DA:384,1
DA:387,918
DA:393,178
DA:394,0
DA:399,178
DA:403,464
DA:407,707
DA:411,540
DA:415,0
DA:419,0
DA:423,0
DA:427,459
DA:431,0
DA:435,459
DA:439,178
DA:443,459
DA:448,1836
DA:451,459
DA:461,459
DA:462,459
DA:463,459
DA:464,459
DA:465,459
DA:466,459
DA:468,459
DA:469,459
DA:472,459
DA:473,0
DA:476,459
DA:477,0
DA:478,0
DA:481,459
DA:485,719
DA:487,719
DA:488,494
DA:491,719
DA:492,2
DA:493,2
DA:495,2
DA:496,0
DA:502,2
DA:505,719
DA:506,0
DA:509,719
DA:510,719
DA:512,719
DA:514,4
DA:515,4
DA:517,195
DA:518,195
DA:520,0
DA:521,0
DA:523,0
DA:524,0
DA:526,285
DA:527,285
DA:529,130
DA:530,130
DA:532,105
DA:533,105
DA:535,0
DA:536,0
DA:538,0
DA:543,719
DA:544,434
DA:546,434
DA:547,197
DA:550,434
DA:554,719
DA:558,918
DA:562,178
DA:563,178
DA:565,178
DA:566,178
DA:569,0
DA:572,1856
DA:573,464
DA:574,464
DA:575,464
DA:577,464
DA:578,464
DA:579,464
DA:583,459
DA:587,459
DA:591,737
DA:595,459
DA:596,0
DA:599,459
DA:603,719
DA:607,459
DA:608,459
DA:609,0
DA:612,459
DA:615,459
DA:624,1213
DA:653,459
DA:661,918
DA:662,459
DA:663,459
DA:667,2789
DA:671,459
DA:672,0
DA:675,459
DA:679,453
DA:683,5
DA:687,260
DA:691,0
DA:695,178
DA:699,5
DA:703,707
DA:707,81
DA:711,178
DA:715,0
DA:719,453
DA:728,453
DA:732,0
DA:740,0
DA:748,1377
DA:750,459
DA:754,2789
DA:758,459
DA:759,209
DA:762,459
DA:766,275
DA:770,0
DA:774,275
DA:778,275
DA:782,275
DA:786,0
DA:790,0
DA:794,0
DA:795,0
DA:796,0
LF:281
LH:209
BRDA:15,1,0,1
BRDA:15,1,1,1
BRDA:16,2,0,1
BRDA:16,2,1,1
BRDA:17,3,0,1
BRDA:17,3,1,1
BRDA:18,4,0,1
BRDA:18,4,1,1
BRDA:24,5,0,2
BRDA:24,5,1,0
BRDA:27,6,0,2
BRDA:27,6,1,0
BRDA:31,7,0,14
BRDA:31,7,1,12
BRDA:90,8,0,0
BRDA:90,8,1,197
BRDA:90,9,0,197
BRDA:90,9,1,197
BRDA:120,10,0,2
BRDA:120,10,1,0
BRDA:120,11,0,2
BRDA:120,11,1,2
BRDA:148,12,0,2
BRDA:148,12,1,237
BRDA:160,13,0,912
BRDA:160,13,1,454
BRDA:160,14,0,1366
BRDA:160,14,1,454
BRDA:166,15,0,1979
BRDA:166,15,1,0
BRDA:167,16,0,0
BRDA:167,16,1,1979
BRDA:179,17,0,0
BRDA:179,17,1,2484
BRDA:179,18,0,2484
BRDA:179,18,1,2484
BRDA:183,19,0,0
BRDA:183,19,1,2484
BRDA:190,20,0,459
BRDA:190,20,1,2025
BRDA:204,21,0,0
BRDA:204,21,1,0
BRDA:204,22,0,0
BRDA:204,22,1,0
BRDA:209,23,0,0
BRDA:209,23,1,1366
BRDA:222,24,0,0
BRDA:222,24,1,0
BRDA:223,25,0,0
BRDA:223,25,1,0
BRDA:250,26,0,459
BRDA:250,26,1,1
BRDA:250,27,0,460
BRDA:250,27,1,1
BRDA:255,28,0,0
BRDA:255,28,1,0
BRDA:257,29,0,0
BRDA:257,29,1,0
BRDA:257,30,0,0
BRDA:257,30,1,0
BRDA:265,31,0,0
BRDA:265,31,1,1
BRDA:265,32,0,1
BRDA:265,32,1,1
BRDA:269,33,0,0
BRDA:269,33,1,1
BRDA:273,34,0,1
BRDA:273,34,1,1
BRDA:283,35,0,0
BRDA:283,35,1,0
BRDA:283,36,0,0
BRDA:283,36,1,0
BRDA:288,37,0,0
BRDA:288,37,1,460
BRDA:301,38,0,0
BRDA:301,38,1,0
BRDA:302,39,0,0
BRDA:302,39,1,0
BRDA:325,40,0,0
BRDA:325,40,1,459
BRDA:325,41,0,459
BRDA:325,41,1,459
BRDA:339,42,0,459
BRDA:339,42,1,348
BRDA:350,43,0,0
BRDA:350,43,1,464
BRDA:356,44,0,113
BRDA:356,44,1,290
BRDA:356,44,2,290
BRDA:356,44,3,299
BRDA:356,44,4,464
BRDA:356,44,5,0
BRDA:371,45,0,459
BRDA:371,45,1,260
BRDA:375,46,0,458
BRDA:375,46,1,261
BRDA:383,47,0,1
BRDA:383,47,1,917
BRDA:393,48,0,0
BRDA:393,48,1,178
BRDA:427,49,0,8
BRDA:427,49,1,451
BRDA:448,50,0,2
BRDA:448,50,1,457
BRDA:448,51,0,459
BRDA:448,51,1,457
BRDA:468,52,0,459
BRDA:468,52,1,0
BRDA:472,53,0,0
BRDA:472,53,1,459
BRDA:476,54,0,0
BRDA:476,54,1,459
BRDA:487,55,0,494
BRDA:487,55,1,225
BRDA:491,56,0,2
BRDA:491,56,1,717
BRDA:491,57,0,719
BRDA:491,57,1,16
BRDA:495,58,0,0
BRDA:495,58,1,2
BRDA:505,59,0,0
BRDA:505,59,1,719
BRDA:509,60,0,719
BRDA:509,60,1,0
BRDA:513,61,0,4
BRDA:513,61,1,195
BRDA:513,61,2,0
BRDA:513,61,3,0
BRDA:513,61,4,285
BRDA:513,61,5,130
BRDA:513,61,6,105
BRDA:543,62,0,434
BRDA:543,62,1,285
BRDA:546,63,0,197
BRDA:546,63,1,237
BRDA:563,64,0,0
BRDA:563,64,1,178
BRDA:565,65,0,178
BRDA:565,65,1,0
BRDA:576,66,0,464
BRDA:576,66,1,0
BRDA:577,67,0,464
BRDA:577,67,1,0
BRDA:578,68,0,391
BRDA:578,68,1,73
BRDA:579,69,0,89
BRDA:579,69,1,375
BRDA:587,70,0,459
BRDA:587,70,1,0
BRDA:595,71,0,0
BRDA:595,71,1,459
BRDA:595,72,0,459
BRDA:595,72,1,8
BRDA:607,73,0,459
BRDA:607,73,1,0
BRDA:608,74,0,0
BRDA:608,74,1,459
BRDA:661,75,0,0
BRDA:661,75,1,459
BRDA:661,76,0,459
BRDA:661,76,1,459
BRDA:671,77,0,0
BRDA:671,77,1,459
BRDA:671,78,0,459
BRDA:671,78,1,459
BRDA:758,79,0,209
BRDA:758,79,1,250
BRDA:758,80,0,459
BRDA:758,80,1,459
BRF:169
BRH:113
end_of_record
TN:
SF:/now/mandala-js/src/requests/response.js
FN:37,ResponseConfig
FN:76,Response
FNF:2
FNH:2
FNDA:453,ResponseConfig
FNDA:453,Response
DA:1,1
DA:16,1
DA:17,1
DA:18,1
DA:24,1
DA:33,1
DA:37,906
DA:38,453
DA:44,453
DA:45,453
DA:46,453
DA:50,0
DA:54,453
DA:55,453
DA:58,453
DA:62,309
DA:66,453
DA:76,906
DA:77,453
DA:81,1220
DA:85,453
DA:86,0
DA:89,453
DA:93,911
DA:97,0
DA:101,0
DA:105,0
DA:109,309
DA:113,0
DA:117,0
DA:118,0
DA:121,0
DA:125,454
DA:131,1220
DA:135,453
DA:136,0
DA:139,453
DA:143,1
DA:144,0
DA:147,1
DA:148,1
DA:149,1
DA:150,1
DA:151,1
DA:153,1
DA:154,0
DA:155,1
DA:156,0
DA:157,1
DA:158,0
DA:159,1
DA:160,0
DA:161,1
DA:162,0
DA:163,1
DA:164,0
DA:165,1
DA:166,0
DA:167,1
DA:168,0
DA:169,1
DA:170,0
DA:171,1
DA:172,0
DA:173,1
DA:180,0
DA:181,1
DA:182,0
DA:185,1
LF:69
LH:46
BRDA:37,1,0,0
BRDA:37,1,1,453
BRDA:37,2,0,453
BRDA:37,2,1,453
BRDA:54,3,0,453
BRDA:54,3,1,0
BRDA:76,4,0,0
BRDA:76,4,1,453
BRDA:76,5,0,453
BRDA:76,5,1,453
BRDA:125,6,0,454
BRDA:125,6,1,454
BRDA:125,6,2,2
BRDA:85,7,0,0
BRDA:85,7,1,453
BRDA:85,8,0,453
BRDA:85,8,1,453
BRDA:117,9,0,0
BRDA:117,9,1,0
BRDA:135,10,0,0
BRDA:135,10,1,453
BRDA:135,11,0,453
BRDA:135,11,1,453
BRDA:143,12,0,0
BRDA:143,12,1,1
BRDA:147,13,0,1
BRDA:147,13,1,1
BRDA:148,14,0,1
BRDA:148,14,1,1
BRDA:149,15,0,1
BRDA:149,15,1,1
BRDA:153,16,0,0
BRDA:153,16,1,1
BRDA:155,17,0,0
BRDA:155,17,1,1
BRDA:157,18,0,0
BRDA:157,18,1,1
BRDA:159,19,0,0
BRDA:159,19,1,1
BRDA:161,20,0,0
BRDA:161,20,1,1
BRDA:163,21,0,0
BRDA:163,21,1,1
BRDA:165,22,0,0
BRDA:165,22,1,1
BRDA:167,23,0,0
BRDA:167,23,1,1
BRDA:169,24,0,0
BRDA:169,24,1,1
BRDA:171,25,0,0
BRDA:171,25,1,1
BRDA:173,26,0,0
BRDA:173,26,1,1
BRDA:173,27,0,1
BRDA:173,27,1,1
BRDA:173,27,2,1
BRDA:173,27,3,1
BRDA:173,27,4,1
BRDA:173,27,5,1
BRDA:173,27,6,1
BRDA:181,28,0,0
BRDA:181,28,1,1
BRF:62
BRH:42
end_of_record
TN:
SF:/now/mandala-js/src/utils/object.js
FN:7,nested
FN:26,isDefined
FN:33,use
FN:34,(anonymous_5)
FN:35,(anonymous_6)
FN:37,(anonymous_7)
FNF:6
FNH:2
FNDA:8,nested
FNDA:5,isDefined
FNDA:0,use
FNDA:0,(anonymous_5)
FNDA:0,(anonymous_6)
FNDA:0,(anonymous_7)
DA:1,1
DA:2,1
DA:8,8
DA:9,2
DA:10,2
DA:13,6
DA:14,6
DA:15,6
DA:16,9
DA:17,9
DA:20,6
DA:27,5
DA:34,0
DA:35,0
DA:36,0
DA:37,0
DA:38,0
LF:17
LH:12
BRDA:8,1,0,2
BRDA:8,1,1,6
BRDA:9,2,0,1
BRDA:9,2,1,1
BRDA:15,3,0,15
BRDA:15,3,1,9
BRDA:20,4,0,2
BRDA:20,4,1,4
BRDA:27,5,0,5
BRDA:27,5,1,4
BRDA:34,6,0,0
BRDA:34,6,1,0
BRDA:34,7,0,0
BRDA:34,7,1,0
BRDA:36,8,0,0
BRDA:36,8,1,0
BRF:16
BRH:10
end_of_record
TN:
SF:/now/mandala-js/src/utils/observable.js
FNF:0
FNH:0
DA:1,1
DA:2,1
DA:6,45
DA:10,79
LF:4
LH:4
BRF:0
BRH:0
end_of_record
TN:
SF:/now/mandala-js/src/utils/storage.js
FN:8,getActiveUser
FN:13,setActiveUser
FN:26,getActiveSocialIdentity
FN:31,setActiveSocialIdentity
FN:44,getSyncKey
FN:49,setSyncKey
FNF:6
FNH:4
FNDA:658,getActiveUser
FNDA:130,setActiveUser
FNDA:0,getActiveSocialIdentity
FNDA:0,setActiveSocialIdentity
FNDA:22,getSyncKey
FNDA:22,setSyncKey
DA:1,1
DA:2,1
DA:3,1
DA:5,1
DA:9,658
DA:14,130
DA:15,65
DA:16,65
DA:18,0
DA:22,65
DA:27,0
DA:32,0
DA:33,0
DA:34,0
DA:36,0
DA:40,0
DA:45,22
DA:50,22
DA:51,22
DA:52,22
DA:54,0
DA:58,0
LF:22
LH:13
BRDA:2,1,0,1
BRDA:2,1,1,1
BRDA:3,2,0,1
BRDA:3,2,1,1
BRDA:5,3,0,1
BRDA:5,3,1,1
BRDA:14,4,0,65
BRDA:14,4,1,65
BRDA:32,5,0,0
BRDA:32,5,1,0
BRDA:50,6,0,22
BRDA:50,6,1,0
BRF:12
BRH:9
end_of_record
TN:
SF:/now/mandala-js/src/utils/string.js
FN:3,randomString
FNF:1
FNH:1
FNDA:225,randomString
DA:1,1
DA:3,225
DA:4,225
LF:3
LH:3
BRDA:3,1,0,225
BRDA:3,1,1,0
BRDA:3,2,0,225
BRDA:3,2,1,0
BRF:4
BRH:2
end_of_record
